In file included from [01m[K/usr/include/c++/8/vector:64[m[K,
                 from [01m[K/usr/include/boost/math/special_functions/math_fwd.hpp:26[m[K,
                 from [01m[K/usr/include/boost/math/special_functions/round.hpp:15[m[K,
                 from [01m[K/opt/ros/noetic/include/ros/time.h:58[m[K,
                 from [01m[K/opt/ros/noetic/include/ros/ros.h:38[m[K,
                 from [01m[K/home/pi/catkin_ws/src/video_stream_opencv/src/video_stream.cpp:37[m[K:
[01m[K/usr/include/c++/8/bits/stl_vector.h:[m[K In member function ‘[01m[Kvoid std::vector<_Tp, _Alloc>::resize(std::vector<_Tp, _Alloc>::size_type, const value_type&) [with _Tp = double; _Alloc = std::allocator<double>][m[K’:
[01m[K/usr/include/c++/8/bits/stl_vector.h:847:4:[m[K [01;36m[Knote: [m[Kparameter passing for argument of type ‘[01m[K__gnu_cxx::__normal_iterator<double*, std::vector<double> >[m[K’ changed in GCC 7.1
    [01;36m[K_M_fill_insert[m[K(end(), __new_size - size(), __x);
    [01;36m[K^~~~~~~~~~~~~~[m[K
In file included from [01m[K/usr/include/c++/8/vector:69[m[K,
                 from [01m[K/usr/include/boost/math/special_functions/math_fwd.hpp:26[m[K,
                 from [01m[K/usr/include/boost/math/special_functions/round.hpp:15[m[K,
                 from [01m[K/opt/ros/noetic/include/ros/time.h:58[m[K,
                 from [01m[K/opt/ros/noetic/include/ros/ros.h:38[m[K,
                 from [01m[K/home/pi/catkin_ws/src/video_stream_opencv/src/video_stream.cpp:37[m[K:
[01m[K/usr/include/c++/8/bits/vector.tcc:[m[K In member function ‘[01m[Kvoid std::vector<_Tp, _Alloc>::_M_fill_insert(std::vector<_Tp, _Alloc>::iterator, std::vector<_Tp, _Alloc>::size_type, const value_type&) [with _Tp = double; _Alloc = std::allocator<double>][m[K’:
[01m[K/usr/include/c++/8/bits/vector.tcc:478:5:[m[K [01;36m[Knote: [m[Kparameter passing for argument of type ‘[01m[Kstd::vector<double>::iterator[m[K’ {aka ‘[01m[K__gnu_cxx::__normal_iterator<double*, std::vector<double> >[m[K’} changed in GCC 7.1
     [01;36m[Kvector<_Tp, _Alloc>[m[K::
     [01;36m[K^~~~~~~~~~~~~~~~~~~[m[K
In file included from [01m[K/usr/include/c++/8/deque:64[m[K,
                 from [01m[K/usr/include/boost/detail/container_fwd.hpp:91[m[K,
                 from [01m[K/usr/include/boost/container_hash/extensions.hpp:22[m[K,
                 from [01m[K/usr/include/boost/container_hash/hash.hpp:760[m[K,
                 from [01m[K/usr/include/boost/type_index/stl_type_index.hpp:43[m[K,
                 from [01m[K/usr/include/boost/type_index.hpp:29[m[K,
                 from [01m[K/usr/include/boost/function/function_base.hpp:21[m[K,
                 from [01m[K/usr/include/boost/function/detail/prologue.hpp:17[m[K,
                 from [01m[K/usr/include/boost/function.hpp:30[m[K,
                 from [01m[K/opt/ros/noetic/include/ros/forwards.h:40[m[K,
                 from [01m[K/opt/ros/noetic/include/ros/common.h:37[m[K,
                 from [01m[K/opt/ros/noetic/include/ros/ros.h:43[m[K,
                 from [01m[K/home/pi/catkin_ws/src/video_stream_opencv/src/video_stream.cpp:37[m[K:
[01m[K/usr/include/c++/8/bits/stl_deque.h:[m[K In copy constructor ‘[01m[Kstd::deque<_Tp, _Alloc>::deque(const std::deque<_Tp, _Alloc>&) [with _Tp = double; _Alloc = std::allocator<double>][m[K’:
[01m[K/usr/include/c++/8/bits/stl_deque.h:960:9:[m[K [01;36m[Knote: [m[Kparameter passing for argument of type ‘[01m[Kstd::_Deque_iterator<double, const double&, const double*>[m[K’ changed in GCC 7.1
       { [01;36m[Kstd[m[K::__uninitialized_copy_a(__x.begin(), __x.end(),
         [01;36m[K^~~[m[K
[01m[K/usr/include/c++/8/bits/stl_deque.h:960:9:[m[K [01;36m[Knote: [m[Kparameter passing for argument of type ‘[01m[Kstd::_Deque_iterator<double, const double&, const double*>[m[K’ changed in GCC 7.1
[01m[K/usr/include/c++/8/bits/stl_deque.h:960:9:[m[K [01;36m[Knote: [m[Kparameter passing for argument of type ‘[01m[Kstd::_Deque_iterator<double, const double&, const double*>[m[K’ changed in GCC 7.1
In file included from [01m[K/usr/include/c++/8/vector:63[m[K,
                 from [01m[K/usr/include/boost/math/special_functions/math_fwd.hpp:26[m[K,
                 from [01m[K/usr/include/boost/math/special_functions/round.hpp:15[m[K,
                 from [01m[K/opt/ros/noetic/include/ros/time.h:58[m[K,
                 from [01m[K/opt/ros/noetic/include/ros/ros.h:38[m[K,
                 from [01m[K/home/pi/catkin_ws/src/video_stream_opencv/src/video_stream.cpp:37[m[K:
[01m[K/usr/include/c++/8/bits/stl_uninitialized.h:[m[K In function ‘[01m[K_ForwardIterator std::__uninitialized_move_a(_InputIterator, _InputIterator, _ForwardIterator, _Allocator&) [with _InputIterator = double*; _ForwardIterator = double*; _Allocator = std::allocator<double>][m[K’:
[01m[K/usr/include/c++/8/bits/stl_uninitialized.h:297:41:[m[K [01;36m[Knote: [m[Kparameter passing for argument of type ‘[01m[Kstd::move_iterator<double*>[m[K’ changed in GCC 7.1
       return [01;36m[Kstd::__uninitialized_copy_a(_GLIBCXX_MAKE_MOVE_ITERATOR(__first),[m[K
              [01;36m[K~~~~~~~~~~~~~~~~~~~~~~~~~~~^~~~~~~~~~~~~~~~~~~~~~~~~~~~~~~~~~~~~~[m[K
 [01;36m[K      _GLIBCXX_MAKE_MOVE_ITERATOR(__last),[m[K
       [01;36m[K~~~~~~~~~~~~~~~~~~~~~~~~~~~~~~~~~~~~[m[K
 [01;36m[K      __result, __alloc)[m[K;
       [01;36m[K~~~~~~~~~~~~~~~~~~[m[K                 
[01m[K/usr/include/c++/8/bits/stl_uninitialized.h:[m[K In function ‘[01m[K_ForwardIterator std::__uninitialized_move_if_noexcept_a(_InputIterator, _InputIterator, _ForwardIterator, _Allocator&) [with _InputIterator = double*; _ForwardIterator = double*; _Allocator = std::allocator<double>][m[K’:
[01m[K/usr/include/c++/8/bits/stl_uninitialized.h:311:2:[m[K [01;36m[Knote: [m[Kparameter passing for argument of type ‘[01m[Kstd::move_iterator<double*>[m[K’ changed in GCC 7.1
       return [01;36m[Kstd::__uninitialized_copy_a[m[K
              [01;36m[K~~~~~~~~~~~~~~~~~~~~~~~~~~~[m[K
 [01;36m[K (_GLIBCXX_MAKE_MOVE_IF_NOEXCEPT_ITERATOR(__first),[m[K
  [01;36m[K^~~~~~~~~~~~~~~~~~~~~~~~~~~~~~~~~~~~~~~~~~~~~~~~~~[m[K
 [01;36m[K  _GLIBCXX_MAKE_MOVE_IF_NOEXCEPT_ITERATOR(__last), __result, __alloc)[m[K;
   [01;36m[K~~~~~~~~~~~~~~~~~~~~~~~~~~~~~~~~~~~~~~~~~~~~~~~~~~~~~~~~~~~~~~~~~~~[m[K
[01m[K/usr/include/c++/8/bits/stl_uninitialized.h:[m[K In function ‘[01m[K_ForwardIterator std::__uninitialized_copy_a(_InputIterator, _InputIterator, _ForwardIterator, std::allocator<_Tp>&) [with _InputIterator = std::_Deque_iterator<double, const double&, const double*>; _ForwardIterator = std::_Deque_iterator<double, double&, double*>; _Tp = double][m[K’:
[01m[K/usr/include/c++/8/bits/stl_uninitialized.h:287:5:[m[K [01;36m[Knote: [m[Kparameter passing for argument of type ‘[01m[Kstd::_Deque_iterator<double, const double&, const double*>[m[K’ changed in GCC 7.1
     [01;36m[K__uninitialized_copy_a[m[K(_InputIterator __first, _InputIterator __last,
     [01;36m[K^~~~~~~~~~~~~~~~~~~~~~[m[K
[01m[K/usr/include/c++/8/bits/stl_uninitialized.h:287:5:[m[K [01;36m[Knote: [m[Kparameter passing for argument of type ‘[01m[Kstd::_Deque_iterator<double, const double&, const double*>[m[K’ changed in GCC 7.1
[01m[K/usr/include/c++/8/bits/stl_uninitialized.h:289:63:[m[K [01;36m[Knote: [m[Kparameter passing for argument of type ‘[01m[Kstd::_Deque_iterator<double, const double&, const double*>[m[K’ changed in GCC 7.1
     { return std::uninitialized_copy(__first, __last, __result[01;36m[K)[m[K; }
                                                               [01;36m[K^[m[K
[01m[K/usr/include/c++/8/bits/stl_uninitialized.h:289:63:[m[K [01;36m[Knote: [m[Kparameter passing for argument of type ‘[01m[Kstd::_Deque_iterator<double, const double&, const double*>[m[K’ changed in GCC 7.1
[01m[K/usr/include/c++/8/bits/stl_uninitialized.h:289:63:[m[K [01;36m[Knote: [m[Kparameter passing for argument of type ‘[01m[Kstd::_Deque_iterator<double, const double&, const double*>[m[K’ changed in GCC 7.1
[01m[K/usr/include/c++/8/bits/stl_uninitialized.h:[m[K In function ‘[01m[K_ForwardIterator std::__uninitialized_copy_a(_InputIterator, _InputIterator, _ForwardIterator, std::allocator<_Tp>&) [with _InputIterator = std::move_iterator<double*>; _ForwardIterator = double*; _Tp = double][m[K’:
[01m[K/usr/include/c++/8/bits/stl_uninitialized.h:287:5:[m[K [01;36m[Knote: [m[Kparameter passing for argument of type ‘[01m[Kstd::move_iterator<double*>[m[K’ changed in GCC 7.1
     [01;36m[K__uninitialized_copy_a[m[K(_InputIterator __first, _InputIterator __last,
     [01;36m[K^~~~~~~~~~~~~~~~~~~~~~[m[K
[01m[K/usr/include/c++/8/bits/stl_uninitialized.h:287:5:[m[K [01;36m[Knote: [m[Kparameter passing for argument of type ‘[01m[Kstd::move_iterator<double*>[m[K’ changed in GCC 7.1
[01m[K/usr/include/c++/8/bits/stl_uninitialized.h:289:37:[m[K [01;36m[Knote: [m[Kparameter passing for argument of type ‘[01m[Kstd::move_iterator<double*>[m[K’ changed in GCC 7.1
     { return [01;36m[Kstd::uninitialized_copy(__first, __last, __result)[m[K; }
              [01;36m[K~~~~~~~~~~~~~~~~~~~~~~~^~~~~~~~~~~~~~~~~~~~~~~~~~~[m[K
[01m[K/usr/include/c++/8/bits/stl_uninitialized.h:[m[K In function ‘[01m[K_ForwardIterator std::uninitialized_copy(_InputIterator, _InputIterator, _ForwardIterator) [with _InputIterator = std::_Deque_iterator<double, const double&, const double*>; _ForwardIterator = std::_Deque_iterator<double, double&, double*>][m[K’:
[01m[K/usr/include/c++/8/bits/stl_uninitialized.h:115:5:[m[K [01;36m[Knote: [m[Kparameter passing for argument of type ‘[01m[Kstd::_Deque_iterator<double, const double&, const double*>[m[K’ changed in GCC 7.1
     [01;36m[Kuninitialized_copy[m[K(_InputIterator __first, _InputIterator __last,
     [01;36m[K^~~~~~~~~~~~~~~~~~[m[K
[01m[K/usr/include/c++/8/bits/stl_uninitialized.h:115:5:[m[K [01;36m[Knote: [m[Kparameter passing for argument of type ‘[01m[Kstd::_Deque_iterator<double, const double&, const double*>[m[K’ changed in GCC 7.1
[01m[K/usr/include/c++/8/bits/stl_uninitialized.h:134:41:[m[K [01;36m[Knote: [m[Kparameter passing for argument of type ‘[01m[Kstd::_Deque_iterator<double, const double&, const double*>[m[K’ changed in GCC 7.1
  __uninit_copy(__first, __last, __result[01;36m[K)[m[K;
                                         [01;36m[K^[m[K
[01m[K/usr/include/c++/8/bits/stl_uninitialized.h:134:41:[m[K [01;36m[Knote: [m[Kparameter passing for argument of type ‘[01m[Kstd::_Deque_iterator<double, const double&, const double*>[m[K’ changed in GCC 7.1
[01m[K/usr/include/c++/8/bits/stl_uninitialized.h:134:41:[m[K [01;36m[Knote: [m[Kparameter passing for argument of type ‘[01m[Kstd::_Deque_iterator<double, const double&, const double*>[m[K’ changed in GCC 7.1
[01m[K/usr/include/c++/8/bits/stl_uninitialized.h:[m[K In function ‘[01m[K_ForwardIterator std::uninitialized_copy(_InputIterator, _InputIterator, _ForwardIterator) [with _InputIterator = std::move_iterator<double*>; _ForwardIterator = double*][m[K’:
[01m[K/usr/include/c++/8/bits/stl_uninitialized.h:115:5:[m[K [01;36m[Knote: [m[Kparameter passing for argument of type ‘[01m[Kstd::move_iterator<double*>[m[K’ changed in GCC 7.1
     [01;36m[Kuninitialized_copy[m[K(_InputIterator __first, _InputIterator __last,
     [01;36m[K^~~~~~~~~~~~~~~~~~[m[K
[01m[K/usr/include/c++/8/bits/stl_uninitialized.h:115:5:[m[K [01;36m[Knote: [m[Kparameter passing for argument of type ‘[01m[Kstd::move_iterator<double*>[m[K’ changed in GCC 7.1
[01m[K/usr/include/c++/8/bits/stl_uninitialized.h:134:15:[m[K [01;36m[Knote: [m[Kparameter passing for argument of type ‘[01m[Kstd::move_iterator<double*>[m[K’ changed in GCC 7.1
       return [01;36m[Kstd::__uninitialized_copy<__is_trivial(_ValueType1)[m[K
              [01;36m[K~~~~~~~~~~~~~~~~~~~~~~~~~~~~~~~~~~~~~~~~~~~~~~~~~~~[m[K
 [01;36m[K           && __is_trivial(_ValueType2)[m[K
            [01;36m[K~~~~~~~~~~~~~~~~~~~~~~~~~~~~[m[K
 [01;36m[K           && __assignable>::[m[K
            [01;36m[K~~~~~~~~~~~~~~~~~~[m[K
 [01;36m[K __uninit_copy(__first, __last, __result)[m[K;
  [01;36m[K~~~~~~~~~~~~~^~~~~~~~~~~~~~~~~~~~~~~~~~~[m[K
[01m[K/usr/include/c++/8/bits/stl_uninitialized.h:[m[K In static member function ‘[01m[Kstatic _ForwardIterator std::__uninitialized_copy<true>::__uninit_copy(_InputIterator, _InputIterator, _ForwardIterator) [with _InputIterator = std::_Deque_iterator<double, const double&, const double*>; _ForwardIterator = std::_Deque_iterator<double, double&, double*>][m[K’:
[01m[K/usr/include/c++/8/bits/stl_uninitialized.h:99:9:[m[K [01;36m[Knote: [m[Kparameter passing for argument of type ‘[01m[Kstd::_Deque_iterator<double, const double&, const double*>[m[K’ changed in GCC 7.1
         [01;36m[K__uninit_copy[m[K(_InputIterator __first, _InputIterator __last,
         [01;36m[K^~~~~~~~~~~~~[m[K
[01m[K/usr/include/c++/8/bits/stl_uninitialized.h:99:9:[m[K [01;36m[Knote: [m[Kparameter passing for argument of type ‘[01m[Kstd::_Deque_iterator<double, const double&, const double*>[m[K’ changed in GCC 7.1
[01m[K/usr/include/c++/8/bits/stl_uninitialized.h:101:53:[m[K [01;36m[Knote: [m[Kparameter passing for argument of type ‘[01m[Kstd::_Deque_iterator<double, const double&, const double*>[m[K’ changed in GCC 7.1
         { return std::copy(__first, __last, __result[01;36m[K)[m[K; }
                                                     [01;36m[K^[m[K
[01m[K/usr/include/c++/8/bits/stl_uninitialized.h:101:53:[m[K [01;36m[Knote: [m[Kparameter passing for argument of type ‘[01m[Kstd::_Deque_iterator<double, const double&, const double*>[m[K’ changed in GCC 7.1
[01m[K/usr/include/c++/8/bits/stl_uninitialized.h:101:53:[m[K [01;36m[Knote: [m[Kparameter passing for argument of type ‘[01m[Kstd::_Deque_iterator<double, const double&, const double*>[m[K’ changed in GCC 7.1
[01m[K/usr/include/c++/8/bits/stl_uninitialized.h:[m[K In static member function ‘[01m[Kstatic _ForwardIterator std::__uninitialized_copy<true>::__uninit_copy(_InputIterator, _InputIterator, _ForwardIterator) [with _InputIterator = std::move_iterator<double*>; _ForwardIterator = double*][m[K’:
[01m[K/usr/include/c++/8/bits/stl_uninitialized.h:99:9:[m[K [01;36m[Knote: [m[Kparameter passing for argument of type ‘[01m[Kstd::move_iterator<double*>[m[K’ changed in GCC 7.1
         [01;36m[K__uninit_copy[m[K(_InputIterator __first, _InputIterator __last,
         [01;36m[K^~~~~~~~~~~~~[m[K
[01m[K/usr/include/c++/8/bits/stl_uninitialized.h:99:9:[m[K [01;36m[Knote: [m[Kparameter passing for argument of type ‘[01m[Kstd::move_iterator<double*>[m[K’ changed in GCC 7.1
[01m[K/usr/include/c++/8/bits/stl_uninitialized.h:101:27:[m[K [01;36m[Knote: [m[Kparameter passing for argument of type ‘[01m[Kstd::move_iterator<double*>[m[K’ changed in GCC 7.1
         { return [01;36m[Kstd::copy(__first, __last, __result)[m[K; }
                  [01;36m[K~~~~~~~~~^~~~~~~~~~~~~~~~~~~~~~~~~~~[m[K
In file included from [01m[K/usr/include/c++/8/bits/char_traits.h:39[m[K,
                 from [01m[K/usr/include/c++/8/string:40[m[K,
                 from [01m[K/opt/ros/noetic/include/ros/platform.h:38[m[K,
                 from [01m[K/opt/ros/noetic/include/ros/time.h:53[m[K,
                 from [01m[K/opt/ros/noetic/include/ros/ros.h:38[m[K,
                 from [01m[K/home/pi/catkin_ws/src/video_stream_opencv/src/video_stream.cpp:37[m[K:
[01m[K/usr/include/c++/8/bits/stl_algobase.h:[m[K In function ‘[01m[K_OI std::copy(_II, _II, _OI) [with _II = std::_Deque_iterator<double, const double&, const double*>; _OI = std::_Deque_iterator<double, double&, double*>][m[K’:
[01m[K/usr/include/c++/8/bits/stl_algobase.h:446:5:[m[K [01;36m[Knote: [m[Kparameter passing for argument of type ‘[01m[Kstd::_Deque_iterator<double, const double&, const double*>[m[K’ changed in GCC 7.1
     [01;36m[Kcopy[m[K(_II __first, _II __last, _OI __result)
     [01;36m[K^~~~[m[K
[01m[K/usr/include/c++/8/bits/stl_algobase.h:446:5:[m[K [01;36m[Knote: [m[Kparameter passing for argument of type ‘[01m[Kstd::_Deque_iterator<double, const double&, const double*>[m[K’ changed in GCC 7.1
[01m[K/usr/include/c++/8/bits/stl_algobase.h:456:18:[m[K [01;36m[Knote: [m[Kparameter passing for argument of type ‘[01m[Kstd::_Deque_iterator<double, const double&, const double*>[m[K’ changed in GCC 7.1
         __result)[01;36m[K)[m[K;
                  [01;36m[K^[m[K
[01m[K/usr/include/c++/8/bits/stl_algobase.h:456:18:[m[K [01;36m[Knote: [m[Kparameter passing for argument of type ‘[01m[Kstd::_Deque_iterator<double, const double&, const double*>[m[K’ changed in GCC 7.1
[01m[K/usr/include/c++/8/bits/stl_algobase.h:456:18:[m[K [01;36m[Knote: [m[Kparameter passing for argument of type ‘[01m[Kstd::_Deque_iterator<double, const double&, const double*>[m[K’ changed in GCC 7.1
[01m[K/usr/include/c++/8/bits/stl_algobase.h:456:18:[m[K [01;36m[Knote: [m[Kparameter passing for argument of type ‘[01m[Kstd::_Deque_iterator<double, const double&, const double*>[m[K’ changed in GCC 7.1
[01m[K/usr/include/c++/8/bits/stl_algobase.h:456:18:[m[K [01;36m[Knote: [m[Kparameter passing for argument of type ‘[01m[Kstd::_Deque_iterator<double, const double&, const double*>[m[K’ changed in GCC 7.1
[01m[K/usr/include/c++/8/bits/stl_algobase.h:456:18:[m[K [01;36m[Knote: [m[Kparameter passing for argument of type ‘[01m[Kstd::_Deque_iterator<double, const double&, const double*>[m[K’ changed in GCC 7.1
[01m[K/usr/include/c++/8/bits/stl_algobase.h:456:18:[m[K [01;36m[Knote: [m[Kparameter passing for argument of type ‘[01m[Kstd::_Deque_iterator<double, const double&, const double*>[m[K’ changed in GCC 7.1
[01m[K/usr/include/c++/8/bits/stl_algobase.h:[m[K In function ‘[01m[K_OI std::copy(_II, _II, _OI) [with _II = std::move_iterator<double*>; _OI = double*][m[K’:
[01m[K/usr/include/c++/8/bits/stl_algobase.h:446:5:[m[K [01;36m[Knote: [m[Kparameter passing for argument of type ‘[01m[Kstd::move_iterator<double*>[m[K’ changed in GCC 7.1
     [01;36m[Kcopy[m[K(_II __first, _II __last, _OI __result)
     [01;36m[K^~~~[m[K
[01m[K/usr/include/c++/8/bits/stl_algobase.h:446:5:[m[K [01;36m[Knote: [m[Kparameter passing for argument of type ‘[01m[Kstd::move_iterator<double*>[m[K’ changed in GCC 7.1
In file included from [01m[K/usr/include/c++/8/bits/stl_algobase.h:61[m[K,
                 from [01m[K/usr/include/c++/8/bits/char_traits.h:39[m[K,
                 from [01m[K/usr/include/c++/8/string:40[m[K,
                 from [01m[K/opt/ros/noetic/include/ros/platform.h:38[m[K,
                 from [01m[K/opt/ros/noetic/include/ros/time.h:53[m[K,
                 from [01m[K/opt/ros/noetic/include/ros/ros.h:38[m[K,
                 from [01m[K/home/pi/catkin_ws/src/video_stream_opencv/src/video_stream.cpp:37[m[K:
[01m[K/usr/include/c++/8/bits/cpp_type_traits.h:[m[K In function ‘[01m[K_Iterator std::__miter_base(_Iterator) [with _Iterator = std::_Deque_iterator<double, const double&, const double*>][m[K’:
[01m[K/usr/include/c++/8/bits/cpp_type_traits.h:419:5:[m[K [01;36m[Knote: [m[Kparameter passing for argument of type ‘[01m[Kstd::_Deque_iterator<double, const double&, const double*>[m[K’ changed in GCC 7.1
     [01;36m[K__miter_base[m[K(_Iterator __it)
     [01;36m[K^~~~~~~~~~~~[m[K
In file included from [01m[K/usr/include/c++/8/bits/char_traits.h:39[m[K,
                 from [01m[K/usr/include/c++/8/string:40[m[K,
                 from [01m[K/opt/ros/noetic/include/ros/platform.h:38[m[K,
                 from [01m[K/opt/ros/noetic/include/ros/time.h:53[m[K,
                 from [01m[K/opt/ros/noetic/include/ros/ros.h:38[m[K,
                 from [01m[K/home/pi/catkin_ws/src/video_stream_opencv/src/video_stream.cpp:37[m[K:
[01m[K/usr/include/c++/8/bits/stl_algobase.h:[m[K In function ‘[01m[K_OI std::__copy_move_a2(_II, _II, _OI) [with bool _IsMove = false; _II = std::_Deque_iterator<double, const double&, const double*>; _OI = std::_Deque_iterator<double, double&, double*>][m[K’:
[01m[K/usr/include/c++/8/bits/stl_algobase.h:420:5:[m[K [01;36m[Knote: [m[Kparameter passing for argument of type ‘[01m[Kstd::_Deque_iterator<double, const double&, const double*>[m[K’ changed in GCC 7.1
     [01;36m[K__copy_move_a2[m[K(_II __first, _II __last, _OI __result)
     [01;36m[K^~~~~~~~~~~~~~[m[K
[01m[K/usr/include/c++/8/bits/stl_algobase.h:420:5:[m[K [01;36m[Knote: [m[Kparameter passing for argument of type ‘[01m[Kstd::_Deque_iterator<double, const double&, const double*>[m[K’ changed in GCC 7.1
[01m[K/usr/include/c++/8/bits/stl_algobase.h:424:39:[m[K [01;36m[Knote: [m[Kparameter passing for argument of type ‘[01m[Kstd::_Deque_iterator<double, const double&, const double*>[m[K’ changed in GCC 7.1
           std::__niter_base(__result))[01;36m[K)[m[K;
                                       [01;36m[K^[m[K
[01m[K/usr/include/c++/8/bits/stl_algobase.h:424:39:[m[K [01;36m[Knote: [m[Kparameter passing for argument of type ‘[01m[Kstd::_Deque_iterator<double, const double&, const double*>[m[K’ changed in GCC 7.1
[01m[K/usr/include/c++/8/bits/stl_algobase.h:424:39:[m[K [01;36m[Knote: [m[Kparameter passing for argument of type ‘[01m[Kstd::_Deque_iterator<double, const double&, const double*>[m[K’ changed in GCC 7.1
[01m[K/usr/include/c++/8/bits/stl_algobase.h:424:39:[m[K [01;36m[Knote: [m[Kparameter passing for argument of type ‘[01m[Kstd::_Deque_iterator<double, const double&, const double*>[m[K’ changed in GCC 7.1
[01m[K/usr/include/c++/8/bits/stl_algobase.h:424:39:[m[K [01;36m[Knote: [m[Kparameter passing for argument of type ‘[01m[Kstd::_Deque_iterator<double, const double&, const double*>[m[K’ changed in GCC 7.1
[01m[K/usr/include/c++/8/bits/stl_algobase.h:424:39:[m[K [01;36m[Knote: [m[Kparameter passing for argument of type ‘[01m[Kstd::_Deque_iterator<double, const double&, const double*>[m[K’ changed in GCC 7.1
[01m[K/usr/include/c++/8/bits/stl_algobase.h:424:39:[m[K [01;36m[Knote: [m[Kparameter passing for argument of type ‘[01m[Kstd::_Deque_iterator<double, const double&, const double*>[m[K’ changed in GCC 7.1
In file included from [01m[K/usr/include/c++/8/bits/stl_algobase.h:67[m[K,
                 from [01m[K/usr/include/c++/8/bits/char_traits.h:39[m[K,
                 from [01m[K/usr/include/c++/8/string:40[m[K,
                 from [01m[K/opt/ros/noetic/include/ros/platform.h:38[m[K,
                 from [01m[K/opt/ros/noetic/include/ros/time.h:53[m[K,
                 from [01m[K/opt/ros/noetic/include/ros/ros.h:38[m[K,
                 from [01m[K/home/pi/catkin_ws/src/video_stream_opencv/src/video_stream.cpp:37[m[K:
[01m[K/usr/include/c++/8/bits/stl_iterator.h:[m[K In function ‘[01m[Kdecltype (std::__miter_base(__it.base())) std::__miter_base(std::move_iterator<_IteratorL>) [with _Iterator = double*][m[K’:
[01m[K/usr/include/c++/8/bits/stl_iterator.h:1238:5:[m[K [01;36m[Knote: [m[Kparameter passing for argument of type ‘[01m[Kstd::move_iterator<double*>[m[K’ changed in GCC 7.1
     [01;36m[K__miter_base[m[K(move_iterator<_Iterator> __it)
     [01;36m[K^~~~~~~~~~~~[m[K
In file included from [01m[K/usr/include/c++/8/bits/char_traits.h:39[m[K,
                 from [01m[K/usr/include/c++/8/string:40[m[K,
                 from [01m[K/opt/ros/noetic/include/ros/platform.h:38[m[K,
                 from [01m[K/opt/ros/noetic/include/ros/time.h:53[m[K,
                 from [01m[K/opt/ros/noetic/include/ros/ros.h:38[m[K,
                 from [01m[K/home/pi/catkin_ws/src/video_stream_opencv/src/video_stream.cpp:37[m[K:
[01m[K/usr/include/c++/8/bits/stl_algobase.h:[m[K In function ‘[01m[K_Iterator std::__niter_base(_Iterator) [with _Iterator = std::_Deque_iterator<double, const double&, const double*>][m[K’:
[01m[K/usr/include/c++/8/bits/stl_algobase.h:277:5:[m[K [01;36m[Knote: [m[Kparameter passing for argument of type ‘[01m[Kstd::_Deque_iterator<double, const double&, const double*>[m[K’ changed in GCC 7.1
     [01;36m[K__niter_base[m[K(_Iterator __it)
     [01;36m[K^~~~~~~~~~~~[m[K
[01m[K/usr/include/c++/8/bits/stl_algobase.h:[m[K In function ‘[01m[K_OI std::__copy_move_a(_II, _II, _OI) [with bool _IsMove = false; _II = std::_Deque_iterator<double, const double&, const double*>; _OI = std::_Deque_iterator<double, double&, double*>][m[K’:
[01m[K/usr/include/c++/8/bits/stl_algobase.h:375:5:[m[K [01;36m[Knote: [m[Kparameter passing for argument of type ‘[01m[Kstd::_Deque_iterator<double, const double&, const double*>[m[K’ changed in GCC 7.1
     [01;36m[K__copy_move_a[m[K(_II __first, _II __last, _OI __result)
     [01;36m[K^~~~~~~~~~~~~[m[K
[01m[K/usr/include/c++/8/bits/stl_algobase.h:375:5:[m[K [01;36m[Knote: [m[Kparameter passing for argument of type ‘[01m[Kstd::_Deque_iterator<double, const double&, const double*>[m[K’ changed in GCC 7.1
[01m[K/usr/include/c++/8/bits/stl_algobase.h:386:56:[m[K [01;36m[Knote: [m[Kparameter passing for argument of type ‘[01m[Kstd::_Deque_iterator<double, const double&, const double*>[m[K’ changed in GCC 7.1
          _Category>::__copy_m(__first, __last, __result[01;36m[K)[m[K;
                                                        [01;36m[K^[m[K
[01m[K/usr/include/c++/8/bits/stl_algobase.h:386:56:[m[K [01;36m[Knote: [m[Kparameter passing for argument of type ‘[01m[Kstd::_Deque_iterator<double, const double&, const double*>[m[K’ changed in GCC 7.1
[01m[K/usr/include/c++/8/bits/stl_algobase.h:386:56:[m[K [01;36m[Knote: [m[Kparameter passing for argument of type ‘[01m[Kstd::_Deque_iterator<double, const double&, const double*>[m[K’ changed in GCC 7.1
[01m[K/usr/include/c++/8/bits/stl_algobase.h:[m[K In static member function ‘[01m[Kstatic _OI std::__copy_move<false, false, std::random_access_iterator_tag>::__copy_m(_II, _II, _OI) [with _II = std::_Deque_iterator<double, const double&, const double*>; _OI = std::_Deque_iterator<double, double&, double*>][m[K’:
[01m[K/usr/include/c++/8/bits/stl_algobase.h:319:2:[m[K [01;36m[Knote: [m[Kparameter passing for argument of type ‘[01m[Kstd::_Deque_iterator<double, const double&, const double*>[m[K’ changed in GCC 7.1
  [01;36m[K__copy_m[m[K(_II __first, _II __last, _OI __result)
  [01;36m[K^~~~~~~~[m[K
[01m[K/usr/include/c++/8/bits/stl_algobase.h:319:2:[m[K [01;36m[Knote: [m[Kparameter passing for argument of type ‘[01m[Kstd::_Deque_iterator<double, const double&, const double*>[m[K’ changed in GCC 7.1
In file included from [01m[K/usr/include/c++/8/vector:69[m[K,
                 from [01m[K/usr/include/boost/math/special_functions/math_fwd.hpp:26[m[K,
                 from [01m[K/usr/include/boost/math/special_functions/round.hpp:15[m[K,
                 from [01m[K/opt/ros/noetic/include/ros/time.h:58[m[K,
                 from [01m[K/opt/ros/noetic/include/ros/ros.h:38[m[K,
                 from [01m[K/home/pi/catkin_ws/src/video_stream_opencv/src/video_stream.cpp:37[m[K:
[01m[K/usr/include/c++/8/bits/vector.tcc:[m[K In member function ‘[01m[Kvoid std::vector<_Tp, _Alloc>::emplace_back(_Args&& ...) [with _Args = {dynamic_reconfigure::DoubleParameter_<std::allocator<void> >}; _Tp = dynamic_reconfigure::DoubleParameter_<std::allocator<void> >; _Alloc = std::allocator<dynamic_reconfigure::DoubleParameter_<std::allocator<void> > >][m[K’:
[01m[K/usr/include/c++/8/bits/vector.tcc:109:4:[m[K [01;36m[Knote: [m[Kparameter passing for argument of type ‘[01m[K__gnu_cxx::__normal_iterator<dynamic_reconfigure::DoubleParameter_<std::allocator<void> >*, std::vector<dynamic_reconfigure::DoubleParameter_<std::allocator<void> >, std::allocator<dynamic_reconfigure::DoubleParameter_<std::allocator<void> > > > >[m[K’ changed in GCC 7.1
    [01;36m[K_M_realloc_insert[m[K(end(), std::forward<_Args>(__args)...);
    [01;36m[K^~~~~~~~~~~~~~~~~[m[K
[01m[K/usr/include/c++/8/bits/vector.tcc:[m[K In member function ‘[01m[Kvoid std::vector<_Tp, _Alloc>::_M_realloc_insert(std::vector<_Tp, _Alloc>::iterator, _Args&& ...) [with _Args = {dynamic_reconfigure::DoubleParameter_<std::allocator<void> >}; _Tp = dynamic_reconfigure::DoubleParameter_<std::allocator<void> >; _Alloc = std::allocator<dynamic_reconfigure::DoubleParameter_<std::allocator<void> > >][m[K’:
[01m[K/usr/include/c++/8/bits/vector.tcc:413:7:[m[K [01;36m[Knote: [m[Kparameter passing for argument of type ‘[01m[Kstd::vector<dynamic_reconfigure::DoubleParameter_<std::allocator<void> >, std::allocator<dynamic_reconfigure::DoubleParameter_<std::allocator<void> > > >::iterator[m[K’ {aka ‘[01m[K__gnu_cxx::__normal_iterator<dynamic_reconfigure::DoubleParameter_<std::allocator<void> >*, std::vector<dynamic_reconfigure::DoubleParameter_<std::allocator<void> >, std::allocator<dynamic_reconfigure::DoubleParameter_<std::allocator<void> > > > >[m[K’} changed in GCC 7.1
       [01;36m[Kvector<_Tp, _Alloc>[m[K::
       [01;36m[K^~~~~~~~~~~~~~~~~~~[m[K
In file included from [01m[K/usr/include/c++/8/vector:63[m[K,
                 from [01m[K/usr/include/boost/math/special_functions/math_fwd.hpp:26[m[K,
                 from [01m[K/usr/include/boost/math/special_functions/round.hpp:15[m[K,
                 from [01m[K/opt/ros/noetic/include/ros/time.h:58[m[K,
                 from [01m[K/opt/ros/noetic/include/ros/ros.h:38[m[K,
                 from [01m[K/home/pi/catkin_ws/src/video_stream_opencv/src/video_stream.cpp:37[m[K:
[01m[K/usr/include/c++/8/bits/stl_uninitialized.h:[m[K In function ‘[01m[K_ForwardIterator std::__uninitialized_move_if_noexcept_a(_InputIterator, _InputIterator, _ForwardIterator, _Allocator&) [with _InputIterator = dynamic_reconfigure::DoubleParameter_<std::allocator<void> >*; _ForwardIterator = dynamic_reconfigure::DoubleParameter_<std::allocator<void> >*; _Allocator = std::allocator<dynamic_reconfigure::DoubleParameter_<std::allocator<void> > >][m[K’:
[01m[K/usr/include/c++/8/bits/stl_uninitialized.h:311:2:[m[K [01;36m[Knote: [m[Kparameter passing for argument of type ‘[01m[Kstd::move_iterator<dynamic_reconfigure::DoubleParameter_<std::allocator<void> >*>[m[K’ changed in GCC 7.1
       return [01;36m[Kstd::__uninitialized_copy_a[m[K
              [01;36m[K~~~~~~~~~~~~~~~~~~~~~~~~~~~[m[K
 [01;36m[K (_GLIBCXX_MAKE_MOVE_IF_NOEXCEPT_ITERATOR(__first),[m[K
  [01;36m[K^~~~~~~~~~~~~~~~~~~~~~~~~~~~~~~~~~~~~~~~~~~~~~~~~~[m[K
 [01;36m[K  _GLIBCXX_MAKE_MOVE_IF_NOEXCEPT_ITERATOR(__last), __result, __alloc)[m[K;
   [01;36m[K~~~~~~~~~~~~~~~~~~~~~~~~~~~~~~~~~~~~~~~~~~~~~~~~~~~~~~~~~~~~~~~~~~~[m[K
[01m[K/usr/include/c++/8/bits/stl_uninitialized.h:[m[K In function ‘[01m[K_ForwardIterator std::__uninitialized_copy_a(_InputIterator, _InputIterator, _ForwardIterator, std::allocator<_Tp>&) [with _InputIterator = std::move_iterator<dynamic_reconfigure::DoubleParameter_<std::allocator<void> >*>; _ForwardIterator = dynamic_reconfigure::DoubleParameter_<std::allocator<void> >*; _Tp = dynamic_reconfigure::DoubleParameter_<std::allocator<void> >][m[K’:
[01m[K/usr/include/c++/8/bits/stl_uninitialized.h:287:5:[m[K [01;36m[Knote: [m[Kparameter passing for argument of type ‘[01m[Kstd::move_iterator<dynamic_reconfigure::DoubleParameter_<std::allocator<void> >*>[m[K’ changed in GCC 7.1
     [01;36m[K__uninitialized_copy_a[m[K(_InputIterator __first, _InputIterator __last,
     [01;36m[K^~~~~~~~~~~~~~~~~~~~~~[m[K
[01m[K/usr/include/c++/8/bits/stl_uninitialized.h:287:5:[m[K [01;36m[Knote: [m[Kparameter passing for argument of type ‘[01m[Kstd::move_iterator<dynamic_reconfigure::DoubleParameter_<std::allocator<void> >*>[m[K’ changed in GCC 7.1
[01m[K/usr/include/c++/8/bits/stl_uninitialized.h:289:37:[m[K [01;36m[Knote: [m[Kparameter passing for argument of type ‘[01m[Kstd::move_iterator<dynamic_reconfigure::DoubleParameter_<std::allocator<void> >*>[m[K’ changed in GCC 7.1
     { return [01;36m[Kstd::uninitialized_copy(__first, __last, __result)[m[K; }
              [01;36m[K~~~~~~~~~~~~~~~~~~~~~~~^~~~~~~~~~~~~~~~~~~~~~~~~~~[m[K
[01m[K/usr/include/c++/8/bits/stl_uninitialized.h:[m[K In function ‘[01m[K_ForwardIterator std::uninitialized_copy(_InputIterator, _InputIterator, _ForwardIterator) [with _InputIterator = std::move_iterator<dynamic_reconfigure::DoubleParameter_<std::allocator<void> >*>; _ForwardIterator = dynamic_reconfigure::DoubleParameter_<std::allocator<void> >*][m[K’:
[01m[K/usr/include/c++/8/bits/stl_uninitialized.h:115:5:[m[K [01;36m[Knote: [m[Kparameter passing for argument of type ‘[01m[Kstd::move_iterator<dynamic_reconfigure::DoubleParameter_<std::allocator<void> >*>[m[K’ changed in GCC 7.1
     [01;36m[Kuninitialized_copy[m[K(_InputIterator __first, _InputIterator __last,
     [01;36m[K^~~~~~~~~~~~~~~~~~[m[K
[01m[K/usr/include/c++/8/bits/stl_uninitialized.h:115:5:[m[K [01;36m[Knote: [m[Kparameter passing for argument of type ‘[01m[Kstd::move_iterator<dynamic_reconfigure::DoubleParameter_<std::allocator<void> >*>[m[K’ changed in GCC 7.1
[01m[K/usr/include/c++/8/bits/stl_uninitialized.h:134:15:[m[K [01;36m[Knote: [m[Kparameter passing for argument of type ‘[01m[Kstd::move_iterator<dynamic_reconfigure::DoubleParameter_<std::allocator<void> >*>[m[K’ changed in GCC 7.1
       return [01;36m[Kstd::__uninitialized_copy<__is_trivial(_ValueType1)[m[K
              [01;36m[K~~~~~~~~~~~~~~~~~~~~~~~~~~~~~~~~~~~~~~~~~~~~~~~~~~~[m[K
 [01;36m[K           && __is_trivial(_ValueType2)[m[K
            [01;36m[K~~~~~~~~~~~~~~~~~~~~~~~~~~~~[m[K
 [01;36m[K           && __assignable>::[m[K
            [01;36m[K~~~~~~~~~~~~~~~~~~[m[K
 [01;36m[K __uninit_copy(__first, __last, __result)[m[K;
  [01;36m[K~~~~~~~~~~~~~^~~~~~~~~~~~~~~~~~~~~~~~~~~[m[K
[01m[K/usr/include/c++/8/bits/stl_uninitialized.h:[m[K In static member function ‘[01m[Kstatic _ForwardIterator std::__uninitialized_copy<_TrivialValueTypes>::__uninit_copy(_InputIterator, _InputIterator, _ForwardIterator) [with _InputIterator = std::move_iterator<dynamic_reconfigure::DoubleParameter_<std::allocator<void> >*>; _ForwardIterator = dynamic_reconfigure::DoubleParameter_<std::allocator<void> >*; bool _TrivialValueTypes = false][m[K’:
[01m[K/usr/include/c++/8/bits/stl_uninitialized.h:76:9:[m[K [01;36m[Knote: [m[Kparameter passing for argument of type ‘[01m[Kstd::move_iterator<dynamic_reconfigure::DoubleParameter_<std::allocator<void> >*>[m[K’ changed in GCC 7.1
         [01;36m[K__uninit_copy[m[K(_InputIterator __first, _InputIterator __last,
         [01;36m[K^~~~~~~~~~~~~[m[K
[01m[K/usr/include/c++/8/bits/stl_uninitialized.h:76:9:[m[K [01;36m[Knote: [m[Kparameter passing for argument of type ‘[01m[Kstd::move_iterator<dynamic_reconfigure::DoubleParameter_<std::allocator<void> >*>[m[K’ changed in GCC 7.1
