Determining if the pthread_create exist failed with the following output:
Change Dir: /home/pi/catkin_ws/build/catkin_tools_prebuild/CMakeFiles/CMakeTmp

Run Build Command:"/usr/bin/make" "cmTC_191db/fast"
/usr/bin/make -f CMakeFiles/cmTC_191db.dir/build.make CMakeFiles/cmTC_191db.dir/build
make[1]: Wejście do katalogu '/home/pi/catkin_ws/build/catkin_tools_prebuild/CMakeFiles/CMakeTmp'
Building C object CMakeFiles/cmTC_191db.dir/CheckSymbolExists.c.o
/usr/bin/cc    -o CMakeFiles/cmTC_191db.dir/CheckSymbolExists.c.o   -c /home/pi/catkin_ws/build/catkin_tools_prebuild/CMakeFiles/CMakeTmp/CheckSymbolExists.c
Linking C executable cmTC_191db
/usr/bin/cmake -E cmake_link_script CMakeFiles/cmTC_191db.dir/link.txt --verbose=1
/usr/bin/cc      -rdynamic CMakeFiles/cmTC_191db.dir/CheckSymbolExists.c.o  -o cmTC_191db 
/usr/bin/ld: CMakeFiles/cmTC_191db.dir/CheckSymbolExists.c.o: in function `main':
CheckSymbolExists.c:(.text+0x38): undefined reference to `pthread_create'
collect2: error: ld returned 1 exit status
make[1]: *** [CMakeFiles/cmTC_191db.dir/build.make:87: cmTC_191db] Błąd 1
make[1]: Opuszczenie katalogu '/home/pi/catkin_ws/build/catkin_tools_prebuild/CMakeFiles/CMakeTmp'
make: *** [Makefile:121: cmTC_191db/fast] Błąd 2

File /home/pi/catkin_ws/build/catkin_tools_prebuild/CMakeFiles/CMakeTmp/CheckSymbolExists.c:
/* */
#include <pthread.h>

int main(int argc, char** argv)
{
  (void)argv;
#ifndef pthread_create
  return ((int*)(&pthread_create))[argc];
#else
  (void)argc;
  return 0;
#endif
}

Determining if the function pthread_create exists in the pthreads failed with the following output:
Change Dir: /home/pi/catkin_ws/build/catkin_tools_prebuild/CMakeFiles/CMakeTmp

Run Build Command:"/usr/bin/make" "cmTC_2a4ee/fast"
/usr/bin/make -f CMakeFiles/cmTC_2a4ee.dir/build.make CMakeFiles/cmTC_2a4ee.dir/build
make[1]: Wejście do katalogu '/home/pi/catkin_ws/build/catkin_tools_prebuild/CMakeFiles/CMakeTmp'
Building C object CMakeFiles/cmTC_2a4ee.dir/CheckFunctionExists.c.o
/usr/bin/cc   -DCHECK_FUNCTION_EXISTS=pthread_create   -o CMakeFiles/cmTC_2a4ee.dir/CheckFunctionExists.c.o   -c /usr/share/cmake-3.13/Modules/CheckFunctionExists.c
Linking C executable cmTC_2a4ee
/usr/bin/cmake -E cmake_link_script CMakeFiles/cmTC_2a4ee.dir/link.txt --verbose=1
/usr/bin/cc  -DCHECK_FUNCTION_EXISTS=pthread_create    -rdynamic CMakeFiles/cmTC_2a4ee.dir/CheckFunctionExists.c.o  -o cmTC_2a4ee -lpthreads 
/usr/bin/ld: cannot find -lpthreads
collect2: error: ld returned 1 exit status
make[1]: *** [CMakeFiles/cmTC_2a4ee.dir/build.make:87: cmTC_2a4ee] Błąd 1
make[1]: Opuszczenie katalogu '/home/pi/catkin_ws/build/catkin_tools_prebuild/CMakeFiles/CMakeTmp'
make: *** [Makefile:121: cmTC_2a4ee/fast] Błąd 2


