[35m[1mScanning dependencies of target geometry_msgs_generate_messages_py[0m
[35m[1mScanning dependencies of target std_msgs_generate_messages_eus[0m
[35m[1mScanning dependencies of target std_msgs_generate_messages_lisp[0m
[  0%] Built target geometry_msgs_generate_messages_py
[  0%] Built target std_msgs_generate_messages_eus
[  0%] Built target std_msgs_generate_messages_lisp
[35m[1mScanning dependencies of target geometry_msgs_generate_messages_eus[0m
[35m[1mScanning dependencies of target geometry_msgs_generate_messages_nodejs[0m
[  0%] Built target geometry_msgs_generate_messages_eus
[  0%] Built target geometry_msgs_generate_messages_nodejs
[35m[1mScanning dependencies of target sensor_msgs_generate_messages_cpp[0m
[35m[1mScanning dependencies of target std_msgs_generate_messages_cpp[0m
[35m[1mScanning dependencies of target sensor_msgs_generate_messages_nodejs[0m
[  0%] Built target sensor_msgs_generate_messages_cpp
[  0%] Built target std_msgs_generate_messages_cpp
[  0%] Built target sensor_msgs_generate_messages_nodejs
[35m[1mScanning dependencies of target sensor_msgs_generate_messages_eus[0m
[35m[1mScanning dependencies of target sensor_msgs_generate_messages_py[0m
[35m[1mScanning dependencies of target sensor_msgs_generate_messages_lisp[0m
[  0%] Built target sensor_msgs_generate_messages_eus
[  0%] Built target sensor_msgs_generate_messages_py
[  0%] Built target sensor_msgs_generate_messages_lisp
[35m[1mScanning dependencies of target geometry_msgs_generate_messages_lisp[0m
[35m[1mScanning dependencies of target std_msgs_generate_messages_py[0m
[35m[1mScanning dependencies of target std_msgs_generate_messages_nodejs[0m
[  0%] Built target geometry_msgs_generate_messages_lisp
[  0%] Built target std_msgs_generate_messages_py
[  0%] Built target std_msgs_generate_messages_nodejs
[35m[1mScanning dependencies of target geometry_msgs_generate_messages_cpp[0m
[  0%] Built target geometry_msgs_generate_messages_cpp
[35m[1mScanning dependencies of target image_geometry[0m
[ 33%] [32mBuilding CXX object CMakeFiles/image_geometry.dir/src/pinhole_camera_model.cpp.o[0m
[ 66%] [32mBuilding CXX object CMakeFiles/image_geometry.dir/src/stereo_camera_model.cpp.o[0m
In file included from [01m[K/usr/include/c++/8/vector:64[m[K,
                 from [01m[K/opt/ros/noetic/include/sensor_msgs/CameraInfo.h:10[m[K,
                 from [01m[K/home/pi/catkin_ws/src/vision_opencv/image_geometry/include/image_geometry/pinhole_camera_model.h:4[m[K,
                 from [01m[K/home/pi/catkin_ws/src/vision_opencv/image_geometry/src/pinhole_camera_model.cpp:1[m[K:
[01m[K/usr/include/c++/8/bits/stl_vector.h:[m[K In function ‘[01m[Kbool std::operator==(const std::vector<_Tp, _Alloc>&, const std::vector<_Tp, _Alloc>&) [with _Tp = double; _Alloc = std::allocator<double>][m[K’:
[01m[K/usr/include/c++/8/bits/stl_vector.h:1755:21:[m[K [01;36m[Knote: [m[Kparameter passing for argument of type ‘[01m[K__gnu_cxx::__normal_iterator<const double*, std::vector<double, std::allocator<double> > >[m[K’ changed in GCC 7.1
        && [01;36m[Kstd::equal(__x.begin(), __x.end(), __y.begin())[m[K); }
           [01;36m[K~~~~~~~~~~^~~~~~~~~~~~~~~~~~~~~~~~~~~~~~~~~~~~~[m[K
In file included from [01m[K/usr/include/c++/8/vector:69[m[K,
                 from [01m[K/opt/ros/noetic/include/sensor_msgs/CameraInfo.h:10[m[K,
                 from [01m[K/home/pi/catkin_ws/src/vision_opencv/image_geometry/include/image_geometry/pinhole_camera_model.h:4[m[K,
                 from [01m[K/home/pi/catkin_ws/src/vision_opencv/image_geometry/src/pinhole_camera_model.cpp:1[m[K:
[01m[K/usr/include/c++/8/bits/vector.tcc:[m[K In member function ‘[01m[Kstd::vector<_Tp, _Alloc>& std::vector<_Tp, _Alloc>::operator=(const std::vector<_Tp, _Alloc>&) [with _Tp = double; _Alloc = std::allocator<double>][m[K’:
[01m[K/usr/include/c++/8/bits/vector.tcc:214:16:[m[K [01;36m[Knote: [m[Kparameter passing for argument of type ‘[01m[K__gnu_cxx::__normal_iterator<const double*, std::vector<double, std::allocator<double> > >[m[K’ changed in GCC 7.1
        pointer [01;36m[K__tmp[m[K = _M_allocate_and_copy(__xlen, __x.begin(),
                [01;36m[K^~~~~[m[K
[01m[K/usr/include/c++/8/bits/vector.tcc:226:21:[m[K [01;36m[Knote: [m[Kparameter passing for argument of type ‘[01m[K__gnu_cxx::__normal_iterator<const double*, std::vector<double, std::allocator<double> > >[m[K’ changed in GCC 7.1
        [01;36m[Kstd::_Destroy(std::copy(__x.begin(), __x.end(), begin()),[m[K
        [01;36m[K~~~~~~~~~~~~~^~~~~~~~~~~~~~~~~~~~~~~~~~~~~~~~~~~~~~~~~~~~[m[K
 [01;36m[K       end(), _M_get_Tp_allocator())[m[K;
        [01;36m[K~~~~~~~~~~~~~~~~~~~~~~~~~~~~~[m[K
[01m[K/usr/include/c++/8/bits/vector.tcc:226:21:[m[K [01;36m[Knote: [m[Kparameter passing for argument of type ‘[01m[K__gnu_cxx::__normal_iterator<double*, std::vector<double, std::allocator<double> > >[m[K’ changed in GCC 7.1
In file included from [01m[K/usr/include/c++/8/bits/char_traits.h:39[m[K,
                 from [01m[K/usr/include/c++/8/string:40[m[K,
                 from [01m[K/opt/ros/noetic/include/sensor_msgs/CameraInfo.h:9[m[K,
                 from [01m[K/home/pi/catkin_ws/src/vision_opencv/image_geometry/include/image_geometry/pinhole_camera_model.h:4[m[K,
                 from [01m[K/home/pi/catkin_ws/src/vision_opencv/image_geometry/src/pinhole_camera_model.cpp:1[m[K:
[01m[K/usr/include/c++/8/bits/stl_algobase.h:[m[K In function ‘[01m[Kbool std::equal(_II1, _II1, _II2) [with _II1 = __gnu_cxx::__normal_iterator<const double*, std::vector<double, std::allocator<double> > >; _II2 = __gnu_cxx::__normal_iterator<const double*, std::vector<double, std::allocator<double> > >][m[K’:
[01m[K/usr/include/c++/8/bits/stl_algobase.h:1039:5:[m[K [01;36m[Knote: [m[Kparameter passing for argument of type ‘[01m[K__gnu_cxx::__normal_iterator<const double*, std::vector<double, std::allocator<double> > >[m[K’ changed in GCC 7.1
     [01;36m[Kequal[m[K(_II1 __first1, _II1 __last1, _II2 __first2)
     [01;36m[K^~~~~[m[K
[01m[K/usr/include/c++/8/bits/stl_algobase.h:1039:5:[m[K [01;36m[Knote: [m[Kparameter passing for argument of type ‘[01m[K__gnu_cxx::__normal_iterator<const double*, std::vector<double, std::allocator<double> > >[m[K’ changed in GCC 7.1
[01m[K/usr/include/c++/8/bits/stl_algobase.h:1039:5:[m[K [01;36m[Knote: [m[Kparameter passing for argument of type ‘[01m[K__gnu_cxx::__normal_iterator<const double*, std::vector<double, std::allocator<double> > >[m[K’ changed in GCC 7.1
In file included from [01m[K/usr/include/c++/8/vector:64[m[K,
                 from [01m[K/opt/ros/noetic/include/sensor_msgs/CameraInfo.h:10[m[K,
                 from [01m[K/home/pi/catkin_ws/src/vision_opencv/image_geometry/include/image_geometry/pinhole_camera_model.h:4[m[K,
                 from [01m[K/home/pi/catkin_ws/src/vision_opencv/image_geometry/src/pinhole_camera_model.cpp:1[m[K:
[01m[K/usr/include/c++/8/bits/stl_vector.h:[m[K In member function ‘[01m[Kstd::vector<_Tp, _Alloc>::pointer std::vector<_Tp, _Alloc>::_M_allocate_and_copy(std::vector<_Tp, _Alloc>::size_type, _ForwardIterator, _ForwardIterator) [with _ForwardIterator = __gnu_cxx::__normal_iterator<const double*, std::vector<double, std::allocator<double> > >; _Tp = double; _Alloc = std::allocator<double>][m[K’:
[01m[K/usr/include/c++/8/bits/stl_vector.h:1395:2:[m[K [01;36m[Knote: [m[Kparameter passing for argument of type ‘[01m[K__gnu_cxx::__normal_iterator<const double*, std::vector<double, std::allocator<double> > >[m[K’ changed in GCC 7.1
  [01;36m[K_M_allocate_and_copy[m[K(size_type __n,
  [01;36m[K^~~~~~~~~~~~~~~~~~~~[m[K
[01m[K/usr/include/c++/8/bits/stl_vector.h:1395:2:[m[K [01;36m[Knote: [m[Kparameter passing for argument of type ‘[01m[K__gnu_cxx::__normal_iterator<const double*, std::vector<double, std::allocator<double> > >[m[K’ changed in GCC 7.1
[01m[K/usr/include/c++/8/bits/stl_vector.h:1401:35:[m[K [01;36m[Knote: [m[Kparameter passing for argument of type ‘[01m[K__gnu_cxx::__normal_iterator<const double*, std::vector<double, std::allocator<double> > >[m[K’ changed in GCC 7.1
        [01;36m[Kstd::__uninitialized_copy_a(__first, __last, __result,[m[K
        [01;36m[K~~~~~~~~~~~~~~~~~~~~~~~~~~~^~~~~~~~~~~~~~~~~~~~~~~~~~~[m[K
 [01;36m[K       _M_get_Tp_allocator())[m[K;
        [01;36m[K~~~~~~~~~~~~~~~~~~~~~~[m[K      
In file included from [01m[K/usr/include/c++/8/bits/char_traits.h:39[m[K,
                 from [01m[K/usr/include/c++/8/string:40[m[K,
                 from [01m[K/opt/ros/noetic/include/sensor_msgs/CameraInfo.h:9[m[K,
                 from [01m[K/home/pi/catkin_ws/src/vision_opencv/image_geometry/include/image_geometry/pinhole_camera_model.h:4[m[K,
                 from [01m[K/home/pi/catkin_ws/src/vision_opencv/image_geometry/src/pinhole_camera_model.cpp:1[m[K:
[01m[K/usr/include/c++/8/bits/stl_algobase.h:[m[K In function ‘[01m[K_OI std::copy(_II, _II, _OI) [with _II = __gnu_cxx::__normal_iterator<const double*, std::vector<double, std::allocator<double> > >; _OI = __gnu_cxx::__normal_iterator<double*, std::vector<double, std::allocator<double> > >][m[K’:
[01m[K/usr/include/c++/8/bits/stl_algobase.h:446:5:[m[K [01;36m[Knote: [m[Kparameter passing for argument of type ‘[01m[K__gnu_cxx::__normal_iterator<const double*, std::vector<double, std::allocator<double> > >[m[K’ changed in GCC 7.1
     [01;36m[Kcopy[m[K(_II __first, _II __last, _OI __result)
     [01;36m[K^~~~[m[K
[01m[K/usr/include/c++/8/bits/stl_algobase.h:446:5:[m[K [01;36m[Knote: [m[Kparameter passing for argument of type ‘[01m[K__gnu_cxx::__normal_iterator<const double*, std::vector<double, std::allocator<double> > >[m[K’ changed in GCC 7.1
[01m[K/usr/include/c++/8/bits/stl_algobase.h:446:5:[m[K [01;36m[Knote: [m[Kparameter passing for argument of type ‘[01m[K__gnu_cxx::__normal_iterator<double*, std::vector<double, std::allocator<double> > >[m[K’ changed in GCC 7.1
[01m[K/usr/include/c++/8/bits/stl_algobase.h:455:8:[m[K [01;36m[Knote: [m[Kparameter passing for argument of type ‘[01m[K__gnu_cxx::__normal_iterator<const double*, std::vector<double, std::allocator<double> > >[m[K’ changed in GCC 7.1
       return [01;36m[K(std::__copy_move_a2<__is_move_iterator<_II>::__value>[m[K
              [01;36m[K~~~~~~~~~~~~~~~~~~~~~~~~~~~~~~~~~~~~~~~~~~~~~~~~~~~~~~[m[K
 [01;36m[K       (std::__miter_base(__first), std::__miter_base(__last),[m[K
        [01;36m[K^~~~~~~~~~~~~~~~~~~~~~~~~~~~~~~~~~~~~~~~~~~~~~~~~~~~~~~[m[K
 [01;36m[K        __result))[m[K;
         [01;36m[K~~~~~~~~~~[m[K
In file included from [01m[K/usr/include/c++/8/vector:62[m[K,
                 from [01m[K/opt/ros/noetic/include/sensor_msgs/CameraInfo.h:10[m[K,
                 from [01m[K/home/pi/catkin_ws/src/vision_opencv/image_geometry/include/image_geometry/pinhole_camera_model.h:4[m[K,
                 from [01m[K/home/pi/catkin_ws/src/vision_opencv/image_geometry/src/pinhole_camera_model.cpp:1[m[K:
[01m[K/usr/include/c++/8/bits/stl_construct.h:[m[K In function ‘[01m[Kvoid std::_Destroy(_ForwardIterator, _ForwardIterator, std::allocator<_T2>&) [with _ForwardIterator = __gnu_cxx::__normal_iterator<double*, std::vector<double, std::allocator<double> > >; _Tp = double][m[K’:
[01m[K/usr/include/c++/8/bits/stl_construct.h:203:5:[m[K [01;36m[Knote: [m[Kparameter passing for argument of type ‘[01m[K__gnu_cxx::__normal_iterator<double*, std::vector<double, std::allocator<double> > >[m[K’ changed in GCC 7.1
     [01;36m[K_Destroy[m[K(_ForwardIterator __first, _ForwardIterator __last,
     [01;36m[K^~~~~~~~[m[K
[01m[K/usr/include/c++/8/bits/stl_construct.h:203:5:[m[K [01;36m[Knote: [m[Kparameter passing for argument of type ‘[01m[K__gnu_cxx::__normal_iterator<double*, std::vector<double, std::allocator<double> > >[m[K’ changed in GCC 7.1
[01m[K/usr/include/c++/8/bits/stl_construct.h:206:15:[m[K [01;36m[Knote: [m[Kparameter passing for argument of type ‘[01m[K__gnu_cxx::__normal_iterator<double*, std::vector<double, std::allocator<double> > >[m[K’ changed in GCC 7.1
       [01;36m[K_Destroy(__first, __last)[m[K;
       [01;36m[K~~~~~~~~^~~~~~~~~~~~~~~~~[m[K
In file included from [01m[K/usr/include/c++/8/bits/stl_algobase.h:67[m[K,
                 from [01m[K/usr/include/c++/8/bits/char_traits.h:39[m[K,
                 from [01m[K/usr/include/c++/8/string:40[m[K,
                 from [01m[K/opt/ros/noetic/include/sensor_msgs/CameraInfo.h:9[m[K,
                 from [01m[K/home/pi/catkin_ws/src/vision_opencv/image_geometry/include/image_geometry/pinhole_camera_model.h:4[m[K,
                 from [01m[K/home/pi/catkin_ws/src/vision_opencv/image_geometry/src/pinhole_camera_model.cpp:1[m[K:
[01m[K/usr/include/c++/8/bits/stl_iterator.h:[m[K In function ‘[01m[K_Iterator std::__niter_base(__gnu_cxx::__normal_iterator<_Iterator, _Container>) [with _Iterator = const double*; _Container = std::vector<double, std::allocator<double> >][m[K’:
[01m[K/usr/include/c++/8/bits/stl_iterator.h:987:5:[m[K [01;36m[Knote: [m[Kparameter passing for argument of type ‘[01m[K__gnu_cxx::__normal_iterator<const double*, std::vector<double, std::allocator<double> > >[m[K’ changed in GCC 7.1
     [01;36m[K__niter_base[m[K(__gnu_cxx::__normal_iterator<_Iterator, _Container> __it)
     [01;36m[K^~~~~~~~~~~~[m[K
In file included from [01m[K/usr/include/c++/8/vector:63[m[K,
                 from [01m[K/opt/ros/noetic/include/sensor_msgs/CameraInfo.h:10[m[K,
                 from [01m[K/home/pi/catkin_ws/src/vision_opencv/image_geometry/include/image_geometry/pinhole_camera_model.h:4[m[K,
                 from [01m[K/home/pi/catkin_ws/src/vision_opencv/image_geometry/src/pinhole_camera_model.cpp:1[m[K:
[01m[K/usr/include/c++/8/bits/stl_uninitialized.h:[m[K In function ‘[01m[K_ForwardIterator std::__uninitialized_copy_a(_InputIterator, _InputIterator, _ForwardIterator, std::allocator<_Tp>&) [with _InputIterator = __gnu_cxx::__normal_iterator<const double*, std::vector<double, std::allocator<double> > >; _ForwardIterator = double*; _Tp = double][m[K’:
[01m[K/usr/include/c++/8/bits/stl_uninitialized.h:287:5:[m[K [01;36m[Knote: [m[Kparameter passing for argument of type ‘[01m[K__gnu_cxx::__normal_iterator<const double*, std::vector<double, std::allocator<double> > >[m[K’ changed in GCC 7.1
     [01;36m[K__uninitialized_copy_a[m[K(_InputIterator __first, _InputIterator __last,
     [01;36m[K^~~~~~~~~~~~~~~~~~~~~~[m[K
[01m[K/usr/include/c++/8/bits/stl_uninitialized.h:287:5:[m[K [01;36m[Knote: [m[Kparameter passing for argument of type ‘[01m[K__gnu_cxx::__normal_iterator<const double*, std::vector<double, std::allocator<double> > >[m[K’ changed in GCC 7.1
[01m[K/usr/include/c++/8/bits/stl_uninitialized.h:289:37:[m[K [01;36m[Knote: [m[Kparameter passing for argument of type ‘[01m[K__gnu_cxx::__normal_iterator<const double*, std::vector<double, std::allocator<double> > >[m[K’ changed in GCC 7.1
     { return [01;36m[Kstd::uninitialized_copy(__first, __last, __result)[m[K; }
              [01;36m[K~~~~~~~~~~~~~~~~~~~~~~~^~~~~~~~~~~~~~~~~~~~~~~~~~~[m[K
In file included from [01m[K/usr/include/c++/8/bits/stl_algobase.h:61[m[K,
                 from [01m[K/usr/include/c++/8/bits/char_traits.h:39[m[K,
                 from [01m[K/usr/include/c++/8/string:40[m[K,
                 from [01m[K/opt/ros/noetic/include/sensor_msgs/CameraInfo.h:9[m[K,
                 from [01m[K/home/pi/catkin_ws/src/vision_opencv/image_geometry/include/image_geometry/pinhole_camera_model.h:4[m[K,
                 from [01m[K/home/pi/catkin_ws/src/vision_opencv/image_geometry/src/pinhole_camera_model.cpp:1[m[K:
[01m[K/usr/include/c++/8/bits/cpp_type_traits.h:[m[K In function ‘[01m[K_Iterator std::__miter_base(_Iterator) [with _Iterator = __gnu_cxx::__normal_iterator<const double*, std::vector<double, std::allocator<double> > >][m[K’:
[01m[K/usr/include/c++/8/bits/cpp_type_traits.h:419:5:[m[K [01;36m[Knote: [m[Kparameter passing for argument of type ‘[01m[K__gnu_cxx::__normal_iterator<const double*, std::vector<double, std::allocator<double> > >[m[K’ changed in GCC 7.1
     [01;36m[K__miter_base[m[K(_Iterator __it)
     [01;36m[K^~~~~~~~~~~~[m[K
In file included from [01m[K/usr/include/c++/8/bits/char_traits.h:39[m[K,
                 from [01m[K/usr/include/c++/8/string:40[m[K,
                 from [01m[K/opt/ros/noetic/include/sensor_msgs/CameraInfo.h:9[m[K,
                 from [01m[K/home/pi/catkin_ws/src/vision_opencv/image_geometry/include/image_geometry/pinhole_camera_model.h:4[m[K,
                 from [01m[K/home/pi/catkin_ws/src/vision_opencv/image_geometry/src/pinhole_camera_model.cpp:1[m[K:
[01m[K/usr/include/c++/8/bits/stl_algobase.h:[m[K In function ‘[01m[K_OI std::__copy_move_a2(_II, _II, _OI) [with bool _IsMove = false; _II = __gnu_cxx::__normal_iterator<const double*, std::vector<double, std::allocator<double> > >; _OI = __gnu_cxx::__normal_iterator<double*, std::vector<double, std::allocator<double> > >][m[K’:
[01m[K/usr/include/c++/8/bits/stl_algobase.h:420:5:[m[K [01;36m[Knote: [m[Kparameter passing for argument of type ‘[01m[K__gnu_cxx::__normal_iterator<const double*, std::vector<double, std::allocator<double> > >[m[K’ changed in GCC 7.1
     [01;36m[K__copy_move_a2[m[K(_II __first, _II __last, _OI __result)
     [01;36m[K^~~~~~~~~~~~~~[m[K
[01m[K/usr/include/c++/8/bits/stl_algobase.h:420:5:[m[K [01;36m[Knote: [m[Kparameter passing for argument of type ‘[01m[K__gnu_cxx::__normal_iterator<const double*, std::vector<double, std::allocator<double> > >[m[K’ changed in GCC 7.1
[01m[K/usr/include/c++/8/bits/stl_algobase.h:420:5:[m[K [01;36m[Knote: [m[Kparameter passing for argument of type ‘[01m[K__gnu_cxx::__normal_iterator<double*, std::vector<double, std::allocator<double> > >[m[K’ changed in GCC 7.1
In file included from [01m[K/usr/include/c++/8/vector:62[m[K,
                 from [01m[K/opt/ros/noetic/include/sensor_msgs/CameraInfo.h:10[m[K,
                 from [01m[K/home/pi/catkin_ws/src/vision_opencv/image_geometry/include/image_geometry/pinhole_camera_model.h:4[m[K,
                 from [01m[K/home/pi/catkin_ws/src/vision_opencv/image_geometry/src/pinhole_camera_model.cpp:1[m[K:
[01m[K/usr/include/c++/8/bits/stl_construct.h:[m[K In function ‘[01m[Kvoid std::_Destroy(_ForwardIterator, _ForwardIterator) [with _ForwardIterator = __gnu_cxx::__normal_iterator<double*, std::vector<double, std::allocator<double> > >][m[K’:
[01m[K/usr/include/c++/8/bits/stl_construct.h:127:5:[m[K [01;36m[Knote: [m[Kparameter passing for argument of type ‘[01m[K__gnu_cxx::__normal_iterator<double*, std::vector<double, std::allocator<double> > >[m[K’ changed in GCC 7.1
     [01;36m[K_Destroy[m[K(_ForwardIterator __first, _ForwardIterator __last)
     [01;36m[K^~~~~~~~[m[K
[01m[K/usr/include/c++/8/bits/stl_construct.h:127:5:[m[K [01;36m[Knote: [m[Kparameter passing for argument of type ‘[01m[K__gnu_cxx::__normal_iterator<double*, std::vector<double, std::allocator<double> > >[m[K’ changed in GCC 7.1
[01m[K/usr/include/c++/8/bits/stl_construct.h:137:11:[m[K [01;36m[Knote: [m[Kparameter passing for argument of type ‘[01m[K__gnu_cxx::__normal_iterator<double*, std::vector<double, std::allocator<double> > >[m[K’ changed in GCC 7.1
       [01;36m[Kstd::_Destroy_aux<__has_trivial_destructor(_Value_type)>::[m[K
       [01;36m[K~~~~~~~~~~~~~~~~~~~~~~~~~~~~~~~~~~~~~~~~~~~~~~~~~~~~~~~~~~[m[K
 [01;36m[K __destroy(__first, __last)[m[K;
  [01;36m[K~~~~~~~~~^~~~~~~~~~~~~~~~~[m[K
In file included from [01m[K/usr/include/c++/8/vector:63[m[K,
                 from [01m[K/opt/ros/noetic/include/sensor_msgs/CameraInfo.h:10[m[K,
                 from [01m[K/home/pi/catkin_ws/src/vision_opencv/image_geometry/include/image_geometry/pinhole_camera_model.h:4[m[K,
                 from [01m[K/home/pi/catkin_ws/src/vision_opencv/image_geometry/src/pinhole_camera_model.cpp:1[m[K:
[01m[K/usr/include/c++/8/bits/stl_uninitialized.h:[m[K In function ‘[01m[K_ForwardIterator std::uninitialized_copy(_InputIterator, _InputIterator, _ForwardIterator) [with _InputIterator = __gnu_cxx::__normal_iterator<const double*, std::vector<double, std::allocator<double> > >; _ForwardIterator = double*][m[K’:
[01m[K/usr/include/c++/8/bits/stl_uninitialized.h:115:5:[m[K [01;36m[Knote: [m[Kparameter passing for argument of type ‘[01m[K__gnu_cxx::__normal_iterator<const double*, std::vector<double, std::allocator<double> > >[m[K’ changed in GCC 7.1
     [01;36m[Kuninitialized_copy[m[K(_InputIterator __first, _InputIterator __last,
     [01;36m[K^~~~~~~~~~~~~~~~~~[m[K
[01m[K/usr/include/c++/8/bits/stl_uninitialized.h:115:5:[m[K [01;36m[Knote: [m[Kparameter passing for argument of type ‘[01m[K__gnu_cxx::__normal_iterator<const double*, std::vector<double, std::allocator<double> > >[m[K’ changed in GCC 7.1
[01m[K/usr/include/c++/8/bits/stl_uninitialized.h:134:15:[m[K [01;36m[Knote: [m[Kparameter passing for argument of type ‘[01m[K__gnu_cxx::__normal_iterator<const double*, std::vector<double, std::allocator<double> > >[m[K’ changed in GCC 7.1
       return [01;36m[Kstd::__uninitialized_copy<__is_trivial(_ValueType1)[m[K
              [01;36m[K~~~~~~~~~~~~~~~~~~~~~~~~~~~~~~~~~~~~~~~~~~~~~~~~~~~[m[K
 [01;36m[K           && __is_trivial(_ValueType2)[m[K
            [01;36m[K~~~~~~~~~~~~~~~~~~~~~~~~~~~~[m[K
 [01;36m[K           && __assignable>::[m[K
            [01;36m[K~~~~~~~~~~~~~~~~~~[m[K
 [01;36m[K __uninit_copy(__first, __last, __result)[m[K;
  [01;36m[K~~~~~~~~~~~~~^~~~~~~~~~~~~~~~~~~~~~~~~~~[m[K
In file included from [01m[K/usr/include/c++/8/bits/stl_algobase.h:67[m[K,
                 from [01m[K/usr/include/c++/8/bits/char_traits.h:39[m[K,
                 from [01m[K/usr/include/c++/8/string:40[m[K,
                 from [01m[K/opt/ros/noetic/include/sensor_msgs/CameraInfo.h:9[m[K,
                 from [01m[K/home/pi/catkin_ws/src/vision_opencv/image_geometry/include/image_geometry/pinhole_camera_model.h:4[m[K,
                 from [01m[K/home/pi/catkin_ws/src/vision_opencv/image_geometry/src/pinhole_camera_model.cpp:1[m[K:
[01m[K/usr/include/c++/8/bits/stl_iterator.h:[m[K In function ‘[01m[K_Iterator std::__niter_base(__gnu_cxx::__normal_iterator<_Iterator, _Container>) [with _Iterator = double*; _Container = std::vector<double, std::allocator<double> >][m[K’:
[01m[K/usr/include/c++/8/bits/stl_iterator.h:987:5:[m[K [01;36m[Knote: [m[Kparameter passing for argument of type ‘[01m[K__gnu_cxx::__normal_iterator<double*, std::vector<double, std::allocator<double> > >[m[K’ changed in GCC 7.1
     [01;36m[K__niter_base[m[K(__gnu_cxx::__normal_iterator<_Iterator, _Container> __it)
     [01;36m[K^~~~~~~~~~~~[m[K
In file included from [01m[K/usr/include/c++/8/vector:62[m[K,
                 from [01m[K/opt/ros/noetic/include/sensor_msgs/CameraInfo.h:10[m[K,
                 from [01m[K/home/pi/catkin_ws/src/vision_opencv/image_geometry/include/image_geometry/pinhole_camera_model.h:4[m[K,
                 from [01m[K/home/pi/catkin_ws/src/vision_opencv/image_geometry/src/pinhole_camera_model.cpp:1[m[K:
[01m[K/usr/include/c++/8/bits/stl_construct.h:[m[K In static member function ‘[01m[Kstatic void std::_Destroy_aux<true>::__destroy(_ForwardIterator, _ForwardIterator) [with _ForwardIterator = __gnu_cxx::__normal_iterator<double*, std::vector<double, std::allocator<double> > >][m[K’:
[01m[K/usr/include/c++/8/bits/stl_construct.h:117:9:[m[K [01;36m[Knote: [m[Kparameter passing for argument of type ‘[01m[K__gnu_cxx::__normal_iterator<double*, std::vector<double, std::allocator<double> > >[m[K’ changed in GCC 7.1
         [01;36m[K__destroy[m[K(_ForwardIterator, _ForwardIterator) { }
         [01;36m[K^~~~~~~~~[m[K
[01m[K/usr/include/c++/8/bits/stl_construct.h:117:9:[m[K [01;36m[Knote: [m[Kparameter passing for argument of type ‘[01m[K__gnu_cxx::__normal_iterator<double*, std::vector<double, std::allocator<double> > >[m[K’ changed in GCC 7.1
In file included from [01m[K/usr/include/c++/8/vector:63[m[K,
                 from [01m[K/opt/ros/noetic/include/sensor_msgs/CameraInfo.h:10[m[K,
                 from [01m[K/home/pi/catkin_ws/src/vision_opencv/image_geometry/include/image_geometry/pinhole_camera_model.h:4[m[K,
                 from [01m[K/home/pi/catkin_ws/src/vision_opencv/image_geometry/src/pinhole_camera_model.cpp:1[m[K:
[01m[K/usr/include/c++/8/bits/stl_uninitialized.h:[m[K In static member function ‘[01m[Kstatic _ForwardIterator std::__uninitialized_copy<true>::__uninit_copy(_InputIterator, _InputIterator, _ForwardIterator) [with _InputIterator = __gnu_cxx::__normal_iterator<const double*, std::vector<double, std::allocator<double> > >; _ForwardIterator = double*][m[K’:
[01m[K/usr/include/c++/8/bits/stl_uninitialized.h:99:9:[m[K [01;36m[Knote: [m[Kparameter passing for argument of type ‘[01m[K__gnu_cxx::__normal_iterator<const double*, std::vector<double, std::allocator<double> > >[m[K’ changed in GCC 7.1
         [01;36m[K__uninit_copy[m[K(_InputIterator __first, _InputIterator __last,
         [01;36m[K^~~~~~~~~~~~~[m[K
[01m[K/usr/include/c++/8/bits/stl_uninitialized.h:99:9:[m[K [01;36m[Knote: [m[Kparameter passing for argument of type ‘[01m[K__gnu_cxx::__normal_iterator<const double*, std::vector<double, std::allocator<double> > >[m[K’ changed in GCC 7.1
[01m[K/usr/include/c++/8/bits/stl_uninitialized.h:101:27:[m[K [01;36m[Knote: [m[Kparameter passing for argument of type ‘[01m[K__gnu_cxx::__normal_iterator<const double*, std::vector<double, std::allocator<double> > >[m[K’ changed in GCC 7.1
         { return [01;36m[Kstd::copy(__first, __last, __result)[m[K; }
                  [01;36m[K~~~~~~~~~^~~~~~~~~~~~~~~~~~~~~~~~~~~[m[K
In file included from [01m[K/usr/include/c++/8/bits/char_traits.h:39[m[K,
                 from [01m[K/usr/include/c++/8/string:40[m[K,
                 from [01m[K/opt/ros/noetic/include/sensor_msgs/CameraInfo.h:9[m[K,
                 from [01m[K/home/pi/catkin_ws/src/vision_opencv/image_geometry/include/image_geometry/pinhole_camera_model.h:4[m[K,
                 from [01m[K/home/pi/catkin_ws/src/vision_opencv/image_geometry/src/pinhole_camera_model.cpp:1[m[K:
[01m[K/usr/include/c++/8/bits/stl_algobase.h:[m[K In function ‘[01m[K_OI std::copy(_II, _II, _OI) [with _II = __gnu_cxx::__normal_iterator<const double*, std::vector<double, std::allocator<double> > >; _OI = double*][m[K’:
[01m[K/usr/include/c++/8/bits/stl_algobase.h:446:5:[m[K [01;36m[Knote: [m[Kparameter passing for argument of type ‘[01m[K__gnu_cxx::__normal_iterator<const double*, std::vector<double, std::allocator<double> > >[m[K’ changed in GCC 7.1
     [01;36m[Kcopy[m[K(_II __first, _II __last, _OI __result)
     [01;36m[K^~~~[m[K
[01m[K/usr/include/c++/8/bits/stl_algobase.h:446:5:[m[K [01;36m[Knote: [m[Kparameter passing for argument of type ‘[01m[K__gnu_cxx::__normal_iterator<const double*, std::vector<double, std::allocator<double> > >[m[K’ changed in GCC 7.1
[01m[K/usr/include/c++/8/bits/stl_algobase.h:455:8:[m[K [01;36m[Knote: [m[Kparameter passing for argument of type ‘[01m[K__gnu_cxx::__normal_iterator<const double*, std::vector<double, std::allocator<double> > >[m[K’ changed in GCC 7.1
       return [01;36m[K(std::__copy_move_a2<__is_move_iterator<_II>::__value>[m[K
              [01;36m[K~~~~~~~~~~~~~~~~~~~~~~~~~~~~~~~~~~~~~~~~~~~~~~~~~~~~~~[m[K
 [01;36m[K       (std::__miter_base(__first), std::__miter_base(__last),[m[K
        [01;36m[K^~~~~~~~~~~~~~~~~~~~~~~~~~~~~~~~~~~~~~~~~~~~~~~~~~~~~~~[m[K
 [01;36m[K        __result))[m[K;
         [01;36m[K~~~~~~~~~~[m[K
[01m[K/usr/include/c++/8/bits/stl_algobase.h:[m[K In function ‘[01m[K_OI std::__copy_move_a2(_II, _II, _OI) [with bool _IsMove = false; _II = __gnu_cxx::__normal_iterator<const double*, std::vector<double, std::allocator<double> > >; _OI = double*][m[K’:
[01m[K/usr/include/c++/8/bits/stl_algobase.h:420:5:[m[K [01;36m[Knote: [m[Kparameter passing for argument of type ‘[01m[K__gnu_cxx::__normal_iterator<const double*, std::vector<double, std::allocator<double> > >[m[K’ changed in GCC 7.1
     [01;36m[K__copy_move_a2[m[K(_II __first, _II __last, _OI __result)
     [01;36m[K^~~~~~~~~~~~~~[m[K
[01m[K/usr/include/c++/8/bits/stl_algobase.h:420:5:[m[K [01;36m[Knote: [m[Kparameter passing for argument of type ‘[01m[K__gnu_cxx::__normal_iterator<const double*, std::vector<double, std::allocator<double> > >[m[K’ changed in GCC 7.1
[100%] [32m[1mLinking CXX shared library /home/pi/catkin_ws/devel/.private/image_geometry/lib/libimage_geometry.so[0m
[100%] Built target image_geometry
