[01m[K/home/mondi/catkin_ws/src/keyboard_read/src/keyboard_read_node.cpp:[m[K In function ‘[01m[Kint main(int, char**)[m[K’:
[01m[K/home/mondi/catkin_ws/src/keyboard_read/src/keyboard_read_node.cpp:24:75:[m[K [01;31m[Kerror: [m[Kno matching function for call to ‘[01m[Kros::NodeHandle::advertise(const char [11], int)[m[K’
   24 |     ros::Publisher publishKey = nh_keyboardRead.advertise("pressedKey", 10[01;31m[K)[m[K;
      |                                                                           [01;31m[K^[m[K
In file included from [01m[K/opt/ros/noetic/include/ros/ros.h:45[m[K,
                 from [01m[K/home/mondi/catkin_ws/src/keyboard_read/src/keyboard_read_node.cpp:1[m[K:
[01m[K/opt/ros/noetic/include/ros/node_handle.h:249:15:[m[K [01;36m[Knote: [m[Kcandidate: ‘[01m[Ktemplate<class M> ros::Publisher ros::NodeHandle::advertise(const string&, uint32_t, bool)[m[K’
  249 |     Publisher [01;36m[Kadvertise[m[K(const std::string& topic, uint32_t queue_size, bool latch = false)
      |               [01;36m[K^~~~~~~~~[m[K
[01m[K/opt/ros/noetic/include/ros/node_handle.h:249:15:[m[K [01;36m[Knote: [m[K  template argument deduction/substitution failed:
[01m[K/home/mondi/catkin_ws/src/keyboard_read/src/keyboard_read_node.cpp:24:75:[m[K [01;36m[Knote: [m[K  couldn’t deduce template parameter ‘[01m[KM[m[K’
   24 |     ros::Publisher publishKey = nh_keyboardRead.advertise("pressedKey", 10[01;36m[K)[m[K;
      |                                                                           [01;36m[K^[m[K
In file included from [01m[K/opt/ros/noetic/include/ros/ros.h:45[m[K,
                 from [01m[K/home/mondi/catkin_ws/src/keyboard_read/src/keyboard_read_node.cpp:1[m[K:
[01m[K/opt/ros/noetic/include/ros/node_handle.h:315:13:[m[K [01;36m[Knote: [m[Kcandidate: ‘[01m[Ktemplate<class M> ros::Publisher ros::NodeHandle::advertise(const string&, uint32_t, const SubscriberStatusCallback&, const SubscriberStatusCallback&, const VoidConstPtr&, bool)[m[K’
  315 |   Publisher [01;36m[Kadvertise[m[K(const std::string& topic, uint32_t queue_size,
      |             [01;36m[K^~~~~~~~~[m[K
[01m[K/opt/ros/noetic/include/ros/node_handle.h:315:13:[m[K [01;36m[Knote: [m[K  template argument deduction/substitution failed:
[01m[K/home/mondi/catkin_ws/src/keyboard_read/src/keyboard_read_node.cpp:24:75:[m[K [01;36m[Knote: [m[K  candidate expects 6 arguments, 2 provided
   24 |     ros::Publisher publishKey = nh_keyboardRead.advertise("pressedKey", 10[01;36m[K)[m[K;
      |                                                                           [01;36m[K^[m[K
In file included from [01m[K/opt/ros/noetic/include/ros/ros.h:45[m[K,
                 from [01m[K/home/mondi/catkin_ws/src/keyboard_read/src/keyboard_read_node.cpp:1[m[K:
[01m[K/opt/ros/noetic/include/ros/node_handle.h:353:13:[m[K [01;36m[Knote: [m[Kcandidate: ‘[01m[Kros::Publisher ros::NodeHandle::advertise(ros::AdvertiseOptions&)[m[K’
  353 |   Publisher [01;36m[Kadvertise[m[K(AdvertiseOptions& ops);
      |             [01;36m[K^~~~~~~~~[m[K
[01m[K/opt/ros/noetic/include/ros/node_handle.h:353:13:[m[K [01;36m[Knote: [m[K  candidate expects 1 argument, 2 provided
In file included from [01m[K/opt/ros/noetic/include/ros/serialization.h:37[m[K,
                 from [01m[K/opt/ros/noetic/include/ros/publisher.h:34[m[K,
                 from [01m[K/opt/ros/noetic/include/ros/node_handle.h:32[m[K,
                 from [01m[K/opt/ros/noetic/include/ros/ros.h:45[m[K,
                 from [01m[K/home/mondi/catkin_ws/src/keyboard_read/src/keyboard_read_node.cpp:1[m[K:
/opt/ros/noetic/include/ros/message_traits.h: In instantiation of ‘[01m[Kstatic const char* ros::message_traits::MD5Sum<M>::value(const M&) [with M = int][m[K’:
[01m[K/opt/ros/noetic/include/ros/message_traits.h:254:102:[m[K   required from ‘[01m[Kconst char* ros::message_traits::md5sum(const M&) [with M = int][m[K’
[01m[K/opt/ros/noetic/include/ros/publisher.h:114:7:[m[K   required from ‘[01m[Kvoid ros::Publisher::publish(const M&) const [with M = int][m[K’
[01m[K/home/mondi/catkin_ws/src/keyboard_read/src/keyboard_read_node.cpp:30:29:[m[K   required from here
[01m[K/opt/ros/noetic/include/ros/message_traits.h:125:14:[m[K [01;31m[Kerror: [m[Krequest for member ‘[01m[K__getMD5Sum[m[K’ in ‘[01m[Km[m[K’, which is of non-class type ‘[01m[Kconst int[m[K’
  125 |     return [01;31m[Km.__getMD5Sum[m[K().c_str();
      |            [01;31m[K~~^~~~~~~~~~~[m[K
/opt/ros/noetic/include/ros/message_traits.h: In instantiation of ‘[01m[Kstatic const char* ros::message_traits::DataType<M>::value(const M&) [with M = int][m[K’:
[01m[K/opt/ros/noetic/include/ros/message_traits.h:263:104:[m[K   required from ‘[01m[Kconst char* ros::message_traits::datatype(const M&) [with M = int][m[K’
[01m[K/opt/ros/noetic/include/ros/publisher.h:114:7:[m[K   required from ‘[01m[Kvoid ros::Publisher::publish(const M&) const [with M = int][m[K’
[01m[K/home/mondi/catkin_ws/src/keyboard_read/src/keyboard_read_node.cpp:30:29:[m[K   required from here
[01m[K/opt/ros/noetic/include/ros/message_traits.h:142:14:[m[K [01;31m[Kerror: [m[Krequest for member ‘[01m[K__getDataType[m[K’ in ‘[01m[Km[m[K’, which is of non-class type ‘[01m[Kconst int[m[K’
  142 |     return [01;31m[Km.__getDataType[m[K().c_str();
      |            [01;31m[K~~^~~~~~~~~~~~~[m[K
make[2]: *** [CMakeFiles/keyboard_read_node.dir/build.make:63: CMakeFiles/keyboard_read_node.dir/src/keyboard_read_node.cpp.o] Error 1
make[1]: *** [CMakeFiles/Makefile2:169: CMakeFiles/keyboard_read_node.dir/all] Error 2
make: *** [Makefile:141: all] Error 2
