[  0%] Built target roscpp_generate_messages_eus
[  0%] Built target _location_monitor_generate_messages_check_deps_landmarkDistance
[  0%] Built target rosgraph_msgs_generate_messages_cpp
[  0%] Built target roscpp_generate_messages_py
[  0%] Built target roscpp_generate_messages_nodejs
[  0%] Built target nav_msgs_generate_messages_lisp
[ 11%] Built target location_monitor_generate_messages_lisp
[ 11%] Built target rosgraph_msgs_generate_messages_eus
[ 11%] Built target nav_msgs_generate_messages_cpp
[ 11%] Built target roscpp_generate_messages_cpp
[ 11%] Built target geometry_msgs_generate_messages_cpp
[ 11%] Built target geometry_msgs_generate_messages_nodejs
[ 11%] Built target geometry_msgs_generate_messages_py
[ 11%] Built target nav_msgs_generate_messages_py
[ 11%] Built target std_msgs_generate_messages_lisp
[ 11%] Built target actionlib_msgs_generate_messages_cpp
[ 11%] Built target rosgraph_msgs_generate_messages_py
[ 11%] Built target rosgraph_msgs_generate_messages_lisp
[ 11%] Built target actionlib_msgs_generate_messages_eus
[ 11%] Built target nav_msgs_generate_messages_nodejs
[ 11%] Built target geometry_msgs_generate_messages_eus
[ 22%] Built target std_msgs_generate_messages_nodejs
[ 33%] Built target location_monitor_generate_messages_py
[ 33%] Built target _catkin_empty_exported_target
[ 33%] Built target roscpp_generate_messages_lisp
[ 33%] Built target std_msgs_generate_messages_eus
[ 33%] Built target geometry_msgs_generate_messages_lisp
[ 33%] Built target std_msgs_generate_messages_py
[ 33%] Built target std_msgs_generate_messages_cpp
[ 33%] Built target nav_msgs_generate_messages_eus
[ 33%] Built target actionlib_msgs_generate_messages_lisp
[ 33%] Built target actionlib_msgs_generate_messages_nodejs
[ 55%] Built target location_monitor_generate_messages_eus
[ 55%] Built target actionlib_msgs_generate_messages_py
[ 55%] Built target rosgraph_msgs_generate_messages_nodejs
[ 66%] Built target location_monitor_generate_messages_cpp
[ 77%] Built target location_monitor_generate_messages_nodejs
[ 77%] Built target location_monitor_generate_messages
[100%] Built target location_monitor_node
