Determining if the pthread_create exist failed with the following output:
Change Dir: /home/pi/catkin_ws/build/polled_camera/CMakeFiles/CMakeTmp

Run Build Command:"/usr/bin/make" "cmTC_07a19/fast"
/usr/bin/make -f CMakeFiles/cmTC_07a19.dir/build.make CMakeFiles/cmTC_07a19.dir/build
make[1]: Wejście do katalogu '/home/pi/catkin_ws/build/polled_camera/CMakeFiles/CMakeTmp'
Building C object CMakeFiles/cmTC_07a19.dir/CheckSymbolExists.c.o
/usr/bin/cc    -o CMakeFiles/cmTC_07a19.dir/CheckSymbolExists.c.o   -c /home/pi/catkin_ws/build/polled_camera/CMakeFiles/CMakeTmp/CheckSymbolExists.c
Linking C executable cmTC_07a19
/usr/bin/cmake -E cmake_link_script CMakeFiles/cmTC_07a19.dir/link.txt --verbose=1
/usr/bin/cc      -rdynamic CMakeFiles/cmTC_07a19.dir/CheckSymbolExists.c.o  -o cmTC_07a19 
/usr/bin/ld: CMakeFiles/cmTC_07a19.dir/CheckSymbolExists.c.o: in function `main':
CheckSymbolExists.c:(.text+0x38): undefined reference to `pthread_create'
collect2: error: ld returned 1 exit status
make[1]: *** [CMakeFiles/cmTC_07a19.dir/build.make:87: cmTC_07a19] Błąd 1
make[1]: Opuszczenie katalogu '/home/pi/catkin_ws/build/polled_camera/CMakeFiles/CMakeTmp'
make: *** [Makefile:121: cmTC_07a19/fast] Błąd 2

File /home/pi/catkin_ws/build/polled_camera/CMakeFiles/CMakeTmp/CheckSymbolExists.c:
/* */
#include <pthread.h>

int main(int argc, char** argv)
{
  (void)argv;
#ifndef pthread_create
  return ((int*)(&pthread_create))[argc];
#else
  (void)argc;
  return 0;
#endif
}

Determining if the function pthread_create exists in the pthreads failed with the following output:
Change Dir: /home/pi/catkin_ws/build/polled_camera/CMakeFiles/CMakeTmp

Run Build Command:"/usr/bin/make" "cmTC_13d4d/fast"
/usr/bin/make -f CMakeFiles/cmTC_13d4d.dir/build.make CMakeFiles/cmTC_13d4d.dir/build
make[1]: Wejście do katalogu '/home/pi/catkin_ws/build/polled_camera/CMakeFiles/CMakeTmp'
Building C object CMakeFiles/cmTC_13d4d.dir/CheckFunctionExists.c.o
/usr/bin/cc   -DCHECK_FUNCTION_EXISTS=pthread_create   -o CMakeFiles/cmTC_13d4d.dir/CheckFunctionExists.c.o   -c /usr/share/cmake-3.13/Modules/CheckFunctionExists.c
Linking C executable cmTC_13d4d
/usr/bin/cmake -E cmake_link_script CMakeFiles/cmTC_13d4d.dir/link.txt --verbose=1
/usr/bin/cc  -DCHECK_FUNCTION_EXISTS=pthread_create    -rdynamic CMakeFiles/cmTC_13d4d.dir/CheckFunctionExists.c.o  -o cmTC_13d4d -lpthreads 
/usr/bin/ld: cannot find -lpthreads
collect2: error: ld returned 1 exit status
make[1]: *** [CMakeFiles/cmTC_13d4d.dir/build.make:87: cmTC_13d4d] Błąd 1
make[1]: Opuszczenie katalogu '/home/pi/catkin_ws/build/polled_camera/CMakeFiles/CMakeTmp'
make: *** [Makefile:121: cmTC_13d4d/fast] Błąd 2


