Change Component Designator: OldDesignator=*1_U_DriverCircuit1 NewDesignator=*1_DC_U_DriverCircuit1
Change Component Designator: OldDesignator=*1_U_DriverCircuit2 NewDesignator=*1_DC_U_DriverCircuit2
Change Component Designator: OldDesignator=*1_U_DriverCircuit3 NewDesignator=*1_DC_U_DriverCircuit3
Change Component Designator: OldDesignator=*1_U_DriverCircuit4 NewDesignator=*1_DC_U_DriverCircuit4
Change Component Designator: OldDesignator=C1_U_DriverCircuit1 NewDesignator=C1_DC_U_DriverCircuit1
Change Component Designator: OldDesignator=C1_U_DriverCircuit2 NewDesignator=C1_DC_U_DriverCircuit2
Change Component Designator: OldDesignator=C1_U_DriverCircuit3 NewDesignator=C1_DC_U_DriverCircuit3
Change Component Designator: OldDesignator=C1_U_DriverCircuit4 NewDesignator=C1_DC_U_DriverCircuit4
Change Component Designator: OldDesignator=D1 NewDesignator=D1_m
Change Component Designator: OldDesignator=D2 NewDesignator=D2_m
Change Component Designator: OldDesignator=D3 NewDesignator=D3_m
Change Component Designator: OldDesignator=D4 NewDesignator=D4_m
Change Component Designator: OldDesignator=D5 NewDesignator=D5_m
Change Component Designator: OldDesignator=D6 NewDesignator=D6_m
Change Component Designator: OldDesignator=D7 NewDesignator=D7_m
Change Component Designator: OldDesignator=D8 NewDesignator=D8_m
Change Component Designator: OldDesignator=D9 NewDesignator=D9_m
Change Component Designator: OldDesignator=D10 NewDesignator=D10_m
Change Component Designator: OldDesignator=D11 NewDesignator=D11_m
Change Component Designator: OldDesignator=D12 NewDesignator=D12_m
Change Net Name : Old Net Name=Net*1_U_DriverCircuit1_16 New Net Name=Net*1_DC_U_DriverCircuit1_16
Change Net Name : Old Net Name=Net*1_U_DriverCircuit1_20 New Net Name=Net*1_DC_U_DriverCircuit1_20
Change Net Name : Old Net Name=Net*1_U_DriverCircuit1_32 New Net Name=Net*1_DC_U_DriverCircuit1_32
Change Net Name : Old Net Name=Net*1_U_DriverCircuit2_16 New Net Name=Net*1_DC_U_DriverCircuit2_16
Change Net Name : Old Net Name=Net*1_U_DriverCircuit2_20 New Net Name=Net*1_DC_U_DriverCircuit2_20
Change Net Name : Old Net Name=Net*1_U_DriverCircuit2_32 New Net Name=Net*1_DC_U_DriverCircuit2_32
Change Net Name : Old Net Name=Net*1_U_DriverCircuit3_16 New Net Name=Net*1_DC_U_DriverCircuit3_16
Change Net Name : Old Net Name=Net*1_U_DriverCircuit3_20 New Net Name=Net*1_DC_U_DriverCircuit3_20
Change Net Name : Old Net Name=Net*1_U_DriverCircuit3_32 New Net Name=Net*1_DC_U_DriverCircuit3_32
Change Net Name : Old Net Name=Net*1_U_DriverCircuit4_16 New Net Name=Net*1_DC_U_DriverCircuit4_16
Change Net Name : Old Net Name=Net*1_U_DriverCircuit4_20 New Net Name=Net*1_DC_U_DriverCircuit4_20
Change Net Name : Old Net Name=Net*1_U_DriverCircuit4_32 New Net Name=Net*1_DC_U_DriverCircuit4_32
Change Net Name : Old Net Name=NetD1_2 New Net Name=NetD1_m_2
Change Net Name : Old Net Name=NetD3_2 New Net Name=NetD3_m_2
Change Net Name : Old Net Name=NetD4_2 New Net Name=NetD4_m_2
Change Net Name : Old Net Name=NetD6_2 New Net Name=NetD6_m_2
Change Net Name : Old Net Name=NetD7_2 New Net Name=NetD7_m_2
Change Net Name : Old Net Name=NetD8_2 New Net Name=NetD8_m_2
Change Net Name : Old Net Name=NetD9_2 New Net Name=NetD9_m_2
Change Net Name : Old Net Name=NetD10_2 New Net Name=NetD10_m_2
Change Net Name : Old Net Name=NetD11_2 New Net Name=NetD11_m_2
Change Net Name : Old Net Name=NetD12_2 New Net Name=NetD12_m_2
Added Room: Name=PowerFull_car_engineSteering
