Added Component: Designator=F1_m.6(0603)
Add component (AddParameter): Name = "LatestRevisionDate"; Value = "17-Jul-2002"; VariantName = "[No Variations]"
Add component (AddParameter): Name = "LatestRevisionNote"; Value = "Re-released for DXP Platform."; VariantName = "[No Variations]"
Add component (AddParameter): Name = "PackageDescription"; Value = "Thru-Hole; 2 Leads"; VariantName = "[No Variations]"
Add component (AddParameter): Name = "PackageReference"; Value = "PIN-W2/E2.8"; VariantName = "[No Variations]"
Add component (AddParameter): Name = "Published"; Value = "8-Jun-2000"; VariantName = "[No Variations]"
Add component (AddParameter): Name = "Publisher"; Value = "Altium Limited"; VariantName = "[No Variations]"
Added Component: Designator=F2_m.6(0603)
Add component (AddParameter): Name = "LatestRevisionDate"; Value = "17-Jul-2002"; VariantName = "[No Variations]"
Add component (AddParameter): Name = "LatestRevisionNote"; Value = "Re-released for DXP Platform."; VariantName = "[No Variations]"
Add component (AddParameter): Name = "PackageDescription"; Value = "Thru-Hole; 2 Leads"; VariantName = "[No Variations]"
Add component (AddParameter): Name = "PackageReference"; Value = "PIN-W2/E2.8"; VariantName = "[No Variations]"
Add component (AddParameter): Name = "Published"; Value = "8-Jun-2000"; VariantName = "[No Variations]"
Add component (AddParameter): Name = "Publisher"; Value = "Altium Limited"; VariantName = "[No Variations]"
Added Component: Designator=F3_m.6(0603)
Add component (AddParameter): Name = "LatestRevisionDate"; Value = "17-Jul-2002"; VariantName = "[No Variations]"
Add component (AddParameter): Name = "LatestRevisionNote"; Value = "Re-released for DXP Platform."; VariantName = "[No Variations]"
Add component (AddParameter): Name = "PackageDescription"; Value = "Thru-Hole; 2 Leads"; VariantName = "[No Variations]"
Add component (AddParameter): Name = "PackageReference"; Value = "PIN-W2/E2.8"; VariantName = "[No Variations]"
Add component (AddParameter): Name = "Published"; Value = "8-Jun-2000"; VariantName = "[No Variations]"
Add component (AddParameter): Name = "Publisher"; Value = "Altium Limited"; VariantName = "[No Variations]"
Added Component: Designator=F4_m.6(0603)
Add component (AddParameter): Name = "LatestRevisionDate"; Value = "17-Jul-2002"; VariantName = "[No Variations]"
Add component (AddParameter): Name = "LatestRevisionNote"; Value = "Re-released for DXP Platform."; VariantName = "[No Variations]"
Add component (AddParameter): Name = "PackageDescription"; Value = "Thru-Hole; 2 Leads"; VariantName = "[No Variations]"
Add component (AddParameter): Name = "PackageReference"; Value = "PIN-W2/E2.8"; VariantName = "[No Variations]"
Add component (AddParameter): Name = "Published"; Value = "8-Jun-2000"; VariantName = "[No Variations]"
Add component (AddParameter): Name = "Publisher"; Value = "Altium Limited"; VariantName = "[No Variations]"
Added Component: Designator=F5_m.6(0603)
Add component (AddParameter): Name = "LatestRevisionDate"; Value = "17-Jul-2002"; VariantName = "[No Variations]"
Add component (AddParameter): Name = "LatestRevisionNote"; Value = "Re-released for DXP Platform."; VariantName = "[No Variations]"
Add component (AddParameter): Name = "PackageDescription"; Value = "Thru-Hole; 2 Leads"; VariantName = "[No Variations]"
Add component (AddParameter): Name = "PackageReference"; Value = "PIN-W2/E2.8"; VariantName = "[No Variations]"
Add component (AddParameter): Name = "Published"; Value = "8-Jun-2000"; VariantName = "[No Variations]"
Add component (AddParameter): Name = "Publisher"; Value = "Altium Limited"; VariantName = "[No Variations]"
Added Pin To Net: NetName=12V Pin=F1_m.6-1
Added Pin To Net: NetName=Net*1_5V.1_3 Pin=F1_m.6-2
Added Pin To Net: NetName=VCC_U_DriverCircuit3 Pin=F2_m.6-1
Added Pin To Net: NetName=12V Pin=F2_m.6-2
Added Pin To Net: NetName=VCC_U_DriverCircuit2 Pin=F3_m.6-1
Added Pin To Net: NetName=12V Pin=F3_m.6-2
Added Pin To Net: NetName=VCC_U_DriverCircuit1 Pin=F4_m.6-1
Added Pin To Net: NetName=12V Pin=F4_m.6-2
Added Pin To Net: NetName=VCC_U_DriverCircuit4 Pin=F5_m.6-1
Added Pin To Net: NetName=12V Pin=F5_m.6-2
Added Member To Class: ClassName=PowerFull_car_engineSteering Member=Component F1_m.6 (F1_m) Pin_Designator
Added Member To Class: ClassName=PowerFull_car_engineSteering Member=Component F2_m.6 (F2_m) Pin_Designator
Added Member To Class: ClassName=PowerFull_car_engineSteering Member=Component F3_m.6 (F3_m) Pin_Designator
Added Member To Class: ClassName=PowerFull_car_engineSteering Member=Component F4_m.6 (F4_m) Pin_Designator
Added Member To Class: ClassName=PowerFull_car_engineSteering Member=Component F5_m.6 (F5_m) Pin_Designator
Added Room: Name=PowerFull_car_engineSteering
Added Room: Name=U_5VCircuit
Added Room: Name=U_DriverCircuit1
Added Room: Name=U_DriverCircuit2
Added Room: Name=U_DriverCircuit3
Added Room: Name=U_DriverCircuit4
