Removed Pin From Net: NetName=5V Pin=F1_m.6-1
Removed Pin From Net: NetName=5V Pin=F2_m.6-2
Removed Pin From Net: NetName=5V Pin=F3_m.6-2
Removed Pin From Net: NetName=5V Pin=F4_m.6-2
Removed Pin From Net: NetName=5V Pin=F5_m.6-2
Removed Pin From Net: NetName=5V Pin=P1_m.6-1
Removed Pin From Net: NetName=5V Pin=P3_m.6-2
Change Net Name : Old Net Name=NetP4_m.6_1 New Net Name=NetP4_1
Change Net Name : Old Net Name=NetP4_m.6_2 New Net Name=NetP4_2
Change Net Name : Old Net Name=NetP4_m.6_3 New Net Name=NetP4_3
Change Net Name : Old Net Name=NetP4_m.6_4 New Net Name=NetP4_4
Added Pin To Net: NetName=12V Pin=F1_m.6-1
Added Pin To Net: NetName=12V Pin=F2_m.6-2
Added Pin To Net: NetName=12V Pin=F3_m.6-2
Added Pin To Net: NetName=12V Pin=F4_m.6-2
Added Pin To Net: NetName=12V Pin=F5_m.6-2
Added Pin To Net: NetName=12V Pin=P1_m.6-1
Added Pin To Net: NetName=12V Pin=P3_m.6-2
Added Net: Name=12V
Added Member To Class: ClassName=U_DriverCircuit1 Member=Component R1 (R1_DC) Pin_Designator
Added Member To Class: ClassName=U_DriverCircuit1 Member=Component R2 (R2_DC) Pin_Designator
Added Member To Class: ClassName=U_DriverCircuit1 Member=Component R3 (R3_DC) Pin_Designator
Added Member To Class: ClassName=U_DriverCircuit1 Member=Component R4 (R4_DC) Pin_Designator
Added Room: Name=PowerFull_car_engineSteering
Added Room: Name=U_DriverCircuit1
Added Room: Name=U_DriverCircuit2
Added Room: Name=U_DriverCircuit3
Added Room: Name=U_DriverCircuit4
