Change Component Footprint: Designator=D13_m.6 Old Footprint=3.2X1.6X1.1 New Footprint=1608[0603]
Change Component Footprint: Designator=D14_m.6 Old Footprint=3.2X1.6X1.1 New Footprint=1608[0603]
Change Component Footprint: Designator=R1 Old Footprint=AXIAL-0.3 New Footprint=1608[0603]
Change Component Footprint: Designator=R1_5V.1 Old Footprint=AXIAL-0.3 New Footprint=1608[0603]
Change Component Footprint: Designator=R1_DC.3 Old Footprint=AXIAL-0.3 New Footprint=1608[0603]
Change Component Footprint: Designator=R1_DC.4 Old Footprint=AXIAL-0.3 New Footprint=1608[0603]
Change Component Footprint: Designator=R1_DC.5 Old Footprint=AXIAL-0.3 New Footprint=1608[0603]
Change Component Footprint: Designator=R1_m.6 Old Footprint=AXIAL-0.3 New Footprint=1608[0603]
Change Component Footprint: Designator=R2 Old Footprint=AXIAL-0.3 New Footprint=1608[0603]
Change Component Footprint: Designator=R2_5V.1 Old Footprint=AXIAL-0.3 New Footprint=1608[0603]
Change Component Footprint: Designator=R2_DC.3 Old Footprint=AXIAL-0.3 New Footprint=1608[0603]
Change Component Footprint: Designator=R2_DC.4 Old Footprint=AXIAL-0.3 New Footprint=1608[0603]
Change Component Footprint: Designator=R2_DC.5 Old Footprint=AXIAL-0.3 New Footprint=1608[0603]
Change Component Footprint: Designator=R2_m.6 Old Footprint=AXIAL-0.3 New Footprint=1608[0603]
Change Component Footprint: Designator=R3 Old Footprint=AXIAL-0.3 New Footprint=1608[0603]
Change Component Footprint: Designator=R3_DC.3 Old Footprint=AXIAL-0.3 New Footprint=1608[0603]
Change Component Footprint: Designator=R3_DC.4 Old Footprint=AXIAL-0.3 New Footprint=1608[0603]
Change Component Footprint: Designator=R3_DC.5 Old Footprint=AXIAL-0.3 New Footprint=1608[0603]
Change Component Footprint: Designator=R3_m.6 Old Footprint=AXIAL-0.3 New Footprint=1608[0603]
Change Component Footprint: Designator=R4 Old Footprint=AXIAL-0.3 New Footprint=1608[0603]
Change Component Footprint: Designator=R4_DC.3 Old Footprint=AXIAL-0.3 New Footprint=1608[0603]
Change Component Footprint: Designator=R4_DC.4 Old Footprint=AXIAL-0.3 New Footprint=1608[0603]
Change Component Footprint: Designator=R4_DC.5 Old Footprint=AXIAL-0.3 New Footprint=1608[0603]
Change Component Footprint: Designator=R4_m.6 Old Footprint=AXIAL-0.3 New Footprint=1608[0603]
Change Component Footprint: Designator=R5_m.6 Old Footprint=AXIAL-0.3 New Footprint=1608[0603]
Change Component Footprint: Designator=R6_m.6 Old Footprint=AXIAL-0.3 New Footprint=1608[0603]
Change Component Footprint: Designator=R7_m.6 Old Footprint=AXIAL-0.3 New Footprint=1608[0603]
Change Component Footprint: Designator=R8_m.6 Old Footprint=AXIAL-0.3 New Footprint=1608[0603]
Change Component Footprint: Designator=R9_m.6 Old Footprint=AXIAL-0.3 New Footprint=1608[0603]
Change Component Footprint: Designator=R10_m.6 Old Footprint=AXIAL-0.3 New Footprint=1608[0603]
Change Component Footprint: Designator=R11_m.6 Old Footprint=AXIAL-0.3 New Footprint=1608[0603]
Change Component Footprint: Designator=R12_m.6 Old Footprint=AXIAL-0.3 New Footprint=1608[0603]
Change Component Footprint: Designator=R13_m.6 Old Footprint=AXIAL-0.3 New Footprint=1608[0603]
Change Component Footprint: Designator=R14_m.6 Old Footprint=AXIAL-0.3 New Footprint=1608[0603]
Change Component Footprint: Designator=R15_m.6 Old Footprint=AXIAL-0.3 New Footprint=1608[0603]
Change Component Footprint: Designator=R16_m.6 Old Footprint=AXIAL-0.3 New Footprint=1608[0603]
Change Component Footprint: Designator=R17_m.6 Old Footprint=AXIAL-0.3 New Footprint=1608[0603]
Change Component Footprint: Designator=R18_m.6 Old Footprint=AXIAL-0.3 New Footprint=1608[0603]
Change Component Footprint: Designator=R19_m.6 Old Footprint=AXIAL-0.3 New Footprint=1608[0603]
Change Component Footprint: Designator=F1_m.6 Old Footprint=PIN-W2/E2.8 New Footprint=1608[0603]
Change Component Footprint: Designator=F2_m.6 Old Footprint=PIN-W2/E2.8 New Footprint=1608[0603]
Change Component Footprint: Designator=F3_m.6 Old Footprint=PIN-W2/E2.8 New Footprint=1608[0603]
Change Component Footprint: Designator=F4_m.6 Old Footprint=PIN-W2/E2.8 New Footprint=1608[0603]
Change Component Footprint: Designator=F5_m.6 Old Footprint=PIN-W2/E2.8 New Footprint=1608[0603]
