Replace Part D1_m Diode in F:\GIT\ROS-4x4-CAR-AI\Schema\v0.1\SteeringCircuit\SteeringCircuit\PowerFull_car_engineSteering.SchDoc with Diode from Celestial Altium Library - altium_library (5).DbLib
Replace Part D2_m Diode in F:\GIT\ROS-4x4-CAR-AI\Schema\v0.1\SteeringCircuit\SteeringCircuit\PowerFull_car_engineSteering.SchDoc with Diode from Celestial Altium Library - altium_library (5).DbLib
Replace Part D3_m Diode in F:\GIT\ROS-4x4-CAR-AI\Schema\v0.1\SteeringCircuit\SteeringCircuit\PowerFull_car_engineSteering.SchDoc with Diode from Celestial Altium Library - altium_library (5).DbLib
Replace Part D4_m Diode in F:\GIT\ROS-4x4-CAR-AI\Schema\v0.1\SteeringCircuit\SteeringCircuit\PowerFull_car_engineSteering.SchDoc with Diode from Celestial Altium Library - altium_library (5).DbLib
Replace Part D5_m Diode in F:\GIT\ROS-4x4-CAR-AI\Schema\v0.1\SteeringCircuit\SteeringCircuit\PowerFull_car_engineSteering.SchDoc with Diode from Celestial Altium Library - altium_library (5).DbLib
Replace Part D6_m Diode in F:\GIT\ROS-4x4-CAR-AI\Schema\v0.1\SteeringCircuit\SteeringCircuit\PowerFull_car_engineSteering.SchDoc with Diode from Celestial Altium Library - altium_library (5).DbLib
Replace Part D7_m Diode in F:\GIT\ROS-4x4-CAR-AI\Schema\v0.1\SteeringCircuit\SteeringCircuit\PowerFull_car_engineSteering.SchDoc with Diode from Celestial Altium Library - altium_library (5).DbLib
Replace Part D8_m Diode in F:\GIT\ROS-4x4-CAR-AI\Schema\v0.1\SteeringCircuit\SteeringCircuit\PowerFull_car_engineSteering.SchDoc with Diode from Celestial Altium Library - altium_library (5).DbLib
Replace Part D9_m Diode in F:\GIT\ROS-4x4-CAR-AI\Schema\v0.1\SteeringCircuit\SteeringCircuit\PowerFull_car_engineSteering.SchDoc with Diode from Celestial Altium Library - altium_library (5).DbLib
Replace Part D10_m Diode in F:\GIT\ROS-4x4-CAR-AI\Schema\v0.1\SteeringCircuit\SteeringCircuit\PowerFull_car_engineSteering.SchDoc with Diode from Celestial Altium Library - altium_library (5).DbLib
Replace Part D11_m Diode in F:\GIT\ROS-4x4-CAR-AI\Schema\v0.1\SteeringCircuit\SteeringCircuit\PowerFull_car_engineSteering.SchDoc with Diode from Celestial Altium Library - altium_library (5).DbLib
Replace Part D12_m Diode in F:\GIT\ROS-4x4-CAR-AI\Schema\v0.1\SteeringCircuit\SteeringCircuit\PowerFull_car_engineSteering.SchDoc with Diode from Celestial Altium Library - altium_library (5).DbLib
Replace Part D13_m LED2 in F:\GIT\ROS-4x4-CAR-AI\Schema\v0.1\SteeringCircuit\SteeringCircuit\PowerFull_car_engineSteering.SchDoc with LED2 from Miscellaneous Devices.IntLib
Replace Part D14_m LED2 in F:\GIT\ROS-4x4-CAR-AI\Schema\v0.1\SteeringCircuit\SteeringCircuit\PowerFull_car_engineSteering.SchDoc with LED2 from Miscellaneous Devices.IntLib
Replace Part F1_m Fuse 2 in F:\GIT\ROS-4x4-CAR-AI\Schema\v0.1\SteeringCircuit\SteeringCircuit\PowerFull_car_engineSteering.SchDoc with Fuse 2 from Miscellaneous Devices.IntLib
Replace Part F2_m Fuse 2 in F:\GIT\ROS-4x4-CAR-AI\Schema\v0.1\SteeringCircuit\SteeringCircuit\PowerFull_car_engineSteering.SchDoc with Fuse 2 from Miscellaneous Devices.IntLib
Replace Part F3_m Fuse 2 in F:\GIT\ROS-4x4-CAR-AI\Schema\v0.1\SteeringCircuit\SteeringCircuit\PowerFull_car_engineSteering.SchDoc with Fuse 2 from Miscellaneous Devices.IntLib
Replace Part F4_m Fuse 2 in F:\GIT\ROS-4x4-CAR-AI\Schema\v0.1\SteeringCircuit\SteeringCircuit\PowerFull_car_engineSteering.SchDoc with Fuse 2 from Miscellaneous Devices.IntLib
Replace Part F5_m Fuse 2 in F:\GIT\ROS-4x4-CAR-AI\Schema\v0.1\SteeringCircuit\SteeringCircuit\PowerFull_car_engineSteering.SchDoc with Fuse 2 from Miscellaneous Devices.IntLib
Replace Part P1_m Header 2 in F:\GIT\ROS-4x4-CAR-AI\Schema\v0.1\SteeringCircuit\SteeringCircuit\PowerFull_car_engineSteering.SchDoc with Header 2 from Miscellaneous Connectors.IntLib
Replace Part P2_m Header 2 in F:\GIT\ROS-4x4-CAR-AI\Schema\v0.1\SteeringCircuit\SteeringCircuit\PowerFull_car_engineSteering.SchDoc with Header 2 from Miscellaneous Connectors.IntLib
Replace Part P3_m Header 2 in F:\GIT\ROS-4x4-CAR-AI\Schema\v0.1\SteeringCircuit\SteeringCircuit\PowerFull_car_engineSteering.SchDoc with Header 2 from Miscellaneous Connectors.IntLib
Replace Part P4_m Header 4 in F:\GIT\ROS-4x4-CAR-AI\Schema\v0.1\SteeringCircuit\SteeringCircuit\PowerFull_car_engineSteering.SchDoc with Header 4 from Miscellaneous Connectors.IntLib
Replace Part P5_m Header 3 in F:\GIT\ROS-4x4-CAR-AI\Schema\v0.1\SteeringCircuit\SteeringCircuit\PowerFull_car_engineSteering.SchDoc with Header 3 from Miscellaneous Connectors.IntLib
Replace Part P6_m Header 3 in F:\GIT\ROS-4x4-CAR-AI\Schema\v0.1\SteeringCircuit\SteeringCircuit\PowerFull_car_engineSteering.SchDoc with Header 3 from Miscellaneous Connectors.IntLib
Replace Part P7_m Header 3 in F:\GIT\ROS-4x4-CAR-AI\Schema\v0.1\SteeringCircuit\SteeringCircuit\PowerFull_car_engineSteering.SchDoc with Header 3 from Miscellaneous Connectors.IntLib
Replace Part P8_m Header 3 in F:\GIT\ROS-4x4-CAR-AI\Schema\v0.1\SteeringCircuit\SteeringCircuit\PowerFull_car_engineSteering.SchDoc with Header 3 from Miscellaneous Connectors.IntLib
Replace Part P9_m Header 4 in F:\GIT\ROS-4x4-CAR-AI\Schema\v0.1\SteeringCircuit\SteeringCircuit\PowerFull_car_engineSteering.SchDoc with Header 4 from Miscellaneous Connectors.IntLib
Replace Part P10_m Header 4 in F:\GIT\ROS-4x4-CAR-AI\Schema\v0.1\SteeringCircuit\SteeringCircuit\PowerFull_car_engineSteering.SchDoc with Header 4 from Miscellaneous Connectors.IntLib
Replace Part P11_m Header 4 in F:\GIT\ROS-4x4-CAR-AI\Schema\v0.1\SteeringCircuit\SteeringCircuit\PowerFull_car_engineSteering.SchDoc with Header 4 from Miscellaneous Connectors.IntLib
Replace Part R1_m Res1 in F:\GIT\ROS-4x4-CAR-AI\Schema\v0.1\SteeringCircuit\SteeringCircuit\PowerFull_car_engineSteering.SchDoc with Res1 from Miscellaneous Devices.IntLib
Replace Part R2_m Res1 in F:\GIT\ROS-4x4-CAR-AI\Schema\v0.1\SteeringCircuit\SteeringCircuit\PowerFull_car_engineSteering.SchDoc with Res1 from Miscellaneous Devices.IntLib
Replace Part R3_m Res1 in F:\GIT\ROS-4x4-CAR-AI\Schema\v0.1\SteeringCircuit\SteeringCircuit\PowerFull_car_engineSteering.SchDoc with Res1 from Miscellaneous Devices.IntLib
Replace Part R4_m Res1 in F:\GIT\ROS-4x4-CAR-AI\Schema\v0.1\SteeringCircuit\SteeringCircuit\PowerFull_car_engineSteering.SchDoc with Res1 from Miscellaneous Devices.IntLib
Replace Part R5_m Res1 in F:\GIT\ROS-4x4-CAR-AI\Schema\v0.1\SteeringCircuit\SteeringCircuit\PowerFull_car_engineSteering.SchDoc with Res1 from Miscellaneous Devices.IntLib
Replace Part R6_m Res1 in F:\GIT\ROS-4x4-CAR-AI\Schema\v0.1\SteeringCircuit\SteeringCircuit\PowerFull_car_engineSteering.SchDoc with Res1 from Miscellaneous Devices.IntLib
Replace Part R7_m Res1 in F:\GIT\ROS-4x4-CAR-AI\Schema\v0.1\SteeringCircuit\SteeringCircuit\PowerFull_car_engineSteering.SchDoc with Res1 from Miscellaneous Devices.IntLib
Replace Part R8_m Res1 in F:\GIT\ROS-4x4-CAR-AI\Schema\v0.1\SteeringCircuit\SteeringCircuit\PowerFull_car_engineSteering.SchDoc with Res1 from Miscellaneous Devices.IntLib
Replace Part R9_m Res1 in F:\GIT\ROS-4x4-CAR-AI\Schema\v0.1\SteeringCircuit\SteeringCircuit\PowerFull_car_engineSteering.SchDoc with Res1 from Miscellaneous Devices.IntLib
Replace Part R10_m Res1 in F:\GIT\ROS-4x4-CAR-AI\Schema\v0.1\SteeringCircuit\SteeringCircuit\PowerFull_car_engineSteering.SchDoc with Res1 from Miscellaneous Devices.IntLib
Replace Part R11_m Res1 in F:\GIT\ROS-4x4-CAR-AI\Schema\v0.1\SteeringCircuit\SteeringCircuit\PowerFull_car_engineSteering.SchDoc with Res1 from Miscellaneous Devices.IntLib
Replace Part R12_m Res1 in F:\GIT\ROS-4x4-CAR-AI\Schema\v0.1\SteeringCircuit\SteeringCircuit\PowerFull_car_engineSteering.SchDoc with Res1 from Miscellaneous Devices.IntLib
Replace Part R13_m Res1 in F:\GIT\ROS-4x4-CAR-AI\Schema\v0.1\SteeringCircuit\SteeringCircuit\PowerFull_car_engineSteering.SchDoc with Res1 from Miscellaneous Devices.IntLib
Replace Part R14_m Res1 in F:\GIT\ROS-4x4-CAR-AI\Schema\v0.1\SteeringCircuit\SteeringCircuit\PowerFull_car_engineSteering.SchDoc with Res1 from Miscellaneous Devices.IntLib
Replace Part R15_m Res1 in F:\GIT\ROS-4x4-CAR-AI\Schema\v0.1\SteeringCircuit\SteeringCircuit\PowerFull_car_engineSteering.SchDoc with Res1 from Miscellaneous Devices.IntLib
Replace Part R16_m Res1 in F:\GIT\ROS-4x4-CAR-AI\Schema\v0.1\SteeringCircuit\SteeringCircuit\PowerFull_car_engineSteering.SchDoc with Res1 from Miscellaneous Devices.IntLib
Replace Part R17_m Res1 in F:\GIT\ROS-4x4-CAR-AI\Schema\v0.1\SteeringCircuit\SteeringCircuit\PowerFull_car_engineSteering.SchDoc with Res1 from Miscellaneous Devices.IntLib
Replace Part R18_m Res1 in F:\GIT\ROS-4x4-CAR-AI\Schema\v0.1\SteeringCircuit\SteeringCircuit\PowerFull_car_engineSteering.SchDoc with Res1 from Miscellaneous Devices.IntLib
Replace Part R19_m Res1 in F:\GIT\ROS-4x4-CAR-AI\Schema\v0.1\SteeringCircuit\SteeringCircuit\PowerFull_car_engineSteering.SchDoc with Res1 from Miscellaneous Devices.IntLib
