Change Component Comment: Designator=C1_DC Old Comment==Value New Comment=Pin_Designator
Change Component Comment: Designator=C1_DC Old Comment=Pin_Designator New Comment=Pin_Designator
Change Component Comment: Designator=C1_DC Old Comment=Pin_Designator New Comment=Pin_Designator
Change Component Comment: Designator=C1_DC Old Comment=Pin_Designator New Comment=Pin_Designator
Change Component Comment: Designator=*1_5V Old Comment=AP62301Z6-7 New Comment=Pin_Designator
Change Component Comment: Designator=*1_DC Old Comment=BD63150AFM-E2 New Comment=Pin_Designator
Change Component Comment: Designator=*1_DC Old Comment=Pin_Designator New Comment=Pin_Designator
Change Component Comment: Designator=*1_DC Old Comment=Pin_Designator New Comment=Pin_Designator
Change Component Comment: Designator=*1_DC Old Comment=Pin_Designator New Comment=Pin_Designator
Change Component Comment: Designator=C1_5V Old Comment=Cap New Comment=Pin_Designator
Change Component Comment: Designator=C2_5V Old Comment=Cap New Comment=Pin_Designator
Change Component Comment: Designator=C2_DC Old Comment=Cap New Comment=Pin_Designator
Change Component Comment: Designator=C2_DC Old Comment=Pin_Designator New Comment=Pin_Designator
Change Component Comment: Designator=C2_DC Old Comment=Pin_Designator New Comment=Pin_Designator
Change Component Comment: Designator=C2_DC Old Comment=Pin_Designator New Comment=Pin_Designator
Change Component Comment: Designator=C3_5V Old Comment=Cap New Comment=Pin_Designator
Change Component Comment: Designator=C4_5V Old Comment=Cap New Comment=Pin_Designator
Change Component Comment: Designator=F1_m Old Comment=Fuse 2 New Comment=Pin_Designator
Change Component Comment: Designator=F2_m Old Comment=Fuse 2 New Comment=Pin_Designator
Change Component Comment: Designator=F3_m Old Comment=Fuse 2 New Comment=Pin_Designator
Change Component Comment: Designator=F4_m Old Comment=Fuse 2 New Comment=Pin_Designator
Change Component Comment: Designator=F5_m Old Comment=Fuse 2 New Comment=Pin_Designator
Change Component Comment: Designator=P1_m Old Comment=Header 2 New Comment=Pin_Designator
Change Component Comment: Designator=P2_m Old Comment=Header 2 New Comment=Pin_Designator
Change Component Comment: Designator=P3_m Old Comment=Header 2 New Comment=Pin_Designator
Change Component Comment: Designator=P5_m Old Comment=Header 3 New Comment=Pin_Designator
Change Component Comment: Designator=P6_m Old Comment=Header 3 New Comment=Pin_Designator
Change Component Comment: Designator=P7_m Old Comment=Header 3 New Comment=Pin_Designator
Change Component Comment: Designator=P8_m Old Comment=Header 3 New Comment=Pin_Designator
Change Component Comment: Designator=P4_m Old Comment=Header 4 New Comment=Pin_Designator
Change Component Comment: Designator=P9_m Old Comment=Header 4 New Comment=Pin_Designator
Change Component Comment: Designator=P10_m Old Comment=Header 4 New Comment=Pin_Designator
Change Component Comment: Designator=P11_m Old Comment=Header 4 New Comment=Pin_Designator
Change Component Comment: Designator=L1_5V Old Comment=Inductor New Comment=Pin_Designator
Change Component Comment: Designator=D13_m Old Comment=LED2 New Comment=Pin_Designator
Change Component Comment: Designator=D14_m Old Comment=LED2 New Comment=Pin_Designator
Change Component Comment: Designator=D1_m Old Comment==Part Number New Comment=Pin_Designator
Change Component Comment: Designator=D2_m Old Comment==Part Number New Comment=Pin_Designator
Change Component Comment: Designator=D3_m Old Comment==Part Number New Comment=Pin_Designator
Change Component Comment: Designator=D4_m Old Comment==Part Number New Comment=Pin_Designator
Change Component Comment: Designator=D5_m Old Comment==Part Number New Comment=Pin_Designator
Change Component Comment: Designator=D6_m Old Comment==Part Number New Comment=Pin_Designator
Change Component Comment: Designator=D7_m Old Comment==Part Number New Comment=Pin_Designator
Change Component Comment: Designator=D8_m Old Comment==Part Number New Comment=Pin_Designator
Change Component Comment: Designator=D9_m Old Comment==Part Number New Comment=Pin_Designator
Change Component Comment: Designator=D10_m Old Comment==Part Number New Comment=Pin_Designator
Change Component Comment: Designator=D11_m Old Comment==Part Number New Comment=Pin_Designator
Change Component Comment: Designator=D12_m Old Comment==Part Number New Comment=Pin_Designator
Change Component Comment: Designator=R1_5V Old Comment=Res1 New Comment=Pin_Designator
Change Component Comment: Designator=R1_DC Old Comment=Res1 New Comment=Pin_Designator
Change Component Comment: Designator=R1_DC Old Comment=Pin_Designator New Comment=Pin_Designator
Change Component Comment: Designator=R1_DC Old Comment=Pin_Designator New Comment=Pin_Designator
Change Component Comment: Designator=R1_DC Old Comment=Pin_Designator New Comment=Pin_Designator
Change Component Comment: Designator=R1_m Old Comment=Res1 New Comment=Pin_Designator
Change Component Comment: Designator=R2_5V Old Comment=Res1 New Comment=Pin_Designator
Change Component Comment: Designator=R2_DC Old Comment=Res1 New Comment=Pin_Designator
Change Component Comment: Designator=R2_DC Old Comment=Pin_Designator New Comment=Pin_Designator
Change Component Comment: Designator=R2_DC Old Comment=Pin_Designator New Comment=Pin_Designator
Change Component Comment: Designator=R2_DC Old Comment=Pin_Designator New Comment=Pin_Designator
Change Component Comment: Designator=R2_m Old Comment=Res1 New Comment=Pin_Designator
Change Component Comment: Designator=R3_DC Old Comment=Res1 New Comment=Pin_Designator
Change Component Comment: Designator=R3_DC Old Comment=Pin_Designator New Comment=Pin_Designator
Change Component Comment: Designator=R3_DC Old Comment=Pin_Designator New Comment=Pin_Designator
Change Component Comment: Designator=R3_DC Old Comment=Pin_Designator New Comment=Pin_Designator
Change Component Comment: Designator=R3_m Old Comment=Res1 New Comment=Pin_Designator
Change Component Comment: Designator=R4_DC Old Comment=Res1 New Comment=Pin_Designator
Change Component Comment: Designator=R4_DC Old Comment=Pin_Designator New Comment=Pin_Designator
Change Component Comment: Designator=R4_DC Old Comment=Pin_Designator New Comment=Pin_Designator
Change Component Comment: Designator=R4_DC Old Comment=Pin_Designator New Comment=Pin_Designator
Change Component Comment: Designator=R4_m Old Comment=Res1 New Comment=Pin_Designator
Change Component Comment: Designator=R5_m Old Comment=Res1 New Comment=Pin_Designator
Change Component Comment: Designator=R6_m Old Comment=Res1 New Comment=Pin_Designator
Change Component Comment: Designator=R7_m Old Comment=Res1 New Comment=Pin_Designator
Change Component Comment: Designator=R8_m Old Comment=Res1 New Comment=Pin_Designator
Change Component Comment: Designator=R9_m Old Comment=Res1 New Comment=Pin_Designator
Change Component Comment: Designator=R10_m Old Comment=Res1 New Comment=Pin_Designator
Change Component Comment: Designator=R11_m Old Comment=Res1 New Comment=Pin_Designator
Change Component Comment: Designator=R12_m Old Comment=Res1 New Comment=Pin_Designator
Change Component Comment: Designator=R13_m Old Comment=Res1 New Comment=Pin_Designator
Change Component Comment: Designator=R14_m Old Comment=Res1 New Comment=Pin_Designator
Change Component Comment: Designator=R15_m Old Comment=Res1 New Comment=Pin_Designator
Change Component Comment: Designator=R16_m Old Comment=Res1 New Comment=Pin_Designator
Change Component Comment: Designator=R17_m Old Comment=Res1 New Comment=Pin_Designator
Change Component Comment: Designator=R18_m Old Comment=Res1 New Comment=Pin_Designator
Change Component Comment: Designator=R19_m Old Comment=Res1 New Comment=Pin_Designator
