Replace Part D1 Diode in F:\GIT\ROS-4x4-CAR-AI\Schema\v0.1\SteeringCircuit\SteeringCircuit\PowerFull_car_engineSteering.SchDoc with Diode from Miscellaneous Devices.IntLib
Replace Part D2 Diode in F:\GIT\ROS-4x4-CAR-AI\Schema\v0.1\SteeringCircuit\SteeringCircuit\PowerFull_car_engineSteering.SchDoc with Diode from Miscellaneous Devices.IntLib
Replace Part D3 Diode in F:\GIT\ROS-4x4-CAR-AI\Schema\v0.1\SteeringCircuit\SteeringCircuit\PowerFull_car_engineSteering.SchDoc with Diode from Miscellaneous Devices.IntLib
Replace Part D4 Diode in F:\GIT\ROS-4x4-CAR-AI\Schema\v0.1\SteeringCircuit\SteeringCircuit\PowerFull_car_engineSteering.SchDoc with Diode from Miscellaneous Devices.IntLib
Replace Part D5 Diode in F:\GIT\ROS-4x4-CAR-AI\Schema\v0.1\SteeringCircuit\SteeringCircuit\PowerFull_car_engineSteering.SchDoc with Diode from Miscellaneous Devices.IntLib
Replace Part D6 Diode in F:\GIT\ROS-4x4-CAR-AI\Schema\v0.1\SteeringCircuit\SteeringCircuit\PowerFull_car_engineSteering.SchDoc with Diode from Miscellaneous Devices.IntLib
Replace Part D7 Diode in F:\GIT\ROS-4x4-CAR-AI\Schema\v0.1\SteeringCircuit\SteeringCircuit\PowerFull_car_engineSteering.SchDoc with Diode from Miscellaneous Devices.IntLib
Replace Part D8 Diode in F:\GIT\ROS-4x4-CAR-AI\Schema\v0.1\SteeringCircuit\SteeringCircuit\PowerFull_car_engineSteering.SchDoc with Diode from Miscellaneous Devices.IntLib
Replace Part D9 Diode in F:\GIT\ROS-4x4-CAR-AI\Schema\v0.1\SteeringCircuit\SteeringCircuit\PowerFull_car_engineSteering.SchDoc with Diode from Miscellaneous Devices.IntLib
Replace Part D10 Diode in F:\GIT\ROS-4x4-CAR-AI\Schema\v0.1\SteeringCircuit\SteeringCircuit\PowerFull_car_engineSteering.SchDoc with Diode from Miscellaneous Devices.IntLib
Replace Part D11 Diode in F:\GIT\ROS-4x4-CAR-AI\Schema\v0.1\SteeringCircuit\SteeringCircuit\PowerFull_car_engineSteering.SchDoc with Diode from Miscellaneous Devices.IntLib
Replace Part D12 Diode in F:\GIT\ROS-4x4-CAR-AI\Schema\v0.1\SteeringCircuit\SteeringCircuit\PowerFull_car_engineSteering.SchDoc with Diode from Miscellaneous Devices.IntLib
Replace Part D13 LED2 in F:\GIT\ROS-4x4-CAR-AI\Schema\v0.1\SteeringCircuit\SteeringCircuit\PowerFull_car_engineSteering.SchDoc with LED2 from Miscellaneous Devices.IntLib
Replace Part D14 LED2 in F:\GIT\ROS-4x4-CAR-AI\Schema\v0.1\SteeringCircuit\SteeringCircuit\PowerFull_car_engineSteering.SchDoc with LED2 from Miscellaneous Devices.IntLib
Replace Part F1 Fuse 2 in F:\GIT\ROS-4x4-CAR-AI\Schema\v0.1\SteeringCircuit\SteeringCircuit\PowerFull_car_engineSteering.SchDoc with Fuse 2 from Miscellaneous Devices.IntLib
Replace Part F2 Fuse 2 in F:\GIT\ROS-4x4-CAR-AI\Schema\v0.1\SteeringCircuit\SteeringCircuit\PowerFull_car_engineSteering.SchDoc with Fuse 2 from Miscellaneous Devices.IntLib
Replace Part F3 Fuse 2 in F:\GIT\ROS-4x4-CAR-AI\Schema\v0.1\SteeringCircuit\SteeringCircuit\PowerFull_car_engineSteering.SchDoc with Fuse 2 from Miscellaneous Devices.IntLib
Replace Part F4 Fuse 2 in F:\GIT\ROS-4x4-CAR-AI\Schema\v0.1\SteeringCircuit\SteeringCircuit\PowerFull_car_engineSteering.SchDoc with Fuse 2 from Miscellaneous Devices.IntLib
Replace Part F5 Fuse 2 in F:\GIT\ROS-4x4-CAR-AI\Schema\v0.1\SteeringCircuit\SteeringCircuit\PowerFull_car_engineSteering.SchDoc with Fuse 2 from Miscellaneous Devices.IntLib
Replace Part P1 Header 2 in F:\GIT\ROS-4x4-CAR-AI\Schema\v0.1\SteeringCircuit\SteeringCircuit\PowerFull_car_engineSteering.SchDoc with Header 2 from Miscellaneous Connectors.IntLib
Replace Part P2 Header 2 in F:\GIT\ROS-4x4-CAR-AI\Schema\v0.1\SteeringCircuit\SteeringCircuit\PowerFull_car_engineSteering.SchDoc with Header 2 from Miscellaneous Connectors.IntLib
Replace Part P3 Header 2 in F:\GIT\ROS-4x4-CAR-AI\Schema\v0.1\SteeringCircuit\SteeringCircuit\PowerFull_car_engineSteering.SchDoc with Header 2 from Miscellaneous Connectors.IntLib
Replace Part P4 Header 4 in F:\GIT\ROS-4x4-CAR-AI\Schema\v0.1\SteeringCircuit\SteeringCircuit\PowerFull_car_engineSteering.SchDoc with Header 4 from Miscellaneous Connectors.IntLib
Replace Part P5 Header 4 in F:\GIT\ROS-4x4-CAR-AI\Schema\v0.1\SteeringCircuit\SteeringCircuit\PowerFull_car_engineSteering.SchDoc with Header 4 from Miscellaneous Connectors.IntLib
Replace Part P6 Header 3 in F:\GIT\ROS-4x4-CAR-AI\Schema\v0.1\SteeringCircuit\SteeringCircuit\PowerFull_car_engineSteering.SchDoc with Header 3 from Miscellaneous Connectors.IntLib
Replace Part P7 Header 3 in F:\GIT\ROS-4x4-CAR-AI\Schema\v0.1\SteeringCircuit\SteeringCircuit\PowerFull_car_engineSteering.SchDoc with Header 3 from Miscellaneous Connectors.IntLib
Replace Part P8 Header 3 in F:\GIT\ROS-4x4-CAR-AI\Schema\v0.1\SteeringCircuit\SteeringCircuit\PowerFull_car_engineSteering.SchDoc with Header 3 from Miscellaneous Connectors.IntLib
Replace Part P9 Header 3 in F:\GIT\ROS-4x4-CAR-AI\Schema\v0.1\SteeringCircuit\SteeringCircuit\PowerFull_car_engineSteering.SchDoc with Header 3 from Miscellaneous Connectors.IntLib
Replace Part P10 Header 4 in F:\GIT\ROS-4x4-CAR-AI\Schema\v0.1\SteeringCircuit\SteeringCircuit\PowerFull_car_engineSteering.SchDoc with Header 4 from Miscellaneous Connectors.IntLib
Replace Part P11 Header 4 in F:\GIT\ROS-4x4-CAR-AI\Schema\v0.1\SteeringCircuit\SteeringCircuit\PowerFull_car_engineSteering.SchDoc with Header 4 from Miscellaneous Connectors.IntLib
Replace Part R7 Res1 in F:\GIT\ROS-4x4-CAR-AI\Schema\v0.1\SteeringCircuit\SteeringCircuit\PowerFull_car_engineSteering.SchDoc with Res1 from Miscellaneous Devices.IntLib
Replace Part R8 Res1 in F:\GIT\ROS-4x4-CAR-AI\Schema\v0.1\SteeringCircuit\SteeringCircuit\PowerFull_car_engineSteering.SchDoc with Res1 from Miscellaneous Devices.IntLib
Replace Part R9 Res1 in F:\GIT\ROS-4x4-CAR-AI\Schema\v0.1\SteeringCircuit\SteeringCircuit\PowerFull_car_engineSteering.SchDoc with Res1 from Miscellaneous Devices.IntLib
Replace Part R10 Res1 in F:\GIT\ROS-4x4-CAR-AI\Schema\v0.1\SteeringCircuit\SteeringCircuit\PowerFull_car_engineSteering.SchDoc with Res1 from Miscellaneous Devices.IntLib
Replace Part R11 Res1 in F:\GIT\ROS-4x4-CAR-AI\Schema\v0.1\SteeringCircuit\SteeringCircuit\PowerFull_car_engineSteering.SchDoc with Res1 from Miscellaneous Devices.IntLib
Replace Part R12 Res1 in F:\GIT\ROS-4x4-CAR-AI\Schema\v0.1\SteeringCircuit\SteeringCircuit\PowerFull_car_engineSteering.SchDoc with Res1 from Miscellaneous Devices.IntLib
Replace Part R13 Res1 in F:\GIT\ROS-4x4-CAR-AI\Schema\v0.1\SteeringCircuit\SteeringCircuit\PowerFull_car_engineSteering.SchDoc with Res1 from Miscellaneous Devices.IntLib
Replace Part R14 Res1 in F:\GIT\ROS-4x4-CAR-AI\Schema\v0.1\SteeringCircuit\SteeringCircuit\PowerFull_car_engineSteering.SchDoc with Res1 from Miscellaneous Devices.IntLib
Replace Part R15 Res1 in F:\GIT\ROS-4x4-CAR-AI\Schema\v0.1\SteeringCircuit\SteeringCircuit\PowerFull_car_engineSteering.SchDoc with Res1 from Miscellaneous Devices.IntLib
Replace Part R16 Res1 in F:\GIT\ROS-4x4-CAR-AI\Schema\v0.1\SteeringCircuit\SteeringCircuit\PowerFull_car_engineSteering.SchDoc with Res1 from Miscellaneous Devices.IntLib
Replace Part R17 Res1 in F:\GIT\ROS-4x4-CAR-AI\Schema\v0.1\SteeringCircuit\SteeringCircuit\PowerFull_car_engineSteering.SchDoc with Res1 from Miscellaneous Devices.IntLib
Replace Part R18 Res1 in F:\GIT\ROS-4x4-CAR-AI\Schema\v0.1\SteeringCircuit\SteeringCircuit\PowerFull_car_engineSteering.SchDoc with Res1 from Miscellaneous Devices.IntLib
Replace Part R19 Res1 in F:\GIT\ROS-4x4-CAR-AI\Schema\v0.1\SteeringCircuit\SteeringCircuit\PowerFull_car_engineSteering.SchDoc with Res1 from Miscellaneous Devices.IntLib
Replace Part R20 Res1 in F:\GIT\ROS-4x4-CAR-AI\Schema\v0.1\SteeringCircuit\SteeringCircuit\PowerFull_car_engineSteering.SchDoc with Res1 from Miscellaneous Devices.IntLib
Replace Part R21 Res1 in F:\GIT\ROS-4x4-CAR-AI\Schema\v0.1\SteeringCircuit\SteeringCircuit\PowerFull_car_engineSteering.SchDoc with Res1 from Miscellaneous Devices.IntLib
Replace Part R22 Res1 in F:\GIT\ROS-4x4-CAR-AI\Schema\v0.1\SteeringCircuit\SteeringCircuit\PowerFull_car_engineSteering.SchDoc with Res1 from Miscellaneous Devices.IntLib
Replace Part R23 Res1 in F:\GIT\ROS-4x4-CAR-AI\Schema\v0.1\SteeringCircuit\SteeringCircuit\PowerFull_car_engineSteering.SchDoc with Res1 from Miscellaneous Devices.IntLib
Replace Part R24 Res1 in F:\GIT\ROS-4x4-CAR-AI\Schema\v0.1\SteeringCircuit\SteeringCircuit\PowerFull_car_engineSteering.SchDoc with Res1 from Miscellaneous Devices.IntLib
Replace Part R25 Res1 in F:\GIT\ROS-4x4-CAR-AI\Schema\v0.1\SteeringCircuit\SteeringCircuit\PowerFull_car_engineSteering.SchDoc with Res1 from Miscellaneous Devices.IntLib
