Change Component Physical Designator: Old Designator=* New Designator=*1_5V.1
Change Component Physical Designator: Old Designator=* New Designator=*1_DC.2
Change Component Physical Designator: Old Designator=* New Designator=*1_DC.3
Change Component Physical Designator: Old Designator=* New Designator=*1_DC.4
Change Component Physical Designator: Old Designator=* New Designator=*1_DC.5
Change Component Physical Designator: Old Designator=C New Designator=C1_5V.1
Change Component Physical Designator: Old Designator=C New Designator=C1_DC.2
Change Component Physical Designator: Old Designator=C New Designator=C1_DC.3
Change Component Physical Designator: Old Designator=C New Designator=C1_DC.4
Change Component Physical Designator: Old Designator=C New Designator=C1_DC.5
Change Component Physical Designator: Old Designator=C New Designator=C2_5V.1
Change Component Physical Designator: Old Designator=C New Designator=C2_DC.2
Change Component Physical Designator: Old Designator=C New Designator=C2_DC.3
Change Component Physical Designator: Old Designator=C New Designator=C2_DC.4
Change Component Physical Designator: Old Designator=C New Designator=C2_DC.5
Change Component Physical Designator: Old Designator=C New Designator=C3_5V.1
Change Component Physical Designator: Old Designator=C New Designator=C4_5V.1
Change Component Physical Designator: Old Designator=D New Designator=D1_m.6
Change Component Physical Designator: Old Designator=D New Designator=D2_m.6
Change Component Physical Designator: Old Designator=D New Designator=D3_m.6
Change Component Physical Designator: Old Designator=D New Designator=D4_m.6
Change Component Physical Designator: Old Designator=D New Designator=D5_m.6
Change Component Physical Designator: Old Designator=D New Designator=D6_m.6
Change Component Physical Designator: Old Designator=D New Designator=D7_m.6
Change Component Physical Designator: Old Designator=D New Designator=D8_m.6
Change Component Physical Designator: Old Designator=D New Designator=D9_m.6
Change Component Physical Designator: Old Designator=D New Designator=D10_m.6
Change Component Physical Designator: Old Designator=D New Designator=D11_m.6
Change Component Physical Designator: Old Designator=D New Designator=D12_m.6
Change Component Physical Designator: Old Designator=D New Designator=D13_m.6
Change Component Physical Designator: Old Designator=D New Designator=D14_m.6
Change Component Physical Designator: Old Designator=F New Designator=F1_m.6
Change Component Physical Designator: Old Designator=F New Designator=F2_m.6
Change Component Physical Designator: Old Designator=F New Designator=F3_m.6
Change Component Physical Designator: Old Designator=F New Designator=F4_m.6
Change Component Physical Designator: Old Designator=F New Designator=F5_m.6
Change Component Physical Designator: Old Designator=L New Designator=L1_5V.1
Change Component Physical Designator: Old Designator=P New Designator=P1_m.6
Change Component Physical Designator: Old Designator=P New Designator=P2_m.6
Change Component Physical Designator: Old Designator=P New Designator=P3_m.6
Change Component Physical Designator: Old Designator=P New Designator=P4_m.6
Change Component Physical Designator: Old Designator=P New Designator=P5_m.6
Change Component Physical Designator: Old Designator=P New Designator=P6_m.6
Change Component Physical Designator: Old Designator=P New Designator=P7_m.6
Change Component Physical Designator: Old Designator=P New Designator=P8_m.6
Change Component Physical Designator: Old Designator=P New Designator=P9_m.6
Change Component Physical Designator: Old Designator=P New Designator=P10_m.6
Change Component Physical Designator: Old Designator=P New Designator=P11_m.6
Change Component Physical Designator: Old Designator=R New Designator=R1_5V.1
Change Component Physical Designator: Old Designator=R New Designator=R1_DC.2
Change Component Physical Designator: Old Designator=R New Designator=R1_DC.3
Change Component Physical Designator: Old Designator=R New Designator=R1_DC.4
Change Component Physical Designator: Old Designator=R New Designator=R1_DC.5
Change Component Physical Designator: Old Designator=R New Designator=R1_m.6
Change Component Physical Designator: Old Designator=R New Designator=R2_5V.1
Change Component Physical Designator: Old Designator=R New Designator=R2_DC.2
Change Component Physical Designator: Old Designator=R New Designator=R2_DC.3
Change Component Physical Designator: Old Designator=R New Designator=R2_DC.4
Change Component Physical Designator: Old Designator=R New Designator=R2_DC.5
Change Component Physical Designator: Old Designator=R New Designator=R2_m.6
Change Component Physical Designator: Old Designator=R New Designator=R3_DC.2
Change Component Physical Designator: Old Designator=R New Designator=R3_DC.3
Change Component Physical Designator: Old Designator=R New Designator=R3_DC.4
Change Component Physical Designator: Old Designator=R New Designator=R3_DC.5
Change Component Physical Designator: Old Designator=R New Designator=R3_m.6
Change Component Physical Designator: Old Designator=R New Designator=R4_DC.2
Change Component Physical Designator: Old Designator=R New Designator=R4_DC.3
Change Component Physical Designator: Old Designator=R New Designator=R4_DC.4
Change Component Physical Designator: Old Designator=R New Designator=R4_DC.5
Change Component Physical Designator: Old Designator=R New Designator=R4_m.6
Change Component Physical Designator: Old Designator=R New Designator=R5_m.6
Change Component Physical Designator: Old Designator=R New Designator=R6_m.6
Change Component Physical Designator: Old Designator=R New Designator=R7_m.6
Change Component Physical Designator: Old Designator=R New Designator=R8_m.6
Change Component Physical Designator: Old Designator=R New Designator=R9_m.6
Change Component Physical Designator: Old Designator=R New Designator=R10_m.6
Change Component Physical Designator: Old Designator=R New Designator=R11_m.6
Change Component Physical Designator: Old Designator=R New Designator=R12_m.6
Change Component Physical Designator: Old Designator=R New Designator=R13_m.6
Change Component Physical Designator: Old Designator=R New Designator=R14_m.6
Change Component Physical Designator: Old Designator=R New Designator=R15_m.6
Change Component Physical Designator: Old Designator=R New Designator=R16_m.6
Change Component Physical Designator: Old Designator=R New Designator=R17_m.6
Change Component Physical Designator: Old Designator=R New Designator=R18_m.6
Change Component Physical Designator: Old Designator=R New Designator=R19_m.6
