Change Component Physical Designator: Old Designator=*1 New Designator=*1_5V
Change Component Physical Designator: Old Designator=*1_DC_U_DriverCircuit1 New Designator=*1_DC
Change Component Physical Designator: Old Designator=*1_DC_U_DriverCircuit2 New Designator=*1_DC
Change Component Physical Designator: Old Designator=*1_DC_U_DriverCircuit3 New Designator=*1_DC
Change Component Physical Designator: Old Designator=*1_DC_U_DriverCircuit4 New Designator=*1_DC
Change Component Physical Designator: Old Designator=C1_DC_U_DriverCircuit1 New Designator=C1_DC
Change Component Physical Designator: Old Designator=C1_DC_U_DriverCircuit2 New Designator=C1_DC
Change Component Physical Designator: Old Designator=C1_DC_U_DriverCircuit3 New Designator=C1_DC
Change Component Physical Designator: Old Designator=C1_DC_U_DriverCircuit4 New Designator=C1_DC
Change Component Physical Designator: Old Designator=C2_U_DriverCircuit1 New Designator=C2_DC
Change Component Physical Designator: Old Designator=C2_U_DriverCircuit2 New Designator=C2_DC
Change Component Physical Designator: Old Designator=C2_U_DriverCircuit3 New Designator=C2_DC
Change Component Physical Designator: Old Designator=C2_U_DriverCircuit4 New Designator=C2_DC
Change Component Physical Designator: Old Designator=C3 New Designator=C1_5V
Change Component Physical Designator: Old Designator=C4 New Designator=C2_5V
Change Component Physical Designator: Old Designator=C5 New Designator=C3_5V
Change Component Physical Designator: Old Designator=C6 New Designator=C4_5V
Change Component Physical Designator: Old Designator=D13 New Designator=D13_m
Change Component Physical Designator: Old Designator=D14 New Designator=D14_m
Change Component Physical Designator: Old Designator=F1 New Designator=F1_m
Change Component Physical Designator: Old Designator=F2 New Designator=F2_m
Change Component Physical Designator: Old Designator=F3 New Designator=F3_m
Change Component Physical Designator: Old Designator=F4 New Designator=F4_m
Change Component Physical Designator: Old Designator=F5 New Designator=F5_m
Change Component Physical Designator: Old Designator=L1 New Designator=L1_5V
Change Component Physical Designator: Old Designator=P1 New Designator=P1_m
Change Component Physical Designator: Old Designator=P2 New Designator=P2_m
Change Component Physical Designator: Old Designator=P3 New Designator=P3_m
Change Component Physical Designator: Old Designator=P4 New Designator=P4_m
Change Component Physical Designator: Old Designator=P5 New Designator=P9_m
Change Component Physical Designator: Old Designator=P6 New Designator=P5_m
Change Component Physical Designator: Old Designator=P7 New Designator=P6_m
Change Component Physical Designator: Old Designator=P8 New Designator=P7_m
Change Component Physical Designator: Old Designator=P9 New Designator=P8_m
Change Component Physical Designator: Old Designator=P10 New Designator=P10_m
Change Component Physical Designator: Old Designator=P11 New Designator=P11_m
Change Component Physical Designator: Old Designator=R1_U_DriverCircuit1 New Designator=R1_DC
Change Component Physical Designator: Old Designator=R1_U_DriverCircuit2 New Designator=R1_DC
Change Component Physical Designator: Old Designator=R1_U_DriverCircuit3 New Designator=R1_DC
Change Component Physical Designator: Old Designator=R1_U_DriverCircuit4 New Designator=R1_DC
Change Component Physical Designator: Old Designator=R2_U_DriverCircuit1 New Designator=R2_DC
Change Component Physical Designator: Old Designator=R2_U_DriverCircuit2 New Designator=R2_DC
Change Component Physical Designator: Old Designator=R2_U_DriverCircuit3 New Designator=R2_DC
Change Component Physical Designator: Old Designator=R2_U_DriverCircuit4 New Designator=R2_DC
Change Component Physical Designator: Old Designator=R3_U_DriverCircuit1 New Designator=R4_DC
Change Component Physical Designator: Old Designator=R3_U_DriverCircuit2 New Designator=R4_DC
Change Component Physical Designator: Old Designator=R3_U_DriverCircuit3 New Designator=R4_DC
Change Component Physical Designator: Old Designator=R3_U_DriverCircuit4 New Designator=R4_DC
Change Component Physical Designator: Old Designator=R4_U_DriverCircuit1 New Designator=R3_DC
Change Component Physical Designator: Old Designator=R4_U_DriverCircuit2 New Designator=R3_DC
Change Component Physical Designator: Old Designator=R4_U_DriverCircuit3 New Designator=R3_DC
Change Component Physical Designator: Old Designator=R4_U_DriverCircuit4 New Designator=R3_DC
Change Component Physical Designator: Old Designator=R5 New Designator=R1_5V
Change Component Physical Designator: Old Designator=R6 New Designator=R2_5V
Change Component Physical Designator: Old Designator=R7 New Designator=R1_m
Change Component Physical Designator: Old Designator=R8 New Designator=R2_m
Change Component Physical Designator: Old Designator=R9 New Designator=R3_m
Change Component Physical Designator: Old Designator=R10 New Designator=R4_m
Change Component Physical Designator: Old Designator=R11 New Designator=R5_m
Change Component Physical Designator: Old Designator=R12 New Designator=R6_m
Change Component Physical Designator: Old Designator=R13 New Designator=R7_m
Change Component Physical Designator: Old Designator=R14 New Designator=R8_m
Change Component Physical Designator: Old Designator=R15 New Designator=R9_m
Change Component Physical Designator: Old Designator=R16 New Designator=R10_m
Change Component Physical Designator: Old Designator=R17 New Designator=R11_m
Change Component Physical Designator: Old Designator=R18 New Designator=R12_m
Change Component Physical Designator: Old Designator=R19 New Designator=R13_m
Change Component Physical Designator: Old Designator=R20 New Designator=R14_m
Change Component Physical Designator: Old Designator=R21 New Designator=R15_m
Change Component Physical Designator: Old Designator=R22 New Designator=R16_m
Change Component Physical Designator: Old Designator=R23 New Designator=R17_m
Change Component Physical Designator: Old Designator=R24 New Designator=R18_m
Change Component Physical Designator: Old Designator=R25 New Designator=R19_m
