Change Component Physical Designator: Old Designator=*? New Designator=*1
Change Component Physical Designator: Old Designator=C? New Designator=C3
Change Component Physical Designator: Old Designator=C? New Designator=C4
Change Component Physical Designator: Old Designator=C? New Designator=C5
Change Component Physical Designator: Old Designator=C? New Designator=C6
Change Component Physical Designator: Old Designator=C?_U_DriverCircuit1 New Designator=C1_U_DriverCircuit1
Change Component Physical Designator: Old Designator=C?_U_DriverCircuit1 New Designator=C2_U_DriverCircuit1
Change Component Physical Designator: Old Designator=C?_U_DriverCircuit2 New Designator=C1_U_DriverCircuit2
Change Component Physical Designator: Old Designator=C?_U_DriverCircuit2 New Designator=C2_U_DriverCircuit2
Change Component Physical Designator: Old Designator=C?_U_DriverCircuit3 New Designator=C1_U_DriverCircuit3
Change Component Physical Designator: Old Designator=C?_U_DriverCircuit3 New Designator=C2_U_DriverCircuit3
Change Component Physical Designator: Old Designator=C?_U_DriverCircuit4 New Designator=C1_U_DriverCircuit4
Change Component Physical Designator: Old Designator=C?_U_DriverCircuit4 New Designator=C2_U_DriverCircuit4
Change Component Physical Designator: Old Designator=D? New Designator=D1
Change Component Physical Designator: Old Designator=D? New Designator=D2
Change Component Physical Designator: Old Designator=D? New Designator=D3
Change Component Physical Designator: Old Designator=D? New Designator=D4
Change Component Physical Designator: Old Designator=D? New Designator=D5
Change Component Physical Designator: Old Designator=D? New Designator=D6
Change Component Physical Designator: Old Designator=D? New Designator=D7
Change Component Physical Designator: Old Designator=D? New Designator=D8
Change Component Physical Designator: Old Designator=D? New Designator=D9
Change Component Physical Designator: Old Designator=D? New Designator=D10
Change Component Physical Designator: Old Designator=D? New Designator=D11
Change Component Physical Designator: Old Designator=D? New Designator=D12
Change Component Physical Designator: Old Designator=D? New Designator=D13
Change Component Physical Designator: Old Designator=D? New Designator=D14
Change Component Physical Designator: Old Designator=F? New Designator=F1
Change Component Physical Designator: Old Designator=F? New Designator=F2
Change Component Physical Designator: Old Designator=F? New Designator=F3
Change Component Physical Designator: Old Designator=F? New Designator=F4
Change Component Physical Designator: Old Designator=F? New Designator=F5
Change Component Physical Designator: Old Designator=FR?_U_DriverCircuit1 New Designator=FR1_U_DriverCircuit1
Change Component Physical Designator: Old Designator=FR?_U_DriverCircuit2 New Designator=FR1_U_DriverCircuit2
Change Component Physical Designator: Old Designator=FR?_U_DriverCircuit3 New Designator=FR1_U_DriverCircuit3
Change Component Physical Designator: Old Designator=FR?_U_DriverCircuit4 New Designator=FR1_U_DriverCircuit4
Change Component Physical Designator: Old Designator=L? New Designator=L1
Change Component Physical Designator: Old Designator=P? New Designator=P1
Change Component Physical Designator: Old Designator=P? New Designator=P2
Change Component Physical Designator: Old Designator=P? New Designator=P3
Change Component Physical Designator: Old Designator=P? New Designator=P4
Change Component Physical Designator: Old Designator=P? New Designator=P5
Change Component Physical Designator: Old Designator=P? New Designator=P6
Change Component Physical Designator: Old Designator=P? New Designator=P7
Change Component Physical Designator: Old Designator=P? New Designator=P8
Change Component Physical Designator: Old Designator=P? New Designator=P9
Change Component Physical Designator: Old Designator=P? New Designator=P10
Change Component Physical Designator: Old Designator=P? New Designator=P11
Change Component Physical Designator: Old Designator=R? New Designator=R5
Change Component Physical Designator: Old Designator=R? New Designator=R6
Change Component Physical Designator: Old Designator=R? New Designator=R7
Change Component Physical Designator: Old Designator=R? New Designator=R8
Change Component Physical Designator: Old Designator=R? New Designator=R9
Change Component Physical Designator: Old Designator=R? New Designator=R10
Change Component Physical Designator: Old Designator=R? New Designator=R11
Change Component Physical Designator: Old Designator=R? New Designator=R12
Change Component Physical Designator: Old Designator=R? New Designator=R13
Change Component Physical Designator: Old Designator=R? New Designator=R14
Change Component Physical Designator: Old Designator=R? New Designator=R15
Change Component Physical Designator: Old Designator=R? New Designator=R16
Change Component Physical Designator: Old Designator=R? New Designator=R17
Change Component Physical Designator: Old Designator=R? New Designator=R18
Change Component Physical Designator: Old Designator=R? New Designator=R19
Change Component Physical Designator: Old Designator=R? New Designator=R20
Change Component Physical Designator: Old Designator=R? New Designator=R21
Change Component Physical Designator: Old Designator=R? New Designator=R22
Change Component Physical Designator: Old Designator=R? New Designator=R23
Change Component Physical Designator: Old Designator=R? New Designator=R24
Change Component Physical Designator: Old Designator=R? New Designator=R25
Change Component Physical Designator: Old Designator=R?_U_DriverCircuit1 New Designator=R1_U_DriverCircuit1
Change Component Physical Designator: Old Designator=R?_U_DriverCircuit1 New Designator=R2_U_DriverCircuit1
Change Component Physical Designator: Old Designator=R?_U_DriverCircuit1 New Designator=R3_U_DriverCircuit1
Change Component Physical Designator: Old Designator=R?_U_DriverCircuit1 New Designator=R4_U_DriverCircuit1
Change Component Physical Designator: Old Designator=R?_U_DriverCircuit2 New Designator=R1_U_DriverCircuit2
Change Component Physical Designator: Old Designator=R?_U_DriverCircuit2 New Designator=R2_U_DriverCircuit2
Change Component Physical Designator: Old Designator=R?_U_DriverCircuit2 New Designator=R3_U_DriverCircuit2
Change Component Physical Designator: Old Designator=R?_U_DriverCircuit2 New Designator=R4_U_DriverCircuit2
Change Component Physical Designator: Old Designator=R?_U_DriverCircuit3 New Designator=R1_U_DriverCircuit3
Change Component Physical Designator: Old Designator=R?_U_DriverCircuit3 New Designator=R2_U_DriverCircuit3
Change Component Physical Designator: Old Designator=R?_U_DriverCircuit3 New Designator=R3_U_DriverCircuit3
Change Component Physical Designator: Old Designator=R?_U_DriverCircuit3 New Designator=R4_U_DriverCircuit3
Change Component Physical Designator: Old Designator=R?_U_DriverCircuit4 New Designator=R1_U_DriverCircuit4
Change Component Physical Designator: Old Designator=R?_U_DriverCircuit4 New Designator=R2_U_DriverCircuit4
Change Component Physical Designator: Old Designator=R?_U_DriverCircuit4 New Designator=R3_U_DriverCircuit4
Change Component Physical Designator: Old Designator=R?_U_DriverCircuit4 New Designator=R4_U_DriverCircuit4
