Change Component Physical Designator: Old Designator=*1_5V New Designator=Pin_Designator
Change Component Physical Designator: Old Designator=*1_DC New Designator=Pin_Designator
Change Component Physical Designator: Old Designator=*1_DC New Designator=Pin_Designator
Change Component Physical Designator: Old Designator=*1_DC New Designator=Pin_Designator
Change Component Physical Designator: Old Designator=*1_DC New Designator=Pin_Designator
Change Component Physical Designator: Old Designator=C1_5V New Designator=Pin_Designator
Change Component Physical Designator: Old Designator=C1_DC New Designator=Pin_Designator
Change Component Physical Designator: Old Designator=C1_DC New Designator=Pin_Designator
Change Component Physical Designator: Old Designator=C1_DC New Designator=Pin_Designator
Change Component Physical Designator: Old Designator=C1_DC New Designator=Pin_Designator
Change Component Physical Designator: Old Designator=C2_5V New Designator=Pin_Designator
Change Component Physical Designator: Old Designator=C2_DC New Designator=Pin_Designator
Change Component Physical Designator: Old Designator=C2_DC New Designator=Pin_Designator
Change Component Physical Designator: Old Designator=C2_DC New Designator=Pin_Designator
Change Component Physical Designator: Old Designator=C2_DC New Designator=Pin_Designator
Change Component Physical Designator: Old Designator=C3_5V New Designator=Pin_Designator
Change Component Physical Designator: Old Designator=C4_5V New Designator=Pin_Designator
Change Component Physical Designator: Old Designator=D1_m New Designator=Pin_Designator
Change Component Physical Designator: Old Designator=D2_m New Designator=Pin_Designator
Change Component Physical Designator: Old Designator=D3_m New Designator=Pin_Designator
Change Component Physical Designator: Old Designator=D4_m New Designator=Pin_Designator
Change Component Physical Designator: Old Designator=D5_m New Designator=Pin_Designator
Change Component Physical Designator: Old Designator=D6_m New Designator=Pin_Designator
Change Component Physical Designator: Old Designator=D7_m New Designator=Pin_Designator
Change Component Physical Designator: Old Designator=D8_m New Designator=Pin_Designator
Change Component Physical Designator: Old Designator=D9_m New Designator=Pin_Designator
Change Component Physical Designator: Old Designator=D10_m New Designator=Pin_Designator
Change Component Physical Designator: Old Designator=D11_m New Designator=Pin_Designator
Change Component Physical Designator: Old Designator=D12_m New Designator=Pin_Designator
Change Component Physical Designator: Old Designator=D13_m New Designator=Pin_Designator
Change Component Physical Designator: Old Designator=D14_m New Designator=Pin_Designator
Change Component Physical Designator: Old Designator=F1_m New Designator=Pin_Designator
Change Component Physical Designator: Old Designator=F2_m New Designator=Pin_Designator
Change Component Physical Designator: Old Designator=F3_m New Designator=Pin_Designator
Change Component Physical Designator: Old Designator=F4_m New Designator=Pin_Designator
Change Component Physical Designator: Old Designator=F5_m New Designator=Pin_Designator
Change Component Physical Designator: Old Designator=L1_5V New Designator=Pin_Designator
Change Component Physical Designator: Old Designator=P1_m New Designator=Pin_Designator
Change Component Physical Designator: Old Designator=P2_m New Designator=Pin_Designator
Change Component Physical Designator: Old Designator=P3_m New Designator=Pin_Designator
Change Component Physical Designator: Old Designator=P4_m New Designator=Pin_Designator
Change Component Physical Designator: Old Designator=P5_m New Designator=Pin_Designator
Change Component Physical Designator: Old Designator=P6_m New Designator=Pin_Designator
Change Component Physical Designator: Old Designator=P7_m New Designator=Pin_Designator
Change Component Physical Designator: Old Designator=P8_m New Designator=Pin_Designator
Change Component Physical Designator: Old Designator=P9_m New Designator=Pin_Designator
Change Component Physical Designator: Old Designator=P10_m New Designator=Pin_Designator
Change Component Physical Designator: Old Designator=P11_m New Designator=Pin_Designator
Change Component Physical Designator: Old Designator=R1_5V New Designator=Pin_Designator
Change Component Physical Designator: Old Designator=R1_DC New Designator=Pin_Designator
Change Component Physical Designator: Old Designator=R1_DC New Designator=Pin_Designator
Change Component Physical Designator: Old Designator=R1_DC New Designator=Pin_Designator
Change Component Physical Designator: Old Designator=R1_DC New Designator=Pin_Designator
Change Component Physical Designator: Old Designator=R1_m New Designator=Pin_Designator
Change Component Physical Designator: Old Designator=R2_5V New Designator=Pin_Designator
Change Component Physical Designator: Old Designator=R2_DC New Designator=Pin_Designator
Change Component Physical Designator: Old Designator=R2_DC New Designator=Pin_Designator
Change Component Physical Designator: Old Designator=R2_DC New Designator=Pin_Designator
Change Component Physical Designator: Old Designator=R2_DC New Designator=Pin_Designator
Change Component Physical Designator: Old Designator=R2_m New Designator=Pin_Designator
Change Component Physical Designator: Old Designator=R3_DC New Designator=Pin_Designator
Change Component Physical Designator: Old Designator=R3_DC New Designator=Pin_Designator
Change Component Physical Designator: Old Designator=R3_DC New Designator=Pin_Designator
Change Component Physical Designator: Old Designator=R3_DC New Designator=Pin_Designator
Change Component Physical Designator: Old Designator=R3_m New Designator=Pin_Designator
Change Component Physical Designator: Old Designator=R4_DC New Designator=Pin_Designator
Change Component Physical Designator: Old Designator=R4_DC New Designator=Pin_Designator
Change Component Physical Designator: Old Designator=R4_DC New Designator=Pin_Designator
Change Component Physical Designator: Old Designator=R4_DC New Designator=Pin_Designator
Change Component Physical Designator: Old Designator=R4_m New Designator=Pin_Designator
Change Component Physical Designator: Old Designator=R5_m New Designator=Pin_Designator
Change Component Physical Designator: Old Designator=R6_m New Designator=Pin_Designator
Change Component Physical Designator: Old Designator=R7_m New Designator=Pin_Designator
Change Component Physical Designator: Old Designator=R8_m New Designator=Pin_Designator
Change Component Physical Designator: Old Designator=R9_m New Designator=Pin_Designator
Change Component Physical Designator: Old Designator=R10_m New Designator=Pin_Designator
Change Component Physical Designator: Old Designator=R11_m New Designator=Pin_Designator
Change Component Physical Designator: Old Designator=R12_m New Designator=Pin_Designator
Change Component Physical Designator: Old Designator=R13_m New Designator=Pin_Designator
Change Component Physical Designator: Old Designator=R14_m New Designator=Pin_Designator
Change Component Physical Designator: Old Designator=R15_m New Designator=Pin_Designator
Change Component Physical Designator: Old Designator=R16_m New Designator=Pin_Designator
Change Component Physical Designator: Old Designator=R17_m New Designator=Pin_Designator
Change Component Physical Designator: Old Designator=R18_m New Designator=Pin_Designator
Change Component Physical Designator: Old Designator=R19_m New Designator=Pin_Designator
