Change Component Physical Designator: Old Designator=Pin_Designator New Designator=*
Change Component Physical Designator: Old Designator=Pin_Designator New Designator=*
Change Component Physical Designator: Old Designator=Pin_Designator New Designator=*
Change Component Physical Designator: Old Designator=Pin_Designator New Designator=*
Change Component Physical Designator: Old Designator=Pin_Designator New Designator=*
Change Component Physical Designator: Old Designator=Pin_Designator New Designator=C
Change Component Physical Designator: Old Designator=Pin_Designator New Designator=C
Change Component Physical Designator: Old Designator=Pin_Designator New Designator=C
Change Component Physical Designator: Old Designator=Pin_Designator New Designator=C
Change Component Physical Designator: Old Designator=Pin_Designator New Designator=C
Change Component Physical Designator: Old Designator=Pin_Designator New Designator=C
Change Component Physical Designator: Old Designator=Pin_Designator New Designator=C
Change Component Physical Designator: Old Designator=Pin_Designator New Designator=C
Change Component Physical Designator: Old Designator=Pin_Designator New Designator=C
Change Component Physical Designator: Old Designator=Pin_Designator New Designator=C
Change Component Physical Designator: Old Designator=Pin_Designator New Designator=C
Change Component Physical Designator: Old Designator=Pin_Designator New Designator=C
Change Component Physical Designator: Old Designator=Pin_Designator New Designator=D
Change Component Physical Designator: Old Designator=Pin_Designator New Designator=D
Change Component Physical Designator: Old Designator=Pin_Designator New Designator=D
Change Component Physical Designator: Old Designator=Pin_Designator New Designator=D
Change Component Physical Designator: Old Designator=Pin_Designator New Designator=D
Change Component Physical Designator: Old Designator=Pin_Designator New Designator=D
Change Component Physical Designator: Old Designator=Pin_Designator New Designator=D
Change Component Physical Designator: Old Designator=Pin_Designator New Designator=D
Change Component Physical Designator: Old Designator=Pin_Designator New Designator=D
Change Component Physical Designator: Old Designator=Pin_Designator New Designator=D
Change Component Physical Designator: Old Designator=Pin_Designator New Designator=D
Change Component Physical Designator: Old Designator=Pin_Designator New Designator=D
Change Component Physical Designator: Old Designator=Pin_Designator New Designator=D
Change Component Physical Designator: Old Designator=Pin_Designator New Designator=D
Change Component Physical Designator: Old Designator=Pin_Designator New Designator=F
Change Component Physical Designator: Old Designator=Pin_Designator New Designator=F
Change Component Physical Designator: Old Designator=Pin_Designator New Designator=F
Change Component Physical Designator: Old Designator=Pin_Designator New Designator=F
Change Component Physical Designator: Old Designator=Pin_Designator New Designator=F
Change Component Physical Designator: Old Designator=Pin_Designator New Designator=L
Change Component Physical Designator: Old Designator=Pin_Designator New Designator=P
Change Component Physical Designator: Old Designator=Pin_Designator New Designator=P
Change Component Physical Designator: Old Designator=Pin_Designator New Designator=P
Change Component Physical Designator: Old Designator=Pin_Designator New Designator=P
Change Component Physical Designator: Old Designator=Pin_Designator New Designator=P
Change Component Physical Designator: Old Designator=Pin_Designator New Designator=P
Change Component Physical Designator: Old Designator=Pin_Designator New Designator=P
Change Component Physical Designator: Old Designator=Pin_Designator New Designator=P
Change Component Physical Designator: Old Designator=Pin_Designator New Designator=P
Change Component Physical Designator: Old Designator=Pin_Designator New Designator=P
Change Component Physical Designator: Old Designator=Pin_Designator New Designator=P
Change Component Physical Designator: Old Designator=Pin_Designator New Designator=R
Change Component Physical Designator: Old Designator=Pin_Designator New Designator=R
Change Component Physical Designator: Old Designator=Pin_Designator New Designator=R
Change Component Physical Designator: Old Designator=Pin_Designator New Designator=R
Change Component Physical Designator: Old Designator=Pin_Designator New Designator=R
Change Component Physical Designator: Old Designator=Pin_Designator New Designator=R
Change Component Physical Designator: Old Designator=Pin_Designator New Designator=R
Change Component Physical Designator: Old Designator=Pin_Designator New Designator=R
Change Component Physical Designator: Old Designator=Pin_Designator New Designator=R
Change Component Physical Designator: Old Designator=Pin_Designator New Designator=R
Change Component Physical Designator: Old Designator=Pin_Designator New Designator=R
Change Component Physical Designator: Old Designator=Pin_Designator New Designator=R
Change Component Physical Designator: Old Designator=Pin_Designator New Designator=R
Change Component Physical Designator: Old Designator=Pin_Designator New Designator=R
Change Component Physical Designator: Old Designator=Pin_Designator New Designator=R
Change Component Physical Designator: Old Designator=Pin_Designator New Designator=R
Change Component Physical Designator: Old Designator=Pin_Designator New Designator=R
Change Component Physical Designator: Old Designator=Pin_Designator New Designator=R
Change Component Physical Designator: Old Designator=Pin_Designator New Designator=R
Change Component Physical Designator: Old Designator=Pin_Designator New Designator=R
Change Component Physical Designator: Old Designator=Pin_Designator New Designator=R
Change Component Physical Designator: Old Designator=Pin_Designator New Designator=R
Change Component Physical Designator: Old Designator=Pin_Designator New Designator=R
Change Component Physical Designator: Old Designator=Pin_Designator New Designator=R
Change Component Physical Designator: Old Designator=Pin_Designator New Designator=R
Change Component Physical Designator: Old Designator=Pin_Designator New Designator=R
Change Component Physical Designator: Old Designator=Pin_Designator New Designator=R
Change Component Physical Designator: Old Designator=Pin_Designator New Designator=R
Change Component Physical Designator: Old Designator=Pin_Designator New Designator=R
Change Component Physical Designator: Old Designator=Pin_Designator New Designator=R
Change Component Physical Designator: Old Designator=Pin_Designator New Designator=R
Change Component Physical Designator: Old Designator=Pin_Designator New Designator=R
Change Component Physical Designator: Old Designator=Pin_Designator New Designator=R
Change Component Physical Designator: Old Designator=Pin_Designator New Designator=R
Change Component Physical Designator: Old Designator=Pin_Designator New Designator=R
Change Component Physical Designator: Old Designator=Pin_Designator New Designator=R
Change Component Physical Designator: Old Designator=Pin_Designator New Designator=R
