/usr/bin/ld: CMakeFiles/talker_node.dir/src/talker_node.cpp.o: in function `main':
talker_node.cpp:(.text+0x95): undefined reference to `ros::init(int&, char**, std::__cxx11::basic_string<char, std::char_traits<char>, std::allocator<char> > const&, unsigned int)'
/usr/bin/ld: talker_node.cpp:(.text+0x127): undefined reference to `ros::NodeHandle::NodeHandle(std::__cxx11::basic_string<char, std::char_traits<char>, std::allocator<char> > const&, std::map<std::__cxx11::basic_string<char, std::char_traits<char>, std::allocator<char> >, std::__cxx11::basic_string<char, std::char_traits<char>, std::allocator<char> >, std::less<std::__cxx11::basic_string<char, std::char_traits<char>, std::allocator<char> > >, std::allocator<std::pair<std::__cxx11::basic_string<char, std::char_traits<char>, std::allocator<char> > const, std::__cxx11::basic_string<char, std::char_traits<char>, std::allocator<char> > > > > const&)'
/usr/bin/ld: talker_node.cpp:(.text+0x26f): undefined reference to `ros::console::g_initialized'
/usr/bin/ld: talker_node.cpp:(.text+0x27f): undefined reference to `ros::console::initialize()'
/usr/bin/ld: talker_node.cpp:(.text+0x2d8): undefined reference to `ros::console::initializeLogLocation(ros::console::LogLocation*, std::__cxx11::basic_string<char, std::char_traits<char>, std::allocator<char> > const&, ros::console::levels::Level)'
/usr/bin/ld: talker_node.cpp:(.text+0x31b): undefined reference to `ros::console::setLogLocationLevel(ros::console::LogLocation*, ros::console::levels::Level)'
/usr/bin/ld: talker_node.cpp:(.text+0x327): undefined reference to `ros::console::checkLogLocationEnabled(ros::console::LogLocation*)'
/usr/bin/ld: talker_node.cpp:(.text+0x38e): undefined reference to `ros::console::print(ros::console::FilterBase*, void*, ros::console::levels::Level, char const*, int, char const*, char const*, ...)'
/usr/bin/ld: talker_node.cpp:(.text+0x3b0): undefined reference to `ros::spinOnce()'
/usr/bin/ld: talker_node.cpp:(.text+0x4f8): undefined reference to `ros::Publisher::~Publisher()'
/usr/bin/ld: talker_node.cpp:(.text+0x507): undefined reference to `ros::NodeHandle::~NodeHandle()'
/usr/bin/ld: CMakeFiles/talker_node.dir/src/talker_node.cpp.o: in function `ros::Publisher ros::NodeHandle::advertise<std_msgs::String_<std::allocator<void> > >(std::__cxx11::basic_string<char, std::char_traits<char>, std::allocator<char> > const&, unsigned int, bool)':
talker_node.cpp:(.text._ZN3ros10NodeHandle9advertiseIN8std_msgs7String_ISaIvEEEEENS_9PublisherERKNSt7__cxx1112basic_stringIcSt11char_traitsIcESaIcEEEjb[_ZN3ros10NodeHandle9advertiseIN8std_msgs7String_ISaIvEEEEENS_9PublisherERKNSt7__cxx1112basic_stringIcSt11char_traitsIcESaIcEEEjb]+0x139): undefined reference to `ros::NodeHandle::advertise(ros::AdvertiseOptions&)'
/usr/bin/ld: CMakeFiles/talker_node.dir/src/talker_node.cpp.o: in function `void ros::Publisher::publish<std_msgs::String_<std::allocator<void> > >(std_msgs::String_<std::allocator<void> > const&) const':
talker_node.cpp:(.text._ZNK3ros9Publisher7publishIN8std_msgs7String_ISaIvEEEEEvRKT_[_ZNK3ros9Publisher7publishIN8std_msgs7String_ISaIvEEEEEvRKT_]+0x4b): undefined reference to `ros::console::g_initialized'
/usr/bin/ld: talker_node.cpp:(.text._ZNK3ros9Publisher7publishIN8std_msgs7String_ISaIvEEEEEvRKT_[_ZNK3ros9Publisher7publishIN8std_msgs7String_ISaIvEEEEEvRKT_]+0x5b): undefined reference to `ros::console::initialize()'
/usr/bin/ld: talker_node.cpp:(.text._ZNK3ros9Publisher7publishIN8std_msgs7String_ISaIvEEEEEvRKT_[_ZNK3ros9Publisher7publishIN8std_msgs7String_ISaIvEEEEEvRKT_]+0xae): undefined reference to `ros::console::initializeLogLocation(ros::console::LogLocation*, std::__cxx11::basic_string<char, std::char_traits<char>, std::allocator<char> > const&, ros::console::levels::Level)'
/usr/bin/ld: talker_node.cpp:(.text._ZNK3ros9Publisher7publishIN8std_msgs7String_ISaIvEEEEEvRKT_[_ZNK3ros9Publisher7publishIN8std_msgs7String_ISaIvEEEEEvRKT_]+0xee): undefined reference to `ros::console::setLogLocationLevel(ros::console::LogLocation*, ros::console::levels::Level)'
/usr/bin/ld: talker_node.cpp:(.text._ZNK3ros9Publisher7publishIN8std_msgs7String_ISaIvEEEEEvRKT_[_ZNK3ros9Publisher7publishIN8std_msgs7String_ISaIvEEEEEvRKT_]+0xfa): undefined reference to `ros::console::checkLogLocationEnabled(ros::console::LogLocation*)'
/usr/bin/ld: talker_node.cpp:(.text._ZNK3ros9Publisher7publishIN8std_msgs7String_ISaIvEEEEEvRKT_[_ZNK3ros9Publisher7publishIN8std_msgs7String_ISaIvEEEEEvRKT_]+0x160): undefined reference to `ros::console::print(ros::console::FilterBase*, void*, ros::console::levels::Level, char const*, int, char const*, char const*, ...)'
/usr/bin/ld: talker_node.cpp:(.text._ZNK3ros9Publisher7publishIN8std_msgs7String_ISaIvEEEEEvRKT_[_ZNK3ros9Publisher7publishIN8std_msgs7String_ISaIvEEEEEvRKT_]+0x16b): undefined reference to `ros::console::g_initialized'
/usr/bin/ld: talker_node.cpp:(.text._ZNK3ros9Publisher7publishIN8std_msgs7String_ISaIvEEEEEvRKT_[_ZNK3ros9Publisher7publishIN8std_msgs7String_ISaIvEEEEEvRKT_]+0x17b): undefined reference to `ros::console::initialize()'
/usr/bin/ld: talker_node.cpp:(.text._ZNK3ros9Publisher7publishIN8std_msgs7String_ISaIvEEEEEvRKT_[_ZNK3ros9Publisher7publishIN8std_msgs7String_ISaIvEEEEEvRKT_]+0x1ce): undefined reference to `ros::console::initializeLogLocation(ros::console::LogLocation*, std::__cxx11::basic_string<char, std::char_traits<char>, std::allocator<char> > const&, ros::console::levels::Level)'
/usr/bin/ld: talker_node.cpp:(.text._ZNK3ros9Publisher7publishIN8std_msgs7String_ISaIvEEEEEvRKT_[_ZNK3ros9Publisher7publishIN8std_msgs7String_ISaIvEEEEEvRKT_]+0x20e): undefined reference to `ros::console::setLogLocationLevel(ros::console::LogLocation*, ros::console::levels::Level)'
/usr/bin/ld: talker_node.cpp:(.text._ZNK3ros9Publisher7publishIN8std_msgs7String_ISaIvEEEEEvRKT_[_ZNK3ros9Publisher7publishIN8std_msgs7String_ISaIvEEEEEvRKT_]+0x21a): undefined reference to `ros::console::checkLogLocationEnabled(ros::console::LogLocation*)'
/usr/bin/ld: talker_node.cpp:(.text._ZNK3ros9Publisher7publishIN8std_msgs7String_ISaIvEEEEEvRKT_[_ZNK3ros9Publisher7publishIN8std_msgs7String_ISaIvEEEEEvRKT_]+0x272): undefined reference to `ros::console::print(ros::console::FilterBase*, void*, ros::console::levels::Level, char const*, int, char const*, char const*, ...)'
/usr/bin/ld: talker_node.cpp:(.text._ZNK3ros9Publisher7publishIN8std_msgs7String_ISaIvEEEEEvRKT_[_ZNK3ros9Publisher7publishIN8std_msgs7String_ISaIvEEEEEvRKT_]+0x27d): undefined reference to `ros::console::g_initialized'
/usr/bin/ld: talker_node.cpp:(.text._ZNK3ros9Publisher7publishIN8std_msgs7String_ISaIvEEEEEvRKT_[_ZNK3ros9Publisher7publishIN8std_msgs7String_ISaIvEEEEEvRKT_]+0x28d): undefined reference to `ros::console::initialize()'
/usr/bin/ld: talker_node.cpp:(.text._ZNK3ros9Publisher7publishIN8std_msgs7String_ISaIvEEEEEvRKT_[_ZNK3ros9Publisher7publishIN8std_msgs7String_ISaIvEEEEEvRKT_]+0x2e0): undefined reference to `ros::console::initializeLogLocation(ros::console::LogLocation*, std::__cxx11::basic_string<char, std::char_traits<char>, std::allocator<char> > const&, ros::console::levels::Level)'
/usr/bin/ld: talker_node.cpp:(.text._ZNK3ros9Publisher7publishIN8std_msgs7String_ISaIvEEEEEvRKT_[_ZNK3ros9Publisher7publishIN8std_msgs7String_ISaIvEEEEEvRKT_]+0x320): undefined reference to `ros::console::setLogLocationLevel(ros::console::LogLocation*, ros::console::levels::Level)'
/usr/bin/ld: talker_node.cpp:(.text._ZNK3ros9Publisher7publishIN8std_msgs7String_ISaIvEEEEEvRKT_[_ZNK3ros9Publisher7publishIN8std_msgs7String_ISaIvEEEEEvRKT_]+0x32c): undefined reference to `ros::console::checkLogLocationEnabled(ros::console::LogLocation*)'
/usr/bin/ld: talker_node.cpp:(.text._ZNK3ros9Publisher7publishIN8std_msgs7String_ISaIvEEEEEvRKT_[_ZNK3ros9Publisher7publishIN8std_msgs7String_ISaIvEEEEEvRKT_]+0x384): undefined reference to `ros::console::print(ros::console::FilterBase*, void*, ros::console::levels::Level, char const*, int, char const*, char const*, ...)'
/usr/bin/ld: talker_node.cpp:(.text._ZNK3ros9Publisher7publishIN8std_msgs7String_ISaIvEEEEEvRKT_[_ZNK3ros9Publisher7publishIN8std_msgs7String_ISaIvEEEEEvRKT_]+0x3a5): undefined reference to `ros::Publisher::Impl::isValid() const'
/usr/bin/ld: talker_node.cpp:(.text._ZNK3ros9Publisher7publishIN8std_msgs7String_ISaIvEEEEEvRKT_[_ZNK3ros9Publisher7publishIN8std_msgs7String_ISaIvEEEEEvRKT_]+0x3b7): undefined reference to `ros::console::g_initialized'
/usr/bin/ld: talker_node.cpp:(.text._ZNK3ros9Publisher7publishIN8std_msgs7String_ISaIvEEEEEvRKT_[_ZNK3ros9Publisher7publishIN8std_msgs7String_ISaIvEEEEEvRKT_]+0x3c7): undefined reference to `ros::console::initialize()'
/usr/bin/ld: talker_node.cpp:(.text._ZNK3ros9Publisher7publishIN8std_msgs7String_ISaIvEEEEEvRKT_[_ZNK3ros9Publisher7publishIN8std_msgs7String_ISaIvEEEEEvRKT_]+0x41a): undefined reference to `ros::console::initializeLogLocation(ros::console::LogLocation*, std::__cxx11::basic_string<char, std::char_traits<char>, std::allocator<char> > const&, ros::console::levels::Level)'
/usr/bin/ld: talker_node.cpp:(.text._ZNK3ros9Publisher7publishIN8std_msgs7String_ISaIvEEEEEvRKT_[_ZNK3ros9Publisher7publishIN8std_msgs7String_ISaIvEEEEEvRKT_]+0x45a): undefined reference to `ros::console::setLogLocationLevel(ros::console::LogLocation*, ros::console::levels::Level)'
/usr/bin/ld: talker_node.cpp:(.text._ZNK3ros9Publisher7publishIN8std_msgs7String_ISaIvEEEEEvRKT_[_ZNK3ros9Publisher7publishIN8std_msgs7String_ISaIvEEEEEvRKT_]+0x466): undefined reference to `ros::console::checkLogLocationEnabled(ros::console::LogLocation*)'
/usr/bin/ld: talker_node.cpp:(.text._ZNK3ros9Publisher7publishIN8std_msgs7String_ISaIvEEEEEvRKT_[_ZNK3ros9Publisher7publishIN8std_msgs7String_ISaIvEEEEEvRKT_]+0x4cc): undefined reference to `ros::console::print(ros::console::FilterBase*, void*, ros::console::levels::Level, char const*, int, char const*, char const*, ...)'
/usr/bin/ld: talker_node.cpp:(.text._ZNK3ros9Publisher7publishIN8std_msgs7String_ISaIvEEEEEvRKT_[_ZNK3ros9Publisher7publishIN8std_msgs7String_ISaIvEEEEEvRKT_]+0x4d7): undefined reference to `ros::console::g_initialized'
/usr/bin/ld: talker_node.cpp:(.text._ZNK3ros9Publisher7publishIN8std_msgs7String_ISaIvEEEEEvRKT_[_ZNK3ros9Publisher7publishIN8std_msgs7String_ISaIvEEEEEvRKT_]+0x4e7): undefined reference to `ros::console::initialize()'
/usr/bin/ld: talker_node.cpp:(.text._ZNK3ros9Publisher7publishIN8std_msgs7String_ISaIvEEEEEvRKT_[_ZNK3ros9Publisher7publishIN8std_msgs7String_ISaIvEEEEEvRKT_]+0x53a): undefined reference to `ros::console::initializeLogLocation(ros::console::LogLocation*, std::__cxx11::basic_string<char, std::char_traits<char>, std::allocator<char> > const&, ros::console::levels::Level)'
/usr/bin/ld: talker_node.cpp:(.text._ZNK3ros9Publisher7publishIN8std_msgs7String_ISaIvEEEEEvRKT_[_ZNK3ros9Publisher7publishIN8std_msgs7String_ISaIvEEEEEvRKT_]+0x57a): undefined reference to `ros::console::setLogLocationLevel(ros::console::LogLocation*, ros::console::levels::Level)'
/usr/bin/ld: talker_node.cpp:(.text._ZNK3ros9Publisher7publishIN8std_msgs7String_ISaIvEEEEEvRKT_[_ZNK3ros9Publisher7publishIN8std_msgs7String_ISaIvEEEEEvRKT_]+0x586): undefined reference to `ros::console::checkLogLocationEnabled(ros::console::LogLocation*)'
/usr/bin/ld: talker_node.cpp:(.text._ZNK3ros9Publisher7publishIN8std_msgs7String_ISaIvEEEEEvRKT_[_ZNK3ros9Publisher7publishIN8std_msgs7String_ISaIvEEEEEvRKT_]+0x5f5): undefined reference to `ros::console::print(ros::console::FilterBase*, void*, ros::console::levels::Level, char const*, int, char const*, char const*, ...)'
/usr/bin/ld: talker_node.cpp:(.text._ZNK3ros9Publisher7publishIN8std_msgs7String_ISaIvEEEEEvRKT_[_ZNK3ros9Publisher7publishIN8std_msgs7String_ISaIvEEEEEvRKT_]+0x600): undefined reference to `ros::console::g_initialized'
/usr/bin/ld: talker_node.cpp:(.text._ZNK3ros9Publisher7publishIN8std_msgs7String_ISaIvEEEEEvRKT_[_ZNK3ros9Publisher7publishIN8std_msgs7String_ISaIvEEEEEvRKT_]+0x610): undefined reference to `ros::console::initialize()'
/usr/bin/ld: talker_node.cpp:(.text._ZNK3ros9Publisher7publishIN8std_msgs7String_ISaIvEEEEEvRKT_[_ZNK3ros9Publisher7publishIN8std_msgs7String_ISaIvEEEEEvRKT_]+0x663): undefined reference to `ros::console::initializeLogLocation(ros::console::LogLocation*, std::__cxx11::basic_string<char, std::char_traits<char>, std::allocator<char> > const&, ros::console::levels::Level)'
/usr/bin/ld: talker_node.cpp:(.text._ZNK3ros9Publisher7publishIN8std_msgs7String_ISaIvEEEEEvRKT_[_ZNK3ros9Publisher7publishIN8std_msgs7String_ISaIvEEEEEvRKT_]+0x6a3): undefined reference to `ros::console::setLogLocationLevel(ros::console::LogLocation*, ros::console::levels::Level)'
/usr/bin/ld: talker_node.cpp:(.text._ZNK3ros9Publisher7publishIN8std_msgs7String_ISaIvEEEEEvRKT_[_ZNK3ros9Publisher7publishIN8std_msgs7String_ISaIvEEEEEvRKT_]+0x6af): undefined reference to `ros::console::checkLogLocationEnabled(ros::console::LogLocation*)'
/usr/bin/ld: talker_node.cpp:(.text._ZNK3ros9Publisher7publishIN8std_msgs7String_ISaIvEEEEEvRKT_[_ZNK3ros9Publisher7publishIN8std_msgs7String_ISaIvEEEEEvRKT_]+0x707): undefined reference to `ros::console::print(ros::console::FilterBase*, void*, ros::console::levels::Level, char const*, int, char const*, char const*, ...)'
/usr/bin/ld: talker_node.cpp:(.text._ZNK3ros9Publisher7publishIN8std_msgs7String_ISaIvEEEEEvRKT_[_ZNK3ros9Publisher7publishIN8std_msgs7String_ISaIvEEEEEvRKT_]+0x81e): undefined reference to `ros::console::g_initialized'
/usr/bin/ld: talker_node.cpp:(.text._ZNK3ros9Publisher7publishIN8std_msgs7String_ISaIvEEEEEvRKT_[_ZNK3ros9Publisher7publishIN8std_msgs7String_ISaIvEEEEEvRKT_]+0x82e): undefined reference to `ros::console::initialize()'
/usr/bin/ld: talker_node.cpp:(.text._ZNK3ros9Publisher7publishIN8std_msgs7String_ISaIvEEEEEvRKT_[_ZNK3ros9Publisher7publishIN8std_msgs7String_ISaIvEEEEEvRKT_]+0x881): undefined reference to `ros::console::initializeLogLocation(ros::console::LogLocation*, std::__cxx11::basic_string<char, std::char_traits<char>, std::allocator<char> > const&, ros::console::levels::Level)'
/usr/bin/ld: talker_node.cpp:(.text._ZNK3ros9Publisher7publishIN8std_msgs7String_ISaIvEEEEEvRKT_[_ZNK3ros9Publisher7publishIN8std_msgs7String_ISaIvEEEEEvRKT_]+0x8c1): undefined reference to `ros::console::setLogLocationLevel(ros::console::LogLocation*, ros::console::levels::Level)'
/usr/bin/ld: talker_node.cpp:(.text._ZNK3ros9Publisher7publishIN8std_msgs7String_ISaIvEEEEEvRKT_[_ZNK3ros9Publisher7publishIN8std_msgs7String_ISaIvEEEEEvRKT_]+0x8cd): undefined reference to `ros::console::checkLogLocationEnabled(ros::console::LogLocation*)'
/usr/bin/ld: talker_node.cpp:(.text._ZNK3ros9Publisher7publishIN8std_msgs7String_ISaIvEEEEEvRKT_[_ZNK3ros9Publisher7publishIN8std_msgs7String_ISaIvEEEEEvRKT_]+0x933): undefined reference to `ros::console::print(ros::console::FilterBase*, void*, ros::console::levels::Level, char const*, int, char const*, char const*, ...)'
/usr/bin/ld: talker_node.cpp:(.text._ZNK3ros9Publisher7publishIN8std_msgs7String_ISaIvEEEEEvRKT_[_ZNK3ros9Publisher7publishIN8std_msgs7String_ISaIvEEEEEvRKT_]+0x93e): undefined reference to `ros::console::g_initialized'
/usr/bin/ld: talker_node.cpp:(.text._ZNK3ros9Publisher7publishIN8std_msgs7String_ISaIvEEEEEvRKT_[_ZNK3ros9Publisher7publishIN8std_msgs7String_ISaIvEEEEEvRKT_]+0x94e): undefined reference to `ros::console::initialize()'
/usr/bin/ld: talker_node.cpp:(.text._ZNK3ros9Publisher7publishIN8std_msgs7String_ISaIvEEEEEvRKT_[_ZNK3ros9Publisher7publishIN8std_msgs7String_ISaIvEEEEEvRKT_]+0x9a1): undefined reference to `ros::console::initializeLogLocation(ros::console::LogLocation*, std::__cxx11::basic_string<char, std::char_traits<char>, std::allocator<char> > const&, ros::console::levels::Level)'
/usr/bin/ld: talker_node.cpp:(.text._ZNK3ros9Publisher7publishIN8std_msgs7String_ISaIvEEEEEvRKT_[_ZNK3ros9Publisher7publishIN8std_msgs7String_ISaIvEEEEEvRKT_]+0x9e1): undefined reference to `ros::console::setLogLocationLevel(ros::console::LogLocation*, ros::console::levels::Level)'
/usr/bin/ld: talker_node.cpp:(.text._ZNK3ros9Publisher7publishIN8std_msgs7String_ISaIvEEEEEvRKT_[_ZNK3ros9Publisher7publishIN8std_msgs7String_ISaIvEEEEEvRKT_]+0x9ed): undefined reference to `ros::console::checkLogLocationEnabled(ros::console::LogLocation*)'
/usr/bin/ld: talker_node.cpp:(.text._ZNK3ros9Publisher7publishIN8std_msgs7String_ISaIvEEEEEvRKT_[_ZNK3ros9Publisher7publishIN8std_msgs7String_ISaIvEEEEEvRKT_]+0xaaf): undefined reference to `ros::console::print(ros::console::FilterBase*, void*, ros::console::levels::Level, char const*, int, char const*, char const*, ...)'
/usr/bin/ld: talker_node.cpp:(.text._ZNK3ros9Publisher7publishIN8std_msgs7String_ISaIvEEEEEvRKT_[_ZNK3ros9Publisher7publishIN8std_msgs7String_ISaIvEEEEEvRKT_]+0xaba): undefined reference to `ros::console::g_initialized'
/usr/bin/ld: talker_node.cpp:(.text._ZNK3ros9Publisher7publishIN8std_msgs7String_ISaIvEEEEEvRKT_[_ZNK3ros9Publisher7publishIN8std_msgs7String_ISaIvEEEEEvRKT_]+0xaca): undefined reference to `ros::console::initialize()'
/usr/bin/ld: talker_node.cpp:(.text._ZNK3ros9Publisher7publishIN8std_msgs7String_ISaIvEEEEEvRKT_[_ZNK3ros9Publisher7publishIN8std_msgs7String_ISaIvEEEEEvRKT_]+0xb1d): undefined reference to `ros::console::initializeLogLocation(ros::console::LogLocation*, std::__cxx11::basic_string<char, std::char_traits<char>, std::allocator<char> > const&, ros::console::levels::Level)'
/usr/bin/ld: talker_node.cpp:(.text._ZNK3ros9Publisher7publishIN8std_msgs7String_ISaIvEEEEEvRKT_[_ZNK3ros9Publisher7publishIN8std_msgs7String_ISaIvEEEEEvRKT_]+0xb5d): undefined reference to `ros::console::setLogLocationLevel(ros::console::LogLocation*, ros::console::levels::Level)'
/usr/bin/ld: talker_node.cpp:(.text._ZNK3ros9Publisher7publishIN8std_msgs7String_ISaIvEEEEEvRKT_[_ZNK3ros9Publisher7publishIN8std_msgs7String_ISaIvEEEEEvRKT_]+0xb69): undefined reference to `ros::console::checkLogLocationEnabled(ros::console::LogLocation*)'
/usr/bin/ld: talker_node.cpp:(.text._ZNK3ros9Publisher7publishIN8std_msgs7String_ISaIvEEEEEvRKT_[_ZNK3ros9Publisher7publishIN8std_msgs7String_ISaIvEEEEEvRKT_]+0xbc1): undefined reference to `ros::console::print(ros::console::FilterBase*, void*, ros::console::levels::Level, char const*, int, char const*, char const*, ...)'
/usr/bin/ld: talker_node.cpp:(.text._ZNK3ros9Publisher7publishIN8std_msgs7String_ISaIvEEEEEvRKT_[_ZNK3ros9Publisher7publishIN8std_msgs7String_ISaIvEEEEEvRKT_]+0xc55): undefined reference to `ros::Publisher::publish(boost::function<ros::SerializedMessage ()> const&, ros::SerializedMessage&) const'
collect2: error: ld returned 1 exit status
make[2]: *** [CMakeFiles/talker_node.dir/build.make:91: /home/mondi/catkin_ws/devel/.private/talker/lib/talker/talker_node] Error 1
make[1]: *** [CMakeFiles/Makefile2:149: CMakeFiles/talker_node.dir/all] Error 2
make: *** [Makefile:141: all] Error 2
