Not searching for unused variables given on the command line.
[36m--[0m Using CATKIN_DEVEL_PREFIX: /home/pi/catkin_ws/devel/.private/image_view
[36m--[0m Using CMAKE_PREFIX_PATH: /home/pi/catkin_ws/devel;/opt/ros/noetic
[36m--[0m This workspace overlays: /home/pi/catkin_ws/devel;/opt/ros/noetic
[36m--[0m Found PythonInterp: /usr/bin/python3 (found suitable version "3.7.3", minimum required is "3")
[36m--[0m Using PYTHON_EXECUTABLE: /usr/bin/python3
[36m--[0m Using Debian Python package layout
[36m--[0m Using empy: /usr/lib/python3/dist-packages/em.py
[36m--[0m Using CATKIN_ENABLE_TESTING: ON
[36m--[0m Call enable_testing()
[36m--[0m Using CATKIN_TEST_RESULTS_DIR: /home/pi/catkin_ws/build/image_view/test_results
[36m--[0m Forcing gtest/gmock from source, though one was otherwise available.
[36m--[0m Found gtest sources under '/usr/src/googletest': gtests will be built
[36m--[0m Found gmock sources under '/usr/src/googletest': gmock will be built
[36m--[0m Found PythonInterp: /usr/bin/python3 (found version "3.7.3")
[36m--[0m Using Python nosetests: /usr/bin/nosetests3
[36m--[0m catkin 0.8.9
[36m--[0m BUILD_SHARED_LIBS is on
[36m--[0m Using these message generators: gencpp;geneus;genlisp;gennodejs;genpy
[36m--[0m Boost version: 1.67.0
[36m--[0m Found the following Boost libraries:
[36m--[0m   thread
[36m--[0m   chrono
[36m--[0m   system
[36m--[0m   date_time
[36m--[0m   atomic
[36m--[0m Checking for module 'gtk+-3.0'
[36m--[0m   No package 'gtk+-3.0' found
[31m[1mCMake Error[0m at /usr/share/cmake-3.13/Modules/FindPkgConfig.cmake:452 (message):
  A required package was not found
[36mCall Stack (most recent call first):[0m
  /usr/share/cmake-3.13/Modules/FindPkgConfig.cmake:622 (_pkg_check_modules_internal)
  CMakeLists.txt:42 (pkg_check_modules)


[36m--[0m Configuring incomplete, errors occurred!
See also "/home/pi/catkin_ws/build/image_view/CMakeFiles/CMakeOutput.log".
See also "/home/pi/catkin_ws/build/image_view/CMakeFiles/CMakeError.log".
